#
# A fatal error has been detected by the Java Runtime Environment:
#
#  EXCEPTION_ACCESS_VIOLATION (0xc0000005) at pc=0x00007ffafdb3b228, pid=12620, tid=12960
#
# JRE version: Java(TM) SE Runtime Environment (17.0.5+9) (build 17.0.5+9-LTS-191)
# Java VM: Java HotSpot(TM) 64-Bit Server VM (17.0.5+9-LTS-191, mixed mode, emulated-client, sharing, tiered, compressed oops, compressed class ptrs, g1 gc, windows-amd64)
# Problematic frame:
# V  [jvm.dll+0x23b228]
#
# No core dump will be written. Minidumps are not enabled by default on client versions of Windows
#
# If you would like to submit a bug report, please visit:
#   https://bugreport.java.com/bugreport/crash.jsp
#

---------------  S U M M A R Y ------------

Command Line: -javaagent:C:\Users\BUDE\.IntelliJIdea2019.2\system\testAgent\intellij-coverage-agent-1.0.508.jar=C:\Users\BUDE\AppData\Local\Temp\coverageargs -XX:TieredStopAtLevel=1 -Xverify:none -Dspring.output.ansi.enabled=always -Dcom.sun.management.jmxremote -Dspring.jmx.enabled=true -Dspring.liveBeansView.mbeanDomain -Dspring.application.admin.enabled=true -Didea.launcher.port=54582 -Didea.launcher.bin.path=C:\Program Files\JetBrains\IntelliJ IDEA 2019.2\bin -Dfile.encoding=UTF-8 com.intellij.rt.execution.application.AppMainV2 bude.e_commerce1.ECommerce1Application

Host: Intel(R) Core(TM) i7-8650U CPU @ 1.90GHz, 8 cores, 15G,  Windows 10 , 64 bit Build 19041 (10.0.19041.3636)
Time: Tue Dec 12 18:18:35 2023 Romance Standard Time elapsed time: 0.754117 seconds (0d 0h 0m 0s)

---------------  T H R E A D  ---------------

Current thread (0x00000255ae9cd840):  JavaThread "main" [_thread_in_vm, id=12960, stack(0x000000705bf00000,0x000000705c000000)]

Stack: [0x000000705bf00000,0x000000705c000000],  sp=0x000000705bff9f58,  free space=999k
Native frames: (J=compiled Java code, j=interpreted, Vv=VM code, C=native code)
V  [jvm.dll+0x23b228]

Java frames: (J=compiled Java code, j=interpreted, Vv=VM code)
J 1483  java.lang.ClassLoader.defineClass1(Ljava/lang/ClassLoader;Ljava/lang/String;[BIILjava/security/ProtectionDomain;Ljava/lang/String;)Ljava/lang/Class; java.base@17.0.5 (0 bytes) @ 0x00000255b7f2f863 [0x00000255b7f2f7a0+0x00000000000000c3]
j  java.lang.ClassLoader.defineClass(Ljava/lang/String;[BIILjava/security/ProtectionDomain;)Ljava/lang/Class;+27 java.base@17.0.5
J 1506 c1 jdk.internal.loader.BuiltinClassLoader.defineClass(Ljava/lang/String;Ljdk/internal/loader/Resource;)Ljava/lang/Class; java.base@17.0.5 (121 bytes) @ 0x00000255b7f3a074 [0x00000255b7f39ba0+0x00000000000004d4]
J 1485 c1 jdk.internal.loader.BuiltinClassLoader.findClassOnClassPathOrNull(Ljava/lang/String;)Ljava/lang/Class; java.base@17.0.5 (64 bytes) @ 0x00000255b7f307c4 [0x00000255b7f30500+0x00000000000002c4]
J 1284 c1 jdk.internal.loader.BuiltinClassLoader.loadClassOrNull(Ljava/lang/String;Z)Ljava/lang/Class; java.base@17.0.5 (143 bytes) @ 0x00000255b7ed7184 [0x00000255b7ed6d00+0x0000000000000484]
J 1386 c1 jdk.internal.loader.ClassLoaders$AppClassLoader.loadClass(Ljava/lang/String;Z)Ljava/lang/Class; java.base@17.0.5 (40 bytes) @ 0x00000255b7f0462c [0x00000255b7f044e0+0x000000000000014c]
J 1380 c1 java.lang.ClassLoader.loadClass(Ljava/lang/String;)Ljava/lang/Class; java.base@17.0.5 (7 bytes) @ 0x00000255b7f03164 [0x00000255b7f03120+0x0000000000000044]
v  ~StubRoutines::call_stub
j  org.springframework.core.annotation.IntrospectionFailureLogger.<clinit>()V+13
v  ~StubRoutines::call_stub
j  org.springframework.core.annotation.AnnotationTypeMappings.<clinit>()V+13
v  ~StubRoutines::call_stub
j  org.springframework.core.annotation.TypeMappedAnnotations$MergedAnnotationFinder.process(Ljava/lang/Object;ILjava/lang/Object;Ljava/lang/annotation/Annotation;)Lorg/springframework/core/annotation/MergedAnnotation;+105
j  org.springframework.core.annotation.TypeMappedAnnotations$MergedAnnotationFinder.doWithAnnotations(Ljava/lang/Object;ILjava/lang/Object;[Ljava/lang/annotation/Annotation;)Lorg/springframework/core/annotation/MergedAnnotation;+85
j  org.springframework.core.annotation.TypeMappedAnnotations$MergedAnnotationFinder.doWithAnnotations(Ljava/lang/Object;ILjava/lang/Object;[Ljava/lang/annotation/Annotation;)Ljava/lang/Object;+6
j  org.springframework.core.annotation.AnnotationsScanner.processClassHierarchy(Ljava/lang/Object;[ILjava/lang/Class;Lorg/springframework/core/annotation/AnnotationsProcessor;ZLjava/util/function/Predicate;)Ljava/lang/Object;+107
j  org.springframework.core.annotation.AnnotationsScanner.processClassHierarchy(Ljava/lang/Object;Ljava/lang/Class;Lorg/springframework/core/annotation/AnnotationsProcessor;ZLjava/util/function/Predicate;)Ljava/lang/Object;+28
j  org.springframework.core.annotation.AnnotationsScanner.processClass(Ljava/lang/Object;Ljava/lang/Class;Lorg/springframework/core/annotation/MergedAnnotations$SearchStrategy;Ljava/util/function/Predicate;Lorg/springframework/core/annotation/AnnotationsProcessor;)Ljava/lang/Object;+133
j  org.springframework.core.annotation.AnnotationsScanner.process(Ljava/lang/Object;Ljava/lang/reflect/AnnotatedElement;Lorg/springframework/core/annotation/MergedAnnotations$SearchStrategy;Ljava/util/function/Predicate;Lorg/springframework/core/annotation/AnnotationsProcessor;)Ljava/lang/Object;+43
j  org.springframework.core.annotation.AnnotationsScanner.scan(Ljava/lang/Object;Ljava/lang/reflect/AnnotatedElement;Lorg/springframework/core/annotation/MergedAnnotations$SearchStrategy;Ljava/util/function/Predicate;Lorg/springframework/core/annotation/AnnotationsProcessor;)Ljava/lang/Object;+21
j  org.springframework.core.annotation.TypeMappedAnnotations.scan(Ljava/lang/Object;Lorg/springframework/core/annotation/AnnotationsProcessor;)Ljava/lang/Object;+103
j  org.springframework.core.annotation.TypeMappedAnnotations.get(Ljava/lang/Class;Ljava/util/function/Predicate;Lorg/springframework/core/annotation/MergedAnnotationSelector;)Lorg/springframework/core/annotation/MergedAnnotation;+61
j  org.springframework.core.annotation.TypeMappedAnnotations.get(Ljava/lang/Class;)Lorg/springframework/core/annotation/MergedAnnotation;+17
j  org.springframework.core.annotation.OrderUtils.findOrder(Lorg/springframework/core/annotation/MergedAnnotations;)Ljava/lang/Integer;+16
j  org.springframework.core.annotation.OrderUtils.getOrderFromAnnotations(Ljava/lang/reflect/AnnotatedElement;Lorg/springframework/core/annotation/MergedAnnotations;)Ljava/lang/Integer;+95
j  org.springframework.core.annotation.AnnotationAwareOrderComparator.findOrderFromAnnotation(Ljava/lang/Object;)Ljava/lang/Integer;+58
j  org.springframework.core.annotation.AnnotationAwareOrderComparator.findOrder(Ljava/lang/Object;)Ljava/lang/Integer;+48
j  org.springframework.core.OrderComparator.getOrder(Ljava/lang/Object;)I+26
j  org.springframework.core.OrderComparator.getOrder(Ljava/lang/Object;Lorg/springframework/core/OrderComparator$OrderSourceProvider;)I+203
j  org.springframework.core.OrderComparator.doCompare(Ljava/lang/Object;Ljava/lang/Object;Lorg/springframework/core/OrderComparator$OrderSourceProvider;)I+102
j  org.springframework.core.OrderComparator.compare(Ljava/lang/Object;Ljava/lang/Object;)I+17
j  java.util.TimSort.countRunAndMakeAscending([Ljava/lang/Object;IILjava/util/Comparator;)I+43 java.base@17.0.5
j  java.util.TimSort.sort([Ljava/lang/Object;IILjava/util/Comparator;[Ljava/lang/Object;II)V+60 java.base@17.0.5
j  java.util.Arrays.sort([Ljava/lang/Object;IILjava/util/Comparator;)V+43 java.base@17.0.5
j  java.util.ArrayList.sort(Ljava/util/Comparator;)V+15 java.base@17.0.5
j  org.springframework.core.annotation.AnnotationAwareOrderComparator.sort(Ljava/util/List;)V+34
j  org.springframework.core.io.support.SpringFactoriesLoader.load(Ljava/lang/Class;Lorg/springframework/core/io/support/SpringFactoriesLoader$ArgumentResolver;Lorg/springframework/core/io/support/SpringFactoriesLoader$FailureHandler;)Ljava/util/List;+219
j  org.springframework.core.io.support.SpringFactoriesLoader.load(Ljava/lang/Class;)Ljava/util/List;+17
j  org.springframework.core.io.support.SpringFactoriesLoader.loadFactories(Ljava/lang/Class;Ljava/lang/ClassLoader;)Ljava/util/List;+18
j  org.springframework.boot.logging.LoggingSystemFactory.lambda$fromSpringFactories$0(Ljava/lang/ClassLoader;)Ljava/util/List;+16
j  org.springframework.boot.logging.LoggingSystemFactory$$Lambda$144+0x0000000800cf23e8.apply(Ljava/lang/Object;)Ljava/lang/Object;+4
j  org.springframework.boot.logging.DelegatingLoggingSystemFactory.getLoggingSystem(Ljava/lang/ClassLoader;)Lorg/springframework/boot/logging/LoggingSystem;+25
j  org.springframework.boot.logging.LoggingSystem.get(Ljava/lang/ClassLoader;)Lorg/springframework/boot/logging/LoggingSystem;+89
j  org.springframework.boot.context.logging.LoggingApplicationListener.onApplicationStartingEvent(Lorg/springframework/boot/context/event/ApplicationStartingEvent;)V+21
j  org.springframework.boot.context.logging.LoggingApplicationListener.onApplicationEvent(Lorg/springframework/context/ApplicationEvent;)V+34
j  org.springframework.context.event.SimpleApplicationEventMulticaster.doInvokeListener(Lorg/springframework/context/ApplicationListener;Lorg/springframework/context/ApplicationEvent;)V+15
j  org.springframework.context.event.SimpleApplicationEventMulticaster.invokeListener(Lorg/springframework/context/ApplicationListener;Lorg/springframework/context/ApplicationEvent;)V+99
j  org.springframework.context.event.SimpleApplicationEventMulticaster.multicastEvent(Lorg/springframework/context/ApplicationEvent;Lorg/springframework/core/ResolvableType;)V+133
j  org.springframework.context.event.SimpleApplicationEventMulticaster.multicastEvent(Lorg/springframework/context/ApplicationEvent;)V+20
j  org.springframework.boot.context.event.EventPublishingRunListener.multicastInitialEvent(Lorg/springframework/context/ApplicationEvent;)V+29
j  org.springframework.boot.context.event.EventPublishingRunListener.starting(Lorg/springframework/boot/ConfigurableBootstrapContext;)V+30
j  org.springframework.boot.SpringApplicationRunListeners.lambda$starting$0(Lorg/springframework/boot/ConfigurableBootstrapContext;Lorg/springframework/boot/SpringApplicationRunListener;)V+15
j  org.springframework.boot.SpringApplicationRunListeners$$Lambda$141+0x0000000800cecc00.accept(Ljava/lang/Object;)V+8
j  java.lang.Iterable.forEach(Ljava/util/function/Consumer;)V+30 java.base@17.0.5
j  org.springframework.boot.SpringApplicationRunListeners.doWithListeners(Ljava/lang/String;Ljava/util/function/Consumer;Ljava/util/function/Consumer;)V+40
j  org.springframework.boot.SpringApplicationRunListeners.starting(Lorg/springframework/boot/ConfigurableBootstrapContext;Ljava/lang/Class;)V+28
j  org.springframework.boot.SpringApplication.run([Ljava/lang/String;)Lorg/springframework/context/ConfigurableApplicationContext;+80
j  org.springframework.boot.SpringApplication.run([Ljava/lang/Class;[Ljava/lang/String;)Lorg/springframework/context/ConfigurableApplicationContext;+22
j  org.springframework.boot.SpringApplication.run(Ljava/lang/Class;[Ljava/lang/String;)Lorg/springframework/context/ConfigurableApplicationContext;+22
j  bude.e_commerce1.ECommerce1Application.main([Ljava/lang/String;)V+16
v  ~StubRoutines::call_stub
j  jdk.internal.reflect.NativeMethodAccessorImpl.invoke0(Ljava/lang/reflect/Method;Ljava/lang/Object;[Ljava/lang/Object;)Ljava/lang/Object;+0 java.base@17.0.5
j  jdk.internal.reflect.NativeMethodAccessorImpl.invoke(Ljava/lang/Object;[Ljava/lang/Object;)Ljava/lang/Object;+133 java.base@17.0.5
j  jdk.internal.reflect.DelegatingMethodAccessorImpl.invoke(Ljava/lang/Object;[Ljava/lang/Object;)Ljava/lang/Object;+6 java.base@17.0.5
j  java.lang.reflect.Method.invoke(Ljava/lang/Object;[Ljava/lang/Object;)Ljava/lang/Object;+59 java.base@17.0.5
j  com.intellij.rt.execution.application.AppMainV2.main([Ljava/lang/String;)V+184
v  ~StubRoutines::call_stub

siginfo: EXCEPTION_ACCESS_VIOLATION (0xc0000005), reading address 0x00000255c7f00e10


Register to memory mapping:

RIP=0x00007ffafdb3b228 jvm.dll
RAX=0x000000000000c8b9 is an unknown value
RBX=0x0000000000000001 is an unknown value
RCX=0x00000255c7e9c800 is pointing into metadata
RDX=0x000000000000003a is an unknown value
RSP=0x000000705bff9f58 is pointing into the stack for thread: 0x00000255ae9cd840
RBP=0x000000000000003a is an unknown value
RSI=0x0000000000000006 is an unknown value
RDI=0x0000000800cf39e0 is a pointer to class: 
org.springframework.core.annotation.IntrospectionFailureLogger {0x0000000800cf39e8}
 - instance size:     3
 - klass size:        75
 - access:            synchronized abstract 
 - state:             being_initialized
 - name:              'org/springframework/core/annotation/IntrospectionFailureLogger'
 - super:             'java/lang/Enum'
 - sub:               
 - arrays:            NULL
 - methods:           Array<T>(0x00000255c7e9cc88)
 - method ordering:   Array<T>(0x00000008008f2a08)
 - default_methods:   Array<T>(0x0000000000000000)
 - local interfaces:  Array<T>(0x00000008005cfcd8)
 - trans. interfaces: Array<T>(0x00000008005d5898)
 - constants:         constant pool [136]/operands[10] {0x00000255c7e9c808} for 'org/springframework/core/annotation/IntrospectionFailureLogger' cache=0x00000255c7ea0478
 - class loader data:  loader data: 0x00000255c74da0b0 for instance a 'jdk/internal/loader/ClassLoaders$AppClassLoader'{0x0000000702542370}
 - source file:       'IntrospectionFailureLogger.java'
 - class annotations:       Array<T>(0x0000000000000000)
 - class type annotations:  Array<T>(0x0000000000000000)
 - field annotations:       Array<T>(0x00000255c7e9df90)
 - field type annotations:  Array<T>(0x0000000000000000)
 - generic signature: 'Ljava/lang/Enum<Lorg/springframework/core/annotation/IntrospectionFailureLogger;>;'
 - inner classes:     Array<T>(0x00000255c7ea0410)
 - nest members:     Array<T>(0x00000255c7ea0438)
 - permitted subclasses:     Array<T>(0x00000255c7ea0448)
 - java mirror:       a 'java/lang/Class'{0x0000000711ac0ee8} = 'org/springframework/core/annotation/IntrospectionFailureLogger'
 - vtable length      9  (start addr: 0x0000000800cf3ba8)
 - itable length      8 (start addr: 0x0000000800cf3bf0)
 - ---- static fields (2 words):
 - public static final 'DEBUG' 'Lorg/springframework/core/annotation/IntrospectionFailureLogger;' @112 
 - public static final 'INFO' 'Lorg/springframework/core/annotation/IntrospectionFailureLogger;' @116 
 - private static 'logger' 'Lorg/apache/commons/logging/Log;' @120 
 - private static final synthetic '$VALUES' '[Lorg/springframework/core/annotation/IntrospectionFailureLogger;' @124 
 - ---- non-static fields (2 words):
 - private final 'ordinal' 'I' @12 
 - private final 'name' 'Ljava/lang/String;' @16 
 - non-static oop maps: 16-16 
R8 =0x0000000000000003 is an unknown value
R9 =0x0000000800cf3c38 is a pointer to class: 
org.springframework.core.annotation.IntrospectionFailureLogger$1 {0x0000000800cf3c40}
 - instance size:     3
 - klass size:        75
 - access:            final synchronized 
 - state:             allocated
 - name:              'org/springframework/core/annotation/IntrospectionFailureLogger$1'
 - super:             'org/springframework/core/annotation/IntrospectionFailureLogger'
 - sub:               
 - arrays:            NULL
 - methods:           Array<T>(0x00000255c7ea0980)
 - method ordering:   Array<T>(0x00000008008f2a08)
 - default_methods:   Array<T>(0x0000000000000000)
 - local interfaces:  Array<T>(0x00000008005cfcd8)
 - trans. interfaces: Array<T>(0x00000008005d5898)
 - constants:         constant pool [55] {0x00000255c7ea0750} for 'org/springframework/core/annotation/IntrospectionFailureLogger$1'
 - class loader data:  loader data: 0x00000255c74da0b0 for instance a 'jdk/internal/loader/ClassLoaders$AppClassLoader'{0x0000000702542370}
 - source file:       'IntrospectionFailureLogger.java'
 - class annotations:       Array<T>(0x0000000000000000)
 - class type annotations:  Array<T>(0x0000000000000000)
 - field annotations:       Array<T>(0x0000000000000000)
 - field type annotations:  Array<T>(0x0000000000000000)
 - inner classes:     Array<T>(0x00000255c7ea0c00)
 - nest members:     Array<T>(0x00000008005cfc68)
 - permitted subclasses:     Array<T>(0x00000008005cfc68)
 - java mirror:       NULL
 - vtable length      9  (start addr: 0x0000000800cf3e00)
 - itable length      8 (start addr: 0x0000000800cf3e48)
 - ---- static fields (0 words):
 - ---- non-static fields (2 words):
 - private final 'ordinal' 'I' @12 
 - private final 'name' 'Ljava/lang/String;' @16 
 - non-static oop maps: 16-16 
R10=0x00007ffb1cee0000 VCRUNTIME140.dll
R11=0x00000255c74ec720 points into unknown readable memory: 0xffffffff0000006d | 6d 00 00 00 ff ff ff ff
R12=0x00000255ae9cd840 is a thread
R13=0x00000255ae9cd840 is a thread
R14=0x0000000800cf3c38 is a pointer to class: 
org.springframework.core.annotation.IntrospectionFailureLogger$1 {0x0000000800cf3c40}
 - instance size:     3
 - klass size:        75
 - access:            final synchronized 
 - state:             allocated
 - name:              'org/springframework/core/annotation/IntrospectionFailureLogger$1'
 - super:             'org/springframework/core/annotation/IntrospectionFailureLogger'
 - sub:               
 - arrays:            NULL
 - methods:           Array<T>(0x00000255c7ea0980)
 - method ordering:   Array<T>(0x00000008008f2a08)
 - default_methods:   Array<T>(0x0000000000000000)
 - local interfaces:  Array<T>(0x00000008005cfcd8)
 - trans. interfaces: Array<T>(0x00000008005d5898)
 - constants:         constant pool [55] {0x00000255c7ea0750} for 'org/springframework/core/annotation/IntrospectionFailureLogger$1'
 - class loader data:  loader data: 0x00000255c74da0b0 for instance a 'jdk/internal/loader/ClassLoaders$AppClassLoader'{0x0000000702542370}
 - source file:       'IntrospectionFailureLogger.java'
 - class annotations:       Array<T>(0x0000000000000000)
 - class type annotations:  Array<T>(0x0000000000000000)
 - field annotations:       Array<T>(0x0000000000000000)
 - field type annotations:  Array<T>(0x0000000000000000)
 - inner classes:     Array<T>(0x00000255c7ea0c00)
 - nest members:     Array<T>(0x00000008005cfc68)
 - permitted subclasses:     Array<T>(0x00000008005cfc68)
 - java mirror:       NULL
 - vtable length      9  (start addr: 0x0000000800cf3e00)
 - itable length      8 (start addr: 0x0000000800cf3e48)
 - ---- static fields (0 words):
 - ---- non-static fields (2 words):
 - private final 'ordinal' 'I' @12 
 - private final 'name' 'Ljava/lang/String;' @16 
 - non-static oop maps: 16-16 
R15=0x0000000800cf3c38 is a pointer to class: 
org.springframework.core.annotation.IntrospectionFailureLogger$1 {0x0000000800cf3c40}
 - instance size:     3
 - klass size:        75
 - access:            final synchronized 
 - state:             allocated
 - name:              'org/springframework/core/annotation/IntrospectionFailureLogger$1'
 - super:             'org/springframework/core/annotation/IntrospectionFailureLogger'
 - sub:               
 - arrays:            NULL
 - methods:           Array<T>(0x00000255c7ea0980)
 - method ordering:   Array<T>(0x00000008008f2a08)
 - default_methods:   Array<T>(0x0000000000000000)
 - local interfaces:  Array<T>(0x00000008005cfcd8)
 - trans. interfaces: Array<T>(0x00000008005d5898)
 - constants:         constant pool [55] {0x00000255c7ea0750} for 'org/springframework/core/annotation/IntrospectionFailureLogger$1'
 - class loader data:  loader data: 0x00000255c74da0b0 for instance a 'jdk/internal/loader/ClassLoaders$AppClassLoader'{0x0000000702542370}
 - source file:       'IntrospectionFailureLogger.java'
 - class annotations:       Array<T>(0x0000000000000000)
 - class type annotations:  Array<T>(0x0000000000000000)
 - field annotations:       Array<T>(0x0000000000000000)
 - field type annotations:  Array<T>(0x0000000000000000)
 - inner classes:     Array<T>(0x00000255c7ea0c00)
 - nest members:     Array<T>(0x00000008005cfc68)
 - permitted subclasses:     Array<T>(0x00000008005cfc68)
 - java mirror:       NULL
 - vtable length      9  (start addr: 0x0000000800cf3e00)
 - itable length      8 (start addr: 0x0000000800cf3e48)
 - ---- static fields (0 words):
 - ---- non-static fields (2 words):
 - private final 'ordinal' 'I' @12 
 - private final 'name' 'Ljava/lang/String;' @16 
 - non-static oop maps: 16-16 


Registers:
RAX=0x000000000000c8b9, RBX=0x0000000000000001, RCX=0x00000255c7e9c800, RDX=0x000000000000003a
RSP=0x000000705bff9f58, RBP=0x000000000000003a, RSI=0x0000000000000006, RDI=0x0000000800cf39e0
R8 =0x0000000000000003, R9 =0x0000000800cf3c38, R10=0x00007ffb1cee0000, R11=0x00000255c74ec720
R12=0x00000255ae9cd840, R13=0x00000255ae9cd840, R14=0x0000000800cf3c38, R15=0x0000000800cf3c38
RIP=0x00007ffafdb3b228, EFLAGS=0x0000000000010297

Top of Stack: (sp=0x000000705bff9f58)
0x000000705bff9f58:   00007ffafdc6b562 00000255ae9dca50
0x000000705bff9f68:   00000255ae9cd840 000000705bffa5c0
0x000000705bff9f78:   00007ffa00000023 0000000800cf3c38
0x000000705bff9f88:   0000000800cf39e0 00000008005cfcd8
0x000000705bff9f98:   00000255c7ea0980 000000705bffa280
0x000000705bff9fa8:   00007ffafdadeb6a 00000255c8ba41b0
0x000000705bff9fb8:   000000705bffa5c0 00000255ae9cd840
0x000000705bff9fc8:   00000255ae9cd840 00000255c8bb3a10
0x000000705bff9fd8:   00007ffafdf7c39f 00000255ae9c77c0
0x000000705bff9fe8:   00000255c8bf9776 000000705bffa280
0x000000705bff9ff8:   0000000000000000 0000000800cf3c38
0x000000705bffa008:   00000255ae9cd840 0000000800cf3c38
0x000000705bffa018:   00007ffafde3bd31 00000255c7ea0980
0x000000705bffa028:   000000705bffa050 000000705bffa5c0
0x000000705bffa038:   00000008005cfcd8 00007ffafe22b178
0x000000705bffa048:   0000000200000002 00007ffafe22b188 

Instructions: (pc=0x00007ffafdb3b228)
0x00007ffafdb3b128:   48 8b 49 18 e8 ff c7 31 00 48 83 7e 08 00 48 8b
0x00007ffafdb3b138:   7c 24 70 48 8b 6c 24 60 74 37 4c 8b ce 41 b0 64
0x00007ffafdb3b148:   41 8b d4 49 8b ce e8 cd 1d 00 00 48 83 7e 08 00
0x00007ffafdb3b158:   0f 85 87 00 00 00 49 8b 0e 8b 54 24 68 48 8b 41
0x00007ffafdb3b168:   28 48 8b 44 d0 08 48 83 c4 38 41 5e 41 5c 5e 5b
0x00007ffafdb3b178:   c3 48 83 3d c7 5b 8a 00 00 74 0b 48 8b d3 49 8b
0x00007ffafdb3b188:   ce e8 62 23 00 00 8b 44 24 68 41 b9 07 00 00 00
0x00007ffafdb3b198:   48 8d 14 c5 00 00 00 00 49 8b 06 48 8b 48 28 48
0x00007ffafdb3b1a8:   89 5c 11 08 49 8b 06 48 8b 48 08 b0 64 f0 46 0f
0x00007ffafdb3b1b8:   b0 4c 21 04 3c 67 75 32 49 8b 06 4c 8b c6 48 8b
0x00007ffafdb3b1c8:   48 28 48 c7 44 11 08 00 00 00 00 41 8b d4 49 8b
0x00007ffafdb3b1d8:   ce e8 62 21 00 00 48 83 7e 08 00 74 0d 33 c0 48
0x00007ffafdb3b1e8:   83 c4 38 41 5e 41 5c 5e 5b c3 48 8b c3 48 83 c4
0x00007ffafdb3b1f8:   38 41 5e 41 5c 5e 5b c3 48 8b 41 28 4c 63 ca 42
0x00007ffafdb3b208:   0f b7 54 c9 48 4c 89 44 d0 08 48 8b 41 08 42 c6
0x00007ffafdb3b218:   44 08 04 07 c3 cc cc cc 48 63 c2 0f b7 44 c1 4a
0x00007ffafdb3b228:   48 8b 44 c1 48 c3 cc cc 49 63 c0 44 0f b7 44 c1
0x00007ffafdb3b238:   4a 48 8b 42 18 4a 39 44 c1 48 0f 94 c0 c3 cc cc
0x00007ffafdb3b248:   cc cc cc cc cc cc cc cc 48 89 5c 24 10 48 89 74
0x00007ffafdb3b258:   24 18 57 48 83 ec 30 48 63 da 49 8b f0 48 8b f9
0x00007ffafdb3b268:   85 d2 79 24 4c 8d 0d 9d 64 6a 00 ba b4 02 00 00
0x00007ffafdb3b278:   4c 8d 05 c9 64 6a 00 48 8d 0d 42 64 6a 00 e8 75
0x00007ffafdb3b288:   78 00 00 e8 d0 77 43 00 48 8b 4f 10 48 85 c9 74
0x00007ffafdb3b298:   0f 48 8d 43 01 48 c1 e0 05 48 8b 04 08 0f b7 d8
0x00007ffafdb3b2a8:   48 63 c3 48 8d 54 24 40 48 89 7c 24 20 48 89 74
0x00007ffafdb3b2b8:   24 28 48 8b 8e 40 02 00 00 8b 5c c7 48 48 89 7c
0x00007ffafdb3b2c8:   24 40 e8 31 f7 dc ff 0f b7 d3 48 8d 4c 24 20 4c
0x00007ffafdb3b2d8:   8b c6 e8 f1 fb ff ff 48 8d 4c 24 20 48 8b d8 e8
0x00007ffafdb3b2e8:   84 c2 10 00 48 8b 74 24 50 48 8b c3 48 8b 5c 24
0x00007ffafdb3b2f8:   48 48 83 c4 30 5f c3 cc 48 89 5c 24 08 57 48 83
0x00007ffafdb3b308:   ec 20 48 63 fa 48 8b d9 85 d2 79 24 4c 8d 0d f5
0x00007ffafdb3b318:   63 6a 00 ba b4 02 00 00 4c 8d 05 21 64 6a 00 48 


Stack slot to memory mapping:
stack at sp + 0 slots: 0x00007ffafdc6b562 jvm.dll
stack at sp + 1 slots: 0x00000255ae9dca50 points into unknown readable memory: 0x005c003f00000000 | 00 00 00 00 3f 00 5c 00
stack at sp + 2 slots: 0x00000255ae9cd840 is a thread
stack at sp + 3 slots: 0x000000705bffa5c0 is pointing into the stack for thread: 0x00000255ae9cd840
stack at sp + 4 slots: 0x00007ffa00000023 is an unknown value
stack at sp + 5 slots: 0x0000000800cf3c38 is a pointer to class: 
org.springframework.core.annotation.IntrospectionFailureLogger$1 {0x0000000800cf3c40}
 - instance size:     3
 - klass size:        75
 - access:            final synchronized 
 - state:             allocated
 - name:              'org/springframework/core/annotation/IntrospectionFailureLogger$1'
 - super:             'org/springframework/core/annotation/IntrospectionFailureLogger'
 - sub:               
 - arrays:            NULL
 - methods:           Array<T>(0x00000255c7ea0980)
 - method ordering:   Array<T>(0x00000008008f2a08)
 - default_methods:   Array<T>(0x0000000000000000)
 - local interfaces:  Array<T>(0x00000008005cfcd8)
 - trans. interfaces: Array<T>(0x00000008005d5898)
 - constants:         constant pool [55] {0x00000255c7ea0750} for 'org/springframework/core/annotation/IntrospectionFailureLogger$1'
 - class loader data:  loader data: 0x00000255c74da0b0 for instance a 'jdk/internal/loader/ClassLoaders$AppClassLoader'{0x0000000702542370}
 - source file:       'IntrospectionFailureLogger.java'
 - class annotations:       Array<T>(0x0000000000000000)
 - class type annotations:  Array<T>(0x0000000000000000)
 - field annotations:       Array<T>(0x0000000000000000)
 - field type annotations:  Array<T>(0x0000000000000000)
 - inner classes:     Array<T>(0x00000255c7ea0c00)
 - nest members:     Array<T>(0x00000008005cfc68)
 - permitted subclasses:     Array<T>(0x00000008005cfc68)
 - java mirror:       NULL
 - vtable length      9  (start addr: 0x0000000800cf3e00)
 - itable length      8 (start addr: 0x0000000800cf3e48)
 - ---- static fields (0 words):
 - ---- non-static fields (2 words):
 - private final 'ordinal' 'I' @12 
 - private final 'name' 'Ljava/lang/String;' @16 
 - non-static oop maps: 16-16 
stack at sp + 6 slots: 0x0000000800cf39e0 is a pointer to class: 
org.springframework.core.annotation.IntrospectionFailureLogger {0x0000000800cf39e8}
 - instance size:     3
 - klass size:        75
 - access:            synchronized abstract 
 - state:             being_initialized
 - name:              'org/springframework/core/annotation/IntrospectionFailureLogger'
 - super:             'java/lang/Enum'
 - sub:               
 - arrays:            NULL
 - methods:           Array<T>(0x00000255c7e9cc88)
 - method ordering:   Array<T>(0x00000008008f2a08)
 - default_methods:   Array<T>(0x0000000000000000)
 - local interfaces:  Array<T>(0x00000008005cfcd8)
 - trans. interfaces: Array<T>(0x00000008005d5898)
 - constants:         constant pool [136]/operands[10] {0x00000255c7e9c808} for 'org/springframework/core/annotation/IntrospectionFailureLogger' cache=0x00000255c7ea0478
 - class loader data:  loader data: 0x00000255c74da0b0 for instance a 'jdk/internal/loader/ClassLoaders$AppClassLoader'{0x0000000702542370}
 - source file:       'IntrospectionFailureLogger.java'
 - class annotations:       Array<T>(0x0000000000000000)
 - class type annotations:  Array<T>(0x0000000000000000)
 - field annotations:       Array<T>(0x00000255c7e9df90)
 - field type annotations:  Array<T>(0x0000000000000000)
 - generic signature: 'Ljava/lang/Enum<Lorg/springframework/core/annotation/IntrospectionFailureLogger;>;'
 - inner classes:     Array<T>(0x00000255c7ea0410)
 - nest members:     Array<T>(0x00000255c7ea0438)
 - permitted subclasses:     Array<T>(0x00000255c7ea0448)
 - java mirror:       a 'java/lang/Class'{0x0000000711ac0ee8} = 'org/springframework/core/annotation/IntrospectionFailureLogger'
 - vtable length      9  (start addr: 0x0000000800cf3ba8)
 - itable length      8 (start addr: 0x0000000800cf3bf0)
 - ---- static fields (2 words):
 - public static final 'DEBUG' 'Lorg/springframework/core/annotation/IntrospectionFailureLogger;' @112 
 - public static final 'INFO' 'Lorg/springframework/core/annotation/IntrospectionFailureLogger;' @116 
 - private static 'logger' 'Lorg/apache/commons/logging/Log;' @120 
 - private static final synthetic '$VALUES' '[Lorg/springframework/core/annotation/IntrospectionFailureLogger;' @124 
 - ---- non-static fields (2 words):
 - private final 'ordinal' 'I' @12 
 - private final 'name' 'Ljava/lang/String;' @16 
 - non-static oop maps: 16-16 
stack at sp + 7 slots: 0x00000008005cfcd8 is pointing into metadata


---------------  P R O C E S S  ---------------

Threads class SMR info:
_java_thread_list=0x00000255c85e5840, length=16, elements={
0x00000255ae9cd840, 0x00000255c74e6f00, 0x00000255c74e7890, 0x00000255c74f7cc0,
0x00000255c74f8390, 0x00000255c74fa870, 0x00000255c74fed50, 0x00000255c75027d0,
0x00000255c8020090, 0x00000255c74d1cc0, 0x00000255c74d2410, 0x00000255c819b110,
0x00000255c81dd010, 0x00000255c824d550, 0x00000255c862eef0, 0x00000255c8635770
}

Java Threads: ( => current thread )
=>0x00000255ae9cd840 JavaThread "main" [_thread_in_vm, id=12960, stack(0x000000705bf00000,0x000000705c000000)]
  0x00000255c74e6f00 JavaThread "Reference Handler" daemon [_thread_blocked, id=2116, stack(0x000000705c600000,0x000000705c700000)]
  0x00000255c74e7890 JavaThread "Finalizer" daemon [_thread_blocked, id=2520, stack(0x000000705c700000,0x000000705c800000)]
  0x00000255c74f7cc0 JavaThread "Signal Dispatcher" daemon [_thread_blocked, id=10768, stack(0x000000705c800000,0x000000705c900000)]
  0x00000255c74f8390 JavaThread "Attach Listener" daemon [_thread_blocked, id=9728, stack(0x000000705c900000,0x000000705ca00000)]
  0x00000255c74fa870 JavaThread "Service Thread" daemon [_thread_blocked, id=3980, stack(0x000000705ca00000,0x000000705cb00000)]
  0x00000255c74fed50 JavaThread "Monitor Deflation Thread" daemon [_thread_blocked, id=5904, stack(0x000000705cb00000,0x000000705cc00000)]
  0x00000255c75027d0 JavaThread "C1 CompilerThread0" daemon [_thread_blocked, id=6380, stack(0x000000705cc00000,0x000000705cd00000)]
  0x00000255c8020090 JavaThread "Sweeper thread" daemon [_thread_blocked, id=13504, stack(0x000000705cd00000,0x000000705ce00000)]
  0x00000255c74d1cc0 JavaThread "Common-Cleaner" daemon [_thread_blocked, id=4624, stack(0x000000705ce00000,0x000000705cf00000)]
  0x00000255c74d2410 JavaThread "C1 CompilerThread1" daemon [_thread_blocked, id=13992, stack(0x000000705cf00000,0x000000705d000000)]
  0x00000255c819b110 JavaThread "C1 CompilerThread2" daemon [_thread_blocked, id=5704, stack(0x000000705d000000,0x000000705d100000)]
  0x00000255c81dd010 JavaThread "C1 CompilerThread3" daemon [_thread_blocked, id=13948, stack(0x000000705d100000,0x000000705d200000)]
  0x00000255c824d550 JavaThread "Notification Thread" daemon [_thread_blocked, id=7000, stack(0x000000705d200000,0x000000705d300000)]
  0x00000255c862eef0 JavaThread "RMI TCP Accept-0" daemon [_thread_in_native, id=13080, stack(0x000000705d300000,0x000000705d400000)]
  0x00000255c8635770 JavaThread "Monitor Ctrl-Break" daemon [_thread_in_native, id=12904, stack(0x000000705d500000,0x000000705d600000)]

Other Threads:
  0x00000255c74e03e0 VMThread "VM Thread" [stack: 0x000000705c500000,0x000000705c600000] [id=11820]
  0x00000255aea57920 WatcherThread [stack: 0x000000705d400000,0x000000705d500000] [id=1796]
  0x00000255ae9ee0f0 GCTaskThread "GC Thread#0" [stack: 0x000000705c000000,0x000000705c100000] [id=1664]
  0x00000255c8842ba0 GCTaskThread "GC Thread#1" [stack: 0x000000705d600000,0x000000705d700000] [id=4584]
  0x00000255c8842e50 GCTaskThread "GC Thread#2" [stack: 0x000000705d700000,0x000000705d800000] [id=5248]
  0x00000255c8843100 GCTaskThread "GC Thread#3" [stack: 0x000000705d800000,0x000000705d900000] [id=6472]
  0x00000255c88433b0 GCTaskThread "GC Thread#4" [stack: 0x000000705d900000,0x000000705da00000] [id=9280]
  0x00000255c8843ae0 GCTaskThread "GC Thread#5" [stack: 0x000000705da00000,0x000000705db00000] [id=13268]
  0x00000255c896b310 GCTaskThread "GC Thread#6" [stack: 0x000000705db00000,0x000000705dc00000] [id=3512]
  0x00000255c8808050 GCTaskThread "GC Thread#7" [stack: 0x000000705dc00000,0x000000705dd00000] [id=9848]
  0x00000255aea4db90 ConcurrentGCThread "G1 Main Marker" [stack: 0x000000705c100000,0x000000705c200000] [id=14644]
  0x00000255aea4ec50 ConcurrentGCThread "G1 Conc#0" [stack: 0x000000705c200000,0x000000705c300000] [id=10176]
  0x00000255c7399510 ConcurrentGCThread "G1 Refine#0" [stack: 0x000000705c300000,0x000000705c400000] [id=6616]
  0x00000255c8843d90 ConcurrentGCThread "G1 Refine#1" [stack: 0x000000705dd00000,0x000000705de00000] [id=15320]
  0x00000255c8b5b350 ConcurrentGCThread "G1 Refine#2" [stack: 0x000000705de00000,0x000000705df00000] [id=15184]
  0x00000255c7399950 ConcurrentGCThread "G1 Service" [stack: 0x000000705c400000,0x000000705c500000] [id=14556]

Threads with active compile tasks:

VM state: not at safepoint (normal execution)

VM Mutex/Monitor currently owned by a thread: None

Heap address: 0x0000000702200000, size: 4062 MB, Compressed Oops mode: Zero based, Oop shift amount: 3

CDS archive(s) mapped at: [0x0000000800000000-0x0000000800bd0000-0x0000000800bd0000), size 12386304, SharedBaseAddress: 0x0000000800000000, ArchiveRelocationMode: 0.
Compressed class space mapped at: 0x0000000800c00000-0x0000000840c00000, reserved size: 1073741824
Narrow klass base: 0x0000000800000000, Narrow klass shift: 0, Narrow klass range: 0x100000000

GC Precious Log:
 CPUs: 8 total, 8 available
 Memory: 16242M
 Large Page Support: Disabled
 NUMA Support: Disabled
 Compressed Oops: Enabled (Zero based)
 Heap Region Size: 2M
 Heap Min Capacity: 8M
 Heap Initial Capacity: 254M
 Heap Max Capacity: 4062M
 Pre-touch: Disabled
 Parallel Workers: 8
 Concurrent Workers: 2
 Concurrent Refinement Workers: 8
 Periodic GC: Disabled

Heap:
 garbage-first heap   total 260096K, used 13656K [0x0000000702200000, 0x0000000800000000)
  region size 2048K, 4 young (8192K), 1 survivors (2048K)
 Metaspace       used 7252K, committed 7488K, reserved 1056768K
  class space    used 858K, committed 960K, reserved 1048576K

Heap Regions: E=young(eden), S=young(survivor), O=old, HS=humongous(starts), HC=humongous(continues), CS=collection set, F=free, OA=open archive, CA=closed archive, TAMS=top-at-mark-start (previous, next)
|   0|0x0000000702200000, 0x0000000702400000, 0x0000000702400000|100%| O|  |TAMS 0x0000000702200000, 0x0000000702200000| Untracked 
|   1|0x0000000702400000, 0x0000000702600000, 0x0000000702600000|100%| O|  |TAMS 0x0000000702400000, 0x0000000702400000| Untracked 
|   2|0x0000000702600000, 0x0000000702800000, 0x0000000702800000|100%| O|  |TAMS 0x0000000702600000, 0x0000000702600000| Untracked 
|   3|0x0000000702800000, 0x0000000702956000, 0x0000000702a00000| 66%| O|  |TAMS 0x0000000702800000, 0x0000000702800000| Untracked 
|   4|0x0000000702a00000, 0x0000000702a00000, 0x0000000702c00000|  0%| F|  |TAMS 0x0000000702a00000, 0x0000000702a00000| Untracked 
|   5|0x0000000702c00000, 0x0000000702c00000, 0x0000000702e00000|  0%| F|  |TAMS 0x0000000702c00000, 0x0000000702c00000| Untracked 
|   6|0x0000000702e00000, 0x0000000702e00000, 0x0000000703000000|  0%| F|  |TAMS 0x0000000702e00000, 0x0000000702e00000| Untracked 
|   7|0x0000000703000000, 0x0000000703000000, 0x0000000703200000|  0%| F|  |TAMS 0x0000000703000000, 0x0000000703000000| Untracked 
|   8|0x0000000703200000, 0x0000000703200000, 0x0000000703400000|  0%| F|  |TAMS 0x0000000703200000, 0x0000000703200000| Untracked 
|   9|0x0000000703400000, 0x0000000703400000, 0x0000000703600000|  0%| F|  |TAMS 0x0000000703400000, 0x0000000703400000| Untracked 
|  10|0x0000000703600000, 0x0000000703600000, 0x0000000703800000|  0%| F|  |TAMS 0x0000000703600000, 0x0000000703600000| Untracked 
|  11|0x0000000703800000, 0x0000000703800000, 0x0000000703a00000|  0%| F|  |TAMS 0x0000000703800000, 0x0000000703800000| Untracked 
|  12|0x0000000703a00000, 0x0000000703a00000, 0x0000000703c00000|  0%| F|  |TAMS 0x0000000703a00000, 0x0000000703a00000| Untracked 
|  13|0x0000000703c00000, 0x0000000703c00000, 0x0000000703e00000|  0%| F|  |TAMS 0x0000000703c00000, 0x0000000703c00000| Untracked 
|  14|0x0000000703e00000, 0x0000000703e00000, 0x0000000704000000|  0%| F|  |TAMS 0x0000000703e00000, 0x0000000703e00000| Untracked 
|  15|0x0000000704000000, 0x0000000704000000, 0x0000000704200000|  0%| F|  |TAMS 0x0000000704000000, 0x0000000704000000| Untracked 
|  16|0x0000000704200000, 0x0000000704200000, 0x0000000704400000|  0%| F|  |TAMS 0x0000000704200000, 0x0000000704200000| Untracked 
|  17|0x0000000704400000, 0x0000000704400000, 0x0000000704600000|  0%| F|  |TAMS 0x0000000704400000, 0x0000000704400000| Untracked 
|  18|0x0000000704600000, 0x0000000704600000, 0x0000000704800000|  0%| F|  |TAMS 0x0000000704600000, 0x0000000704600000| Untracked 
|  19|0x0000000704800000, 0x0000000704800000, 0x0000000704a00000|  0%| F|  |TAMS 0x0000000704800000, 0x0000000704800000| Untracked 
|  20|0x0000000704a00000, 0x0000000704a00000, 0x0000000704c00000|  0%| F|  |TAMS 0x0000000704a00000, 0x0000000704a00000| Untracked 
|  21|0x0000000704c00000, 0x0000000704c00000, 0x0000000704e00000|  0%| F|  |TAMS 0x0000000704c00000, 0x0000000704c00000| Untracked 
|  22|0x0000000704e00000, 0x0000000704e00000, 0x0000000705000000|  0%| F|  |TAMS 0x0000000704e00000, 0x0000000704e00000| Untracked 
|  23|0x0000000705000000, 0x0000000705000000, 0x0000000705200000|  0%| F|  |TAMS 0x0000000705000000, 0x0000000705000000| Untracked 
|  24|0x0000000705200000, 0x0000000705200000, 0x0000000705400000|  0%| F|  |TAMS 0x0000000705200000, 0x0000000705200000| Untracked 
|  25|0x0000000705400000, 0x0000000705400000, 0x0000000705600000|  0%| F|  |TAMS 0x0000000705400000, 0x0000000705400000| Untracked 
|  26|0x0000000705600000, 0x0000000705600000, 0x0000000705800000|  0%| F|  |TAMS 0x0000000705600000, 0x0000000705600000| Untracked 
|  27|0x0000000705800000, 0x0000000705800000, 0x0000000705a00000|  0%| F|  |TAMS 0x0000000705800000, 0x0000000705800000| Untracked 
|  28|0x0000000705a00000, 0x0000000705a00000, 0x0000000705c00000|  0%| F|  |TAMS 0x0000000705a00000, 0x0000000705a00000| Untracked 
|  29|0x0000000705c00000, 0x0000000705c00000, 0x0000000705e00000|  0%| F|  |TAMS 0x0000000705c00000, 0x0000000705c00000| Untracked 
|  30|0x0000000705e00000, 0x0000000705e00000, 0x0000000706000000|  0%| F|  |TAMS 0x0000000705e00000, 0x0000000705e00000| Untracked 
|  31|0x0000000706000000, 0x0000000706000000, 0x0000000706200000|  0%| F|  |TAMS 0x0000000706000000, 0x0000000706000000| Untracked 
|  32|0x0000000706200000, 0x0000000706200000, 0x0000000706400000|  0%| F|  |TAMS 0x0000000706200000, 0x0000000706200000| Untracked 
|  33|0x0000000706400000, 0x0000000706400000, 0x0000000706600000|  0%| F|  |TAMS 0x0000000706400000, 0x0000000706400000| Untracked 
|  34|0x0000000706600000, 0x0000000706600000, 0x0000000706800000|  0%| F|  |TAMS 0x0000000706600000, 0x0000000706600000| Untracked 
|  35|0x0000000706800000, 0x0000000706800000, 0x0000000706a00000|  0%| F|  |TAMS 0x0000000706800000, 0x0000000706800000| Untracked 
|  36|0x0000000706a00000, 0x0000000706a00000, 0x0000000706c00000|  0%| F|  |TAMS 0x0000000706a00000, 0x0000000706a00000| Untracked 
|  37|0x0000000706c00000, 0x0000000706c00000, 0x0000000706e00000|  0%| F|  |TAMS 0x0000000706c00000, 0x0000000706c00000| Untracked 
|  38|0x0000000706e00000, 0x0000000706e00000, 0x0000000707000000|  0%| F|  |TAMS 0x0000000706e00000, 0x0000000706e00000| Untracked 
|  39|0x0000000707000000, 0x0000000707000000, 0x0000000707200000|  0%| F|  |TAMS 0x0000000707000000, 0x0000000707000000| Untracked 
|  40|0x0000000707200000, 0x0000000707200000, 0x0000000707400000|  0%| F|  |TAMS 0x0000000707200000, 0x0000000707200000| Untracked 
|  41|0x0000000707400000, 0x0000000707400000, 0x0000000707600000|  0%| F|  |TAMS 0x0000000707400000, 0x0000000707400000| Untracked 
|  42|0x0000000707600000, 0x0000000707600000, 0x0000000707800000|  0%| F|  |TAMS 0x0000000707600000, 0x0000000707600000| Untracked 
|  43|0x0000000707800000, 0x0000000707800000, 0x0000000707a00000|  0%| F|  |TAMS 0x0000000707800000, 0x0000000707800000| Untracked 
|  44|0x0000000707a00000, 0x0000000707a00000, 0x0000000707c00000|  0%| F|  |TAMS 0x0000000707a00000, 0x0000000707a00000| Untracked 
|  45|0x0000000707c00000, 0x0000000707c00000, 0x0000000707e00000|  0%| F|  |TAMS 0x0000000707c00000, 0x0000000707c00000| Untracked 
|  46|0x0000000707e00000, 0x0000000707e00000, 0x0000000708000000|  0%| F|  |TAMS 0x0000000707e00000, 0x0000000707e00000| Untracked 
|  47|0x0000000708000000, 0x0000000708000000, 0x0000000708200000|  0%| F|  |TAMS 0x0000000708000000, 0x0000000708000000| Untracked 
|  48|0x0000000708200000, 0x0000000708200000, 0x0000000708400000|  0%| F|  |TAMS 0x0000000708200000, 0x0000000708200000| Untracked 
|  49|0x0000000708400000, 0x0000000708400000, 0x0000000708600000|  0%| F|  |TAMS 0x0000000708400000, 0x0000000708400000| Untracked 
|  50|0x0000000708600000, 0x0000000708600000, 0x0000000708800000|  0%| F|  |TAMS 0x0000000708600000, 0x0000000708600000| Untracked 
|  51|0x0000000708800000, 0x0000000708800000, 0x0000000708a00000|  0%| F|  |TAMS 0x0000000708800000, 0x0000000708800000| Untracked 
|  52|0x0000000708a00000, 0x0000000708a00000, 0x0000000708c00000|  0%| F|  |TAMS 0x0000000708a00000, 0x0000000708a00000| Untracked 
|  53|0x0000000708c00000, 0x0000000708c00000, 0x0000000708e00000|  0%| F|  |TAMS 0x0000000708c00000, 0x0000000708c00000| Untracked 
|  54|0x0000000708e00000, 0x0000000708e00000, 0x0000000709000000|  0%| F|  |TAMS 0x0000000708e00000, 0x0000000708e00000| Untracked 
|  55|0x0000000709000000, 0x0000000709000000, 0x0000000709200000|  0%| F|  |TAMS 0x0000000709000000, 0x0000000709000000| Untracked 
|  56|0x0000000709200000, 0x0000000709200000, 0x0000000709400000|  0%| F|  |TAMS 0x0000000709200000, 0x0000000709200000| Untracked 
|  57|0x0000000709400000, 0x0000000709400000, 0x0000000709600000|  0%| F|  |TAMS 0x0000000709400000, 0x0000000709400000| Untracked 
|  58|0x0000000709600000, 0x0000000709600000, 0x0000000709800000|  0%| F|  |TAMS 0x0000000709600000, 0x0000000709600000| Untracked 
|  59|0x0000000709800000, 0x0000000709800000, 0x0000000709a00000|  0%| F|  |TAMS 0x0000000709800000, 0x0000000709800000| Untracked 
|  60|0x0000000709a00000, 0x0000000709a00000, 0x0000000709c00000|  0%| F|  |TAMS 0x0000000709a00000, 0x0000000709a00000| Untracked 
|  61|0x0000000709c00000, 0x0000000709c00000, 0x0000000709e00000|  0%| F|  |TAMS 0x0000000709c00000, 0x0000000709c00000| Untracked 
|  62|0x0000000709e00000, 0x0000000709e00000, 0x000000070a000000|  0%| F|  |TAMS 0x0000000709e00000, 0x0000000709e00000| Untracked 
|  63|0x000000070a000000, 0x000000070a000000, 0x000000070a200000|  0%| F|  |TAMS 0x000000070a000000, 0x000000070a000000| Untracked 
|  64|0x000000070a200000, 0x000000070a200000, 0x000000070a400000|  0%| F|  |TAMS 0x000000070a200000, 0x000000070a200000| Untracked 
|  65|0x000000070a400000, 0x000000070a400000, 0x000000070a600000|  0%| F|  |TAMS 0x000000070a400000, 0x000000070a400000| Untracked 
|  66|0x000000070a600000, 0x000000070a600000, 0x000000070a800000|  0%| F|  |TAMS 0x000000070a600000, 0x000000070a600000| Untracked 
|  67|0x000000070a800000, 0x000000070a800000, 0x000000070aa00000|  0%| F|  |TAMS 0x000000070a800000, 0x000000070a800000| Untracked 
|  68|0x000000070aa00000, 0x000000070aa00000, 0x000000070ac00000|  0%| F|  |TAMS 0x000000070aa00000, 0x000000070aa00000| Untracked 
|  69|0x000000070ac00000, 0x000000070ac00000, 0x000000070ae00000|  0%| F|  |TAMS 0x000000070ac00000, 0x000000070ac00000| Untracked 
|  70|0x000000070ae00000, 0x000000070ae00000, 0x000000070b000000|  0%| F|  |TAMS 0x000000070ae00000, 0x000000070ae00000| Untracked 
|  71|0x000000070b000000, 0x000000070b000000, 0x000000070b200000|  0%| F|  |TAMS 0x000000070b000000, 0x000000070b000000| Untracked 
|  72|0x000000070b200000, 0x000000070b200000, 0x000000070b400000|  0%| F|  |TAMS 0x000000070b200000, 0x000000070b200000| Untracked 
|  73|0x000000070b400000, 0x000000070b400000, 0x000000070b600000|  0%| F|  |TAMS 0x000000070b400000, 0x000000070b400000| Untracked 
|  74|0x000000070b600000, 0x000000070b600000, 0x000000070b800000|  0%| F|  |TAMS 0x000000070b600000, 0x000000070b600000| Untracked 
|  75|0x000000070b800000, 0x000000070b800000, 0x000000070ba00000|  0%| F|  |TAMS 0x000000070b800000, 0x000000070b800000| Untracked 
|  76|0x000000070ba00000, 0x000000070ba00000, 0x000000070bc00000|  0%| F|  |TAMS 0x000000070ba00000, 0x000000070ba00000| Untracked 
|  77|0x000000070bc00000, 0x000000070bc00000, 0x000000070be00000|  0%| F|  |TAMS 0x000000070bc00000, 0x000000070bc00000| Untracked 
|  78|0x000000070be00000, 0x000000070be00000, 0x000000070c000000|  0%| F|  |TAMS 0x000000070be00000, 0x000000070be00000| Untracked 
|  79|0x000000070c000000, 0x000000070c000000, 0x000000070c200000|  0%| F|  |TAMS 0x000000070c000000, 0x000000070c000000| Untracked 
|  80|0x000000070c200000, 0x000000070c200000, 0x000000070c400000|  0%| F|  |TAMS 0x000000070c200000, 0x000000070c200000| Untracked 
|  81|0x000000070c400000, 0x000000070c400000, 0x000000070c600000|  0%| F|  |TAMS 0x000000070c400000, 0x000000070c400000| Untracked 
|  82|0x000000070c600000, 0x000000070c600000, 0x000000070c800000|  0%| F|  |TAMS 0x000000070c600000, 0x000000070c600000| Untracked 
|  83|0x000000070c800000, 0x000000070c800000, 0x000000070ca00000|  0%| F|  |TAMS 0x000000070c800000, 0x000000070c800000| Untracked 
|  84|0x000000070ca00000, 0x000000070ca00000, 0x000000070cc00000|  0%| F|  |TAMS 0x000000070ca00000, 0x000000070ca00000| Untracked 
|  85|0x000000070cc00000, 0x000000070cc00000, 0x000000070ce00000|  0%| F|  |TAMS 0x000000070cc00000, 0x000000070cc00000| Untracked 
|  86|0x000000070ce00000, 0x000000070ce00000, 0x000000070d000000|  0%| F|  |TAMS 0x000000070ce00000, 0x000000070ce00000| Untracked 
|  87|0x000000070d000000, 0x000000070d000000, 0x000000070d200000|  0%| F|  |TAMS 0x000000070d000000, 0x000000070d000000| Untracked 
|  88|0x000000070d200000, 0x000000070d200000, 0x000000070d400000|  0%| F|  |TAMS 0x000000070d200000, 0x000000070d200000| Untracked 
|  89|0x000000070d400000, 0x000000070d400000, 0x000000070d600000|  0%| F|  |TAMS 0x000000070d400000, 0x000000070d400000| Untracked 
|  90|0x000000070d600000, 0x000000070d600000, 0x000000070d800000|  0%| F|  |TAMS 0x000000070d600000, 0x000000070d600000| Untracked 
|  91|0x000000070d800000, 0x000000070d800000, 0x000000070da00000|  0%| F|  |TAMS 0x000000070d800000, 0x000000070d800000| Untracked 
|  92|0x000000070da00000, 0x000000070da00000, 0x000000070dc00000|  0%| F|  |TAMS 0x000000070da00000, 0x000000070da00000| Untracked 
|  93|0x000000070dc00000, 0x000000070dc00000, 0x000000070de00000|  0%| F|  |TAMS 0x000000070dc00000, 0x000000070dc00000| Untracked 
|  94|0x000000070de00000, 0x000000070de00000, 0x000000070e000000|  0%| F|  |TAMS 0x000000070de00000, 0x000000070de00000| Untracked 
|  95|0x000000070e000000, 0x000000070e000000, 0x000000070e200000|  0%| F|  |TAMS 0x000000070e000000, 0x000000070e000000| Untracked 
|  96|0x000000070e200000, 0x000000070e200000, 0x000000070e400000|  0%| F|  |TAMS 0x000000070e200000, 0x000000070e200000| Untracked 
|  97|0x000000070e400000, 0x000000070e400000, 0x000000070e600000|  0%| F|  |TAMS 0x000000070e400000, 0x000000070e400000| Untracked 
|  98|0x000000070e600000, 0x000000070e600000, 0x000000070e800000|  0%| F|  |TAMS 0x000000070e600000, 0x000000070e600000| Untracked 
|  99|0x000000070e800000, 0x000000070e800000, 0x000000070ea00000|  0%| F|  |TAMS 0x000000070e800000, 0x000000070e800000| Untracked 
| 100|0x000000070ea00000, 0x000000070ea00000, 0x000000070ec00000|  0%| F|  |TAMS 0x000000070ea00000, 0x000000070ea00000| Untracked 
| 101|0x000000070ec00000, 0x000000070ec00000, 0x000000070ee00000|  0%| F|  |TAMS 0x000000070ec00000, 0x000000070ec00000| Untracked 
| 102|0x000000070ee00000, 0x000000070ee00000, 0x000000070f000000|  0%| F|  |TAMS 0x000000070ee00000, 0x000000070ee00000| Untracked 
| 103|0x000000070f000000, 0x000000070f000000, 0x000000070f200000|  0%| F|  |TAMS 0x000000070f000000, 0x000000070f000000| Untracked 
| 104|0x000000070f200000, 0x000000070f200000, 0x000000070f400000|  0%| F|  |TAMS 0x000000070f200000, 0x000000070f200000| Untracked 
| 105|0x000000070f400000, 0x000000070f400000, 0x000000070f600000|  0%| F|  |TAMS 0x000000070f400000, 0x000000070f400000| Untracked 
| 106|0x000000070f600000, 0x000000070f600000, 0x000000070f800000|  0%| F|  |TAMS 0x000000070f600000, 0x000000070f600000| Untracked 
| 107|0x000000070f800000, 0x000000070f800000, 0x000000070fa00000|  0%| F|  |TAMS 0x000000070f800000, 0x000000070f800000| Untracked 
| 108|0x000000070fa00000, 0x000000070fa00000, 0x000000070fc00000|  0%| F|  |TAMS 0x000000070fa00000, 0x000000070fa00000| Untracked 
| 109|0x000000070fc00000, 0x000000070fc00000, 0x000000070fe00000|  0%| F|  |TAMS 0x000000070fc00000, 0x000000070fc00000| Untracked 
| 110|0x000000070fe00000, 0x000000070fe00000, 0x0000000710000000|  0%| F|  |TAMS 0x000000070fe00000, 0x000000070fe00000| Untracked 
| 111|0x0000000710000000, 0x0000000710000000, 0x0000000710200000|  0%| F|  |TAMS 0x0000000710000000, 0x0000000710000000| Untracked 
| 112|0x0000000710200000, 0x0000000710400000, 0x0000000710400000|100%| S|CS|TAMS 0x0000000710200000, 0x0000000710200000| Complete 
| 113|0x0000000710400000, 0x0000000710400000, 0x0000000710600000|  0%| F|  |TAMS 0x0000000710400000, 0x0000000710400000| Untracked 
| 114|0x0000000710600000, 0x0000000710600000, 0x0000000710800000|  0%| F|  |TAMS 0x0000000710600000, 0x0000000710600000| Untracked 
| 115|0x0000000710800000, 0x0000000710800000, 0x0000000710a00000|  0%| F|  |TAMS 0x0000000710800000, 0x0000000710800000| Untracked 
| 116|0x0000000710a00000, 0x0000000710a00000, 0x0000000710c00000|  0%| F|  |TAMS 0x0000000710a00000, 0x0000000710a00000| Untracked 
| 117|0x0000000710c00000, 0x0000000710c00000, 0x0000000710e00000|  0%| F|  |TAMS 0x0000000710c00000, 0x0000000710c00000| Untracked 
| 118|0x0000000710e00000, 0x0000000710e00000, 0x0000000711000000|  0%| F|  |TAMS 0x0000000710e00000, 0x0000000710e00000| Untracked 
| 119|0x0000000711000000, 0x0000000711000000, 0x0000000711200000|  0%| F|  |TAMS 0x0000000711000000, 0x0000000711000000| Untracked 
| 120|0x0000000711200000, 0x0000000711200000, 0x0000000711400000|  0%| F|  |TAMS 0x0000000711200000, 0x0000000711200000| Untracked 
| 121|0x0000000711400000, 0x0000000711400000, 0x0000000711600000|  0%| F|  |TAMS 0x0000000711400000, 0x0000000711400000| Untracked 
| 122|0x0000000711600000, 0x0000000711600000, 0x0000000711800000|  0%| F|  |TAMS 0x0000000711600000, 0x0000000711600000| Untracked 
| 123|0x0000000711800000, 0x0000000711800000, 0x0000000711a00000|  0%| F|  |TAMS 0x0000000711800000, 0x0000000711800000| Untracked 
| 124|0x0000000711a00000, 0x0000000711b00800, 0x0000000711c00000| 50%| E|  |TAMS 0x0000000711a00000, 0x0000000711a00000| Complete 
| 125|0x0000000711c00000, 0x0000000711e00000, 0x0000000711e00000|100%| E|CS|TAMS 0x0000000711c00000, 0x0000000711c00000| Complete 
| 126|0x0000000711e00000, 0x0000000712000000, 0x0000000712000000|100%| E|CS|TAMS 0x0000000711e00000, 0x0000000711e00000| Complete 

Card table byte_map: [0x00000255bbb00000,0x00000255bc2f0000] _byte_map_base: 0x00000255b82ef000

Marking Bits (Prev, Next): (CMBitMap*) 0x00000255aea3c480, (CMBitMap*) 0x00000255aea3c4c0
 Prev Bits: [0x00000255bcae0000, 0x00000255c0a58000)
 Next Bits: [0x00000255c0a60000, 0x00000255c49d8000)

Polling page: 0x00000255ae890000

Metaspace:

Usage:
  Non-class:      6.24 MB used.
      Class:    858.19 KB used.
       Both:      7.08 MB used.

Virtual space:
  Non-class space:        8.00 MB reserved,       6.38 MB ( 80%) committed,  1 nodes.
      Class space:        1.00 GB reserved,     960.00 KB ( <1%) committed,  1 nodes.
             Both:        1.01 GB reserved,       7.31 MB ( <1%) committed. 

Chunk freelists:
   Non-Class:  1.36 MB
       Class:  3.05 MB
        Both:  4.41 MB

MaxMetaspaceSize: unlimited
CompressedClassSpaceSize: 1.00 GB
Initial GC threshold: 21.00 MB
Current GC threshold: 21.00 MB
CDS: on
MetaspaceReclaimPolicy: balanced
 - commit_granule_bytes: 65536.
 - commit_granule_words: 8192.
 - virtual_space_node_default_size: 1048576.
 - enlarge_chunks_in_place: 1.
 - new_chunks_are_fully_committed: 0.
 - uncommit_free_chunks: 1.
 - use_allocation_guard: 0.
 - handle_deallocations: 1.


Internal statistics:

num_allocs_failed_limit: 0.
num_arena_births: 102.
num_arena_deaths: 0.
num_vsnodes_births: 2.
num_vsnodes_deaths: 0.
num_space_committed: 117.
num_space_uncommitted: 0.
num_chunks_returned_to_freelist: 0.
num_chunks_taken_from_freelist: 203.
num_chunk_merges: 0.
num_chunk_splits: 133.
num_chunks_enlarged: 89.
num_purges: 0.
num_inconsistent_stats: 0.

CodeCache: size=49152Kb used=5291Kb max_used=5291Kb free=43860Kb
 bounds [0x00000255b7a20000, 0x00000255b7f50000, 0x00000255baa20000]
 total_blobs=2015 nmethods=1546 adapters=394
 compilation: enabled
              stopped_count=0, restarted_count=0
 full_count=0

Compilation events (20 events):
Event: 0.742 Thread 0x00000255c75027d0 nmethod 1537 0x00000255b7f46010 code [0x00000255b7f461a0, 0x00000255b7f46298]
Event: 0.742 Thread 0x00000255c81dd010 1538       1       jdk.internal.org.objectweb.asm.Label::getCanonicalInstance (19 bytes)
Event: 0.742 Thread 0x00000255c81dd010 nmethod 1538 0x00000255b7f46390 code [0x00000255b7f46520, 0x00000255b7f46618]
Event: 0.742 Thread 0x00000255c81dd010 1539       1       jdk.internal.org.objectweb.asm.MethodWriter::visitFieldInsn (258 bytes)
Event: 0.742 Thread 0x00000255c74d2410 1540       1       jdk.internal.org.objectweb.asm.SymbolTable::addConstantFieldref (10 bytes)
Event: 0.742 Thread 0x00000255c74d2410 nmethod 1540 0x00000255b7f46690 code [0x00000255b7f46820, 0x00000255b7f46908]
Event: 0.743 Thread 0x00000255c819b110 nmethod 1533 0x00000255b7f46990 code [0x00000255b7f46cc0, 0x00000255b7f47fc8]
Event: 0.743 Thread 0x00000255c81dd010 nmethod 1539 0x00000255b7f48990 code [0x00000255b7f48b80, 0x00000255b7f49028]
Event: 0.744 Thread 0x00000255c74d2410 1541       1       java.lang.invoke.TypeConvertingMethodAdapter::cast (42 bytes)
Event: 0.744 Thread 0x00000255c74d2410 nmethod 1541 0x00000255b7f49390 code [0x00000255b7f49560, 0x00000255b7f49728]
Event: 0.744 Thread 0x00000255c81dd010 1542       1       java.lang.invoke.MemberName::hashCode (43 bytes)
Event: 0.744 Thread 0x00000255c74d2410 1543       1       java.lang.Byte::<init> (10 bytes)
Event: 0.744 Thread 0x00000255c75027d0 1544       1       java.util.Objects::hash (5 bytes)
Event: 0.744 Thread 0x00000255c819b110 1545       1       java.lang.Byte::hashCode (8 bytes)
Event: 0.744 Thread 0x00000255c75027d0 nmethod 1544 0x00000255b7f49890 code [0x00000255b7f49a20, 0x00000255b7f49ae8]
Event: 0.744 Thread 0x00000255c75027d0 1546       1       java.lang.Byte::hashCode (2 bytes)
Event: 0.744 Thread 0x00000255c819b110 nmethod 1545 0x00000255b7f49b90 code [0x00000255b7f49d20, 0x00000255b7f49df8]
Event: 0.744 Thread 0x00000255c74d2410 nmethod 1543 0x00000255b7f49e90 code [0x00000255b7f4a020, 0x00000255b7f4a0f8]
Event: 0.744 Thread 0x00000255c75027d0 nmethod 1546 0x00000255b7f4a190 code [0x00000255b7f4a320, 0x00000255b7f4a3d8]
Event: 0.744 Thread 0x00000255c81dd010 nmethod 1542 0x00000255b7f4a490 code [0x00000255b7f4a660, 0x00000255b7f4ac48]

GC Heap History (4 events):
Event: 0.533 GC heap before
{Heap before GC invocations=0 (full 0):
 garbage-first heap   total 260096K, used 20480K [0x0000000702200000, 0x0000000800000000)
  region size 2048K, 11 young (22528K), 0 survivors (0K)
 Metaspace       used 5314K, committed 5504K, reserved 1056768K
  class space    used 602K, committed 704K, reserved 1048576K
}
Event: 0.537 GC heap after
{Heap after GC invocations=1 (full 0):
 garbage-first heap   total 260096K, used 7371K [0x0000000702200000, 0x0000000800000000)
  region size 2048K, 2 young (4096K), 2 survivors (4096K)
 Metaspace       used 5314K, committed 5504K, reserved 1056768K
  class space    used 602K, committed 704K, reserved 1048576K
}
Event: 0.718 GC heap before
{Heap before GC invocations=1 (full 0):
 garbage-first heap   total 260096K, used 31947K [0x0000000702200000, 0x0000000800000000)
  region size 2048K, 14 young (28672K), 2 survivors (4096K)
 Metaspace       used 7053K, committed 7232K, reserved 1056768K
  class space    used 829K, committed 896K, reserved 1048576K
}
Event: 0.722 GC heap after
{Heap after GC invocations=2 (full 0):
 garbage-first heap   total 260096K, used 9560K [0x0000000702200000, 0x0000000800000000)
  region size 2048K, 1 young (2048K), 1 survivors (2048K)
 Metaspace       used 7053K, committed 7232K, reserved 1056768K
  class space    used 829K, committed 896K, reserved 1048576K
}

Deoptimization events (4 events):
Event: 0.524 Thread 0x00000255ae9cd840 DEOPT PACKING pc=0x00000255b7e6dc54 sp=0x000000705bff9c40
Event: 0.524 Thread 0x00000255ae9cd840 DEOPT UNPACKING pc=0x00000255b7a72b43 sp=0x000000705bff90d8 mode 3
Event: 0.543 Thread 0x00000255ae9cd840 DEOPT PACKING pc=0x00000255b7e8c3f9 sp=0x000000705bffa090
Event: 0.543 Thread 0x00000255ae9cd840 DEOPT UNPACKING pc=0x00000255b7a72b43 sp=0x000000705bff9570 mode 3

Classes unloaded (0 events):
No events

Classes redefined (0 events):
No events

Internal exceptions (18 events):
Event: 0.233 Thread 0x00000255ae9cd840 Exception <a 'java/lang/NoSuchMethodError'{0x000000071140a260}: 'java.lang.Object java.lang.invoke.DirectMethodHandle$Holder.invokeStaticInit(java.lang.Object)'> (0x000000071140a260) 
thrown [s\open\src\hotspot\share\interpreter\linkResolver.cpp, line 759]
Event: 0.249 Thread 0x00000255ae9cd840 Exception <a 'java/lang/NoSuchMethodError'{0x00000007114b48a0}: 'int java.lang.invoke.DirectMethodHandle$Holder.invokeInterface(java.lang.Object, java.lang.Object)'> (0x00000007114b48a0) 
thrown [s\open\src\hotspot\share\interpreter\linkResolver.cpp, line 759]
Event: 0.249 Thread 0x00000255ae9cd840 Exception <a 'java/lang/IncompatibleClassChangeError'{0x00000007114b7ea0}: Found class java.lang.Object, but interface was expected> (0x00000007114b7ea0) 
thrown [s\open\src\hotspot\share\interpreter\linkResolver.cpp, line 826]
Event: 0.250 Thread 0x00000255ae9cd840 Exception <a 'java/lang/NoSuchMethodError'{0x00000007114be230}: 'void java.lang.invoke.DirectMethodHandle$Holder.invokeStatic(java.lang.Object, java.lang.Object)'> (0x00000007114be230) 
thrown [s\open\src\hotspot\share\interpreter\linkResolver.cpp, line 759]
Event: 0.289 Thread 0x00000255ae9cd840 Exception <a 'java/lang/NoSuchMethodError'{0x000000071123c7c0}: 'int java.lang.invoke.DirectMethodHandle$Holder.invokeSpecial(java.lang.Object, java.lang.Object, java.lang.Object)'> (0x000000071123c7c0) 
thrown [s\open\src\hotspot\share\interpreter\linkResolver.cpp, line 759]
Event: 0.333 Thread 0x00000255ae9cd840 Exception <a 'java/lang/NoSuchMethodError'{0x00000007113d7d40}: 'void java.lang.invoke.DirectMethodHandle$Holder.invokeStatic(java.lang.Object, java.lang.Object, java.lang.Object)'> (0x00000007113d7d40) 
thrown [s\open\src\hotspot\share\interpreter\linkResolver.cpp, line 759]
Event: 0.341 Thread 0x00000255ae9cd840 Exception <a 'java/lang/NoSuchMethodError'{0x000000071103c020}: 'int java.lang.invoke.DirectMethodHandle$Holder.invokeSpecialIFC(java.lang.Object, java.lang.Object, java.lang.Object)'> (0x000000071103c020) 
thrown [s\open\src\hotspot\share\interpreter\linkResolver.cpp, line 759]
Event: 0.364 Thread 0x00000255ae9cd840 Exception <a 'java/lang/NoSuchMethodError'{0x0000000711117530}: 'java.lang.Object java.lang.invoke.DirectMethodHandle$Holder.invokeStaticInit(java.lang.Object, int, int, int, int)'> (0x0000000711117530) 
thrown [s\open\src\hotspot\share\interpreter\linkResolver.cpp, line 759]
Event: 0.439 Thread 0x00000255ae9cd840 Exception <a 'java/lang/NoSuchMethodError'{0x000000071119f800}: 'java.lang.Object java.lang.invoke.DirectMethodHandle$Holder.invokeStaticInit(java.lang.Object, java.lang.Object, int, int, int, int)'> (0x000000071119f800) 
thrown [s\open\src\hotspot\share\interpreter\linkResolver.cpp, line 759]
Event: 0.455 Thread 0x00000255ae9cd840 Exception <a 'java/lang/ClassNotFoundException'{0x00000007111e1798}: javax/management/remote/rmi/RMIServerImpl_Skel> (0x00000007111e1798) 
thrown [s\open\src\hotspot\share\classfile\systemDictionary.cpp, line 256]
Event: 0.580 Thread 0x00000255ae9cd840 Exception <a 'java/lang/ClassNotFoundException'{0x0000000711ab6420}: javax/smartcardio/CardPermission> (0x0000000711ab6420) 
thrown [s\open\src\hotspot\share\classfile\systemDictionary.cpp, line 256]
Event: 0.583 Thread 0x00000255ae9cd840 Exception <a 'java/io/FileNotFoundException'{0x0000000711ac6dc8}> (0x0000000711ac6dc8) 
thrown [s\open\src\hotspot\share\prims\jni.cpp, line 516]
Event: 0.633 Thread 0x00000255ae9cd840 Exception <a 'java/lang/NoSuchMethodError'{0x000000071155aca0}: 'void java.lang.invoke.DirectMethodHandle$Holder.invokeStatic(java.lang.Object, java.lang.Object, java.lang.Object, java.lang.Object)'> (0x000000071155aca0) 
thrown [s\open\src\hotspot\share\interpreter\linkResolver.cpp, line 759]
Event: 0.661 Thread 0x00000255ae9cd840 Exception <a 'java/lang/NoSuchMethodError'{0x0000000710e21f70}: 'int java.lang.invoke.DirectMethodHandle$Holder.invokeStaticInit(java.lang.Object, java.lang.Object)'> (0x0000000710e21f70) 
thrown [s\open\src\hotspot\share\interpreter\linkResolver.cpp, line 759]
Event: 0.716 Thread 0x00000255ae9cd840 Exception <a 'java/lang/NoSuchMethodError'{0x00000007105ab5d0}: 'java.lang.Object java.lang.invoke.DirectMethodHandle$Holder.invokeInterface(java.lang.Object, java.lang.Object)'> (0x00000007105ab5d0) 
thrown [s\open\src\hotspot\share\interpreter\linkResolver.cpp, line 759]
Event: 0.728 Thread 0x00000255ae9cd840 Exception <a 'java/lang/NoSuchMethodError'{0x0000000711ed5d10}: 'java.lang.Object java.lang.invoke.DirectMethodHandle$Holder.invokeSpecialIFC(java.lang.Object, java.lang.Object, java.lang.Object, java.lang.Object)'> (0x0000000711ed5d10) 
thrown [s\open\src\hotspot\share\interpreter\linkResolver.cpp, line 759]
Event: 0.730 Thread 0x00000255ae9cd840 Exception <a 'java/lang/NoSuchMethodError'{0x0000000711c0bc50}: 'java.lang.Object java.lang.invoke.DirectMethodHandle$Holder.invokeInterface(java.lang.Object, java.lang.Object, java.lang.Object)'> (0x0000000711c0bc50) 
thrown [s\open\src\hotspot\share\interpreter\linkResolver.cpp, line 759]
Event: 0.744 Thread 0x00000255ae9cd840 Exception <a 'java/lang/NoSuchMethodError'{0x0000000711a71110}: 'int java.lang.invoke.DirectMethodHandle$Holder.invokeStaticInit(java.lang.Object, java.lang.Object, java.lang.Object)'> (0x0000000711a71110) 
thrown [s\open\src\hotspot\share\interpreter\linkResolver.cpp, line 759]

VM Operations (18 events):
Event: 0.105 Executing VM operation: HandshakeAllThreads
Event: 0.105 Executing VM operation: HandshakeAllThreads done
Event: 0.173 Executing VM operation: HandshakeAllThreads
Event: 0.173 Executing VM operation: HandshakeAllThreads done
Event: 0.222 Executing VM operation: HandshakeAllThreads
Event: 0.222 Executing VM operation: HandshakeAllThreads done
Event: 0.353 Executing VM operation: HandshakeAllThreads
Event: 0.353 Executing VM operation: HandshakeAllThreads done
Event: 0.455 Executing VM operation: HandshakeAllThreads
Event: 0.455 Executing VM operation: HandshakeAllThreads done
Event: 0.497 Executing VM operation: HandshakeAllThreads
Event: 0.497 Executing VM operation: HandshakeAllThreads done
Event: 0.533 Executing VM operation: G1CollectForAllocation
Event: 0.537 Executing VM operation: G1CollectForAllocation done
Event: 0.545 Executing VM operation: HandshakeAllThreads
Event: 0.545 Executing VM operation: HandshakeAllThreads done
Event: 0.718 Executing VM operation: G1CollectForAllocation
Event: 0.722 Executing VM operation: G1CollectForAllocation done

Events (20 events):
Event: 0.741 loading class org/apache/logging/log4j/core/impl/Log4jContextFactory
Event: 0.741 loading class org/apache/logging/log4j/core/impl/Log4jContextFactory done
Event: 0.741 loading class org/apache/logging/log4j/core/impl$Log4jContextFactory
Event: 0.741 loading class org/apache/logging/log4j/core/impl$Log4jContextFactory done
Event: 0.741 loading class org/springframework/boot/logging/java/JavaLoggingSystem/Factory
Event: 0.741 loading class org/springframework/boot/logging/java/JavaLoggingSystem/Factory done
Event: 0.741 loading class org/springframework/boot/logging/java/JavaLoggingSystem$Factory
Event: 0.741 loading class org/springframework/boot/logging/java/JavaLoggingSystem$Factory done
Event: 0.743 loading class org/springframework/core/annotation/AttributeMethods
Event: 0.743 loading class org/springframework/core/annotation/AttributeMethods done
Event: 0.744 loading class org/springframework/core/annotation/AttributeMethods
Event: 0.744 loading class org/springframework/core/annotation/AttributeMethods done
Event: 0.744 loading class org/springframework/core/annotation/AttributeMethods
Event: 0.744 loading class org/springframework/core/annotation/AttributeMethods done
Event: 0.745 loading class org/springframework/core/annotation/AnnotationTypeMappings
Event: 0.745 loading class org/springframework/core/annotation/AnnotationTypeMappings done
Event: 0.745 loading class org/springframework/core/annotation/IntrospectionFailureLogger
Event: 0.745 loading class org/springframework/core/annotation/IntrospectionFailureLogger done
Event: 0.746 loading class org/springframework/core/annotation/IntrospectionFailureLogger$1
Event: 0.746 loading class org/springframework/core/annotation/IntrospectionFailureLogger$1 done


Dynamic libraries:
0x00007ff7fa210000 - 0x00007ff7fa220000 	C:\Program Files\Java\jdk-17.0.5\bin\java.exe
0x00007ffb79750000 - 0x00007ffb79948000 	C:\Windows\SYSTEM32\ntdll.dll
0x00007ffb77b00000 - 0x00007ffb77bbd000 	C:\Windows\System32\KERNEL32.DLL
0x00007ffb77050000 - 0x00007ffb77346000 	C:\Windows\System32\KERNELBASE.dll
0x00007ffb76f50000 - 0x00007ffb77050000 	C:\Windows\System32\ucrtbase.dll
0x00007ffb1cec0000 - 0x00007ffb1ced8000 	C:\Program Files\Java\jdk-17.0.5\bin\jli.dll
0x00007ffb1cee0000 - 0x00007ffb1cefa000 	C:\Program Files\Java\jdk-17.0.5\bin\VCRUNTIME140.dll
0x00007ffb78330000 - 0x00007ffb783df000 	C:\Windows\System32\ADVAPI32.dll
0x00007ffb78d10000 - 0x00007ffb78dae000 	C:\Windows\System32\msvcrt.dll
0x00007ffb79640000 - 0x00007ffb796dc000 	C:\Windows\System32\sechost.dll
0x00007ffb78600000 - 0x00007ffb78726000 	C:\Windows\System32\RPCRT4.dll
0x00007ffb78b70000 - 0x00007ffb78d0e000 	C:\Windows\System32\USER32.dll
0x00007ffb5b8e0000 - 0x00007ffb5bb7a000 	C:\Windows\WinSxS\amd64_microsoft.windows.common-controls_6595b64144ccf1df_6.0.19041.3636_none_60b6a03d71f818d5\COMCTL32.dll
0x00007ffb76f20000 - 0x00007ffb76f42000 	C:\Windows\System32\win32u.dll
0x00007ffb79500000 - 0x00007ffb7952c000 	C:\Windows\System32\GDI32.dll
0x00007ffb77660000 - 0x00007ffb7777a000 	C:\Windows\System32\gdi32full.dll
0x00007ffb76e80000 - 0x00007ffb76f1d000 	C:\Windows\System32\msvcp_win.dll
0x00007ffb6aeb0000 - 0x00007ffb6aeba000 	C:\Windows\SYSTEM32\VERSION.dll
0x00007ffb79610000 - 0x00007ffb79640000 	C:\Windows\System32\IMM32.DLL
0x00007ffb47ef0000 - 0x00007ffb47efc000 	C:\Program Files\Java\jdk-17.0.5\bin\vcruntime140_1.dll
0x00007ffb0f8e0000 - 0x00007ffb0f96d000 	C:\Program Files\Java\jdk-17.0.5\bin\msvcp140.dll
0x00007ffafd900000 - 0x00007ffafe4c2000 	C:\Program Files\Java\jdk-17.0.5\bin\server\jvm.dll
0x00007ffb77c20000 - 0x00007ffb77c28000 	C:\Windows\System32\PSAPI.DLL
0x00007ffb6f3e0000 - 0x00007ffb6f3e9000 	C:\Windows\SYSTEM32\WSOCK32.dll
0x00007ffb5b250000 - 0x00007ffb5b277000 	C:\Windows\SYSTEM32\WINMM.dll
0x00007ffb79540000 - 0x00007ffb795ab000 	C:\Windows\System32\WS2_32.dll
0x00007ffb75650000 - 0x00007ffb75662000 	C:\Windows\SYSTEM32\kernel.appcore.dll
0x00007ffb44dd0000 - 0x00007ffb44dda000 	C:\Program Files\Java\jdk-17.0.5\bin\jimage.dll
0x00007ffb71b70000 - 0x00007ffb71d54000 	C:\Windows\SYSTEM32\DBGHELP.DLL
0x00007ffb61e90000 - 0x00007ffb61ec4000 	C:\Windows\SYSTEM32\dbgcore.DLL
0x00007ffb77560000 - 0x00007ffb775e2000 	C:\Windows\System32\bcryptPrimitives.dll
0x00007ffb42210000 - 0x00007ffb4221e000 	C:\Program Files\Java\jdk-17.0.5\bin\instrument.dll
0x00007ffb1b7b0000 - 0x00007ffb1b7d5000 	C:\Program Files\Java\jdk-17.0.5\bin\java.dll
0x00007ffb1b790000 - 0x00007ffb1b7a8000 	C:\Program Files\Java\jdk-17.0.5\bin\zip.dll
0x00007ffb0f800000 - 0x00007ffb0f8d6000 	C:\Program Files\Java\jdk-17.0.5\bin\jsvml.dll
0x00007ffb78db0000 - 0x00007ffb794f4000 	C:\Windows\System32\SHELL32.dll
0x00007ffb71d60000 - 0x00007ffb724fb000 	C:\Windows\SYSTEM32\windows.storage.dll
0x00007ffb78810000 - 0x00007ffb78b64000 	C:\Windows\System32\combase.dll
0x00007ffb767d0000 - 0x00007ffb767fd000 	C:\Windows\SYSTEM32\Wldp.dll
0x00007ffb784a0000 - 0x00007ffb7854d000 	C:\Windows\System32\SHCORE.dll
0x00007ffb78440000 - 0x00007ffb78495000 	C:\Windows\System32\shlwapi.dll
0x00007ffb76d30000 - 0x00007ffb76d55000 	C:\Windows\SYSTEM32\profapi.dll
0x00007ffb1b770000 - 0x00007ffb1b789000 	C:\Program Files\Java\jdk-17.0.5\bin\net.dll
0x00007ffb6a4e0000 - 0x00007ffb6a5ea000 	C:\Windows\SYSTEM32\WINHTTP.dll
0x00007ffb764d0000 - 0x00007ffb7653a000 	C:\Windows\system32\mswsock.dll
0x00007ffb0fa20000 - 0x00007ffb0fa36000 	C:\Program Files\Java\jdk-17.0.5\bin\nio.dll
0x00007ffb76200000 - 0x00007ffb762ca000 	C:\Windows\SYSTEM32\DNSAPI.dll
0x00007ffb761c0000 - 0x00007ffb761fb000 	C:\Windows\SYSTEM32\IPHLPAPI.DLL
0x00007ffb79530000 - 0x00007ffb79538000 	C:\Windows\System32\NSI.dll
0x00007ffb67a90000 - 0x00007ffb67a9a000 	C:\Windows\System32\rasadhlp.dll
0x00007ffb679b0000 - 0x00007ffb67a30000 	C:\Windows\System32\fwpuclnt.dll
0x00007ffb76e50000 - 0x00007ffb76e77000 	C:\Windows\System32\bcrypt.dll
0x00007ffb3f830000 - 0x00007ffb3f839000 	C:\Program Files\Java\jdk-17.0.5\bin\management.dll
0x00007ffb3d320000 - 0x00007ffb3d32b000 	C:\Program Files\Java\jdk-17.0.5\bin\management_ext.dll
0x00007ffb766c0000 - 0x00007ffb766d8000 	C:\Windows\SYSTEM32\CRYPTSP.dll
0x00007ffb75e00000 - 0x00007ffb75e34000 	C:\Windows\system32\rsaenh.dll
0x00007ffb76cf0000 - 0x00007ffb76d1e000 	C:\Windows\SYSTEM32\USERENV.dll
0x00007ffb766e0000 - 0x00007ffb766ec000 	C:\Windows\SYSTEM32\CRYPTBASE.dll
0x00007ffb6c370000 - 0x00007ffb6c387000 	C:\Windows\SYSTEM32\dhcpcsvc6.DLL
0x00007ffb6c5a0000 - 0x00007ffb6c5bd000 	C:\Windows\SYSTEM32\dhcpcsvc.DLL
0x00007ffb4c8d0000 - 0x00007ffb4c8e7000 	C:\Windows\system32\napinsp.dll
0x00007ffb4c8b0000 - 0x00007ffb4c8cb000 	C:\Windows\system32\pnrpnsp.dll
0x00007ffb6e8b0000 - 0x00007ffb6e8c5000 	C:\Windows\system32\wshbth.dll
0x00007ffb6f2a0000 - 0x00007ffb6f2bd000 	C:\Windows\system32\NLAapi.dll
0x00007ffb436f0000 - 0x00007ffb43702000 	C:\Windows\System32\winrnr.dll
0x00007ffb0fa00000 - 0x00007ffb0fa1a000 	C:\Program Files\JetBrains\IntelliJ IDEA 2019.2\bin\breakgen64.dll

dbghelp: loaded successfully - version: 4.0.5 - missing functions: none
symbol engine: initialized successfully - sym options: 0x614 - pdb path: .;C:\Program Files\Java\jdk-17.0.5\bin;C:\Windows\SYSTEM32;C:\Windows\WinSxS\amd64_microsoft.windows.common-controls_6595b64144ccf1df_6.0.19041.3636_none_60b6a03d71f818d5;C:\Program Files\Java\jdk-17.0.5\bin\server;C:\Program Files\JetBrains\IntelliJ IDEA 2019.2\bin

VM Arguments:
jvm_args: -javaagent:C:\Users\BUDE\.IntelliJIdea2019.2\system\testAgent\intellij-coverage-agent-1.0.508.jar=C:\Users\BUDE\AppData\Local\Temp\coverageargs -XX:TieredStopAtLevel=1 -Xverify:none -Dspring.output.ansi.enabled=always -Dcom.sun.management.jmxremote -Dspring.jmx.enabled=true -Dspring.liveBeansView.mbeanDomain -Dspring.application.admin.enabled=true -Didea.launcher.port=54582 -Didea.launcher.bin.path=C:\Program Files\JetBrains\IntelliJ IDEA 2019.2\bin -Dfile.encoding=UTF-8 
java_command: com.intellij.rt.execution.application.AppMainV2 bude.e_commerce1.ECommerce1Application
java_class_path (initial): C:\Users\BUDE\Documents\springprojet\e_commerce1\target\classes;C:\Users\BUDE\.m2\repository\org\springframework\boot\spring-boot-starter-data-jpa\3.0.3\spring-boot-starter-data-jpa-3.0.3.jar;C:\Users\BUDE\.m2\repository\org\springframework\boot\spring-boot-starter-aop\3.0.3\spring-boot-starter-aop-3.0.3.jar;C:\Users\BUDE\.m2\repository\org\springframework\spring-aop\6.0.5\spring-aop-6.0.5.jar;C:\Users\BUDE\.m2\repository\org\aspectj\aspectjweaver\1.9.19\aspectjweaver-1.9.19.jar;C:\Users\BUDE\.m2\repository\org\springframework\boot\spring-boot-starter-jdbc\3.0.3\spring-boot-starter-jdbc-3.0.3.jar;C:\Users\BUDE\.m2\repository\com\zaxxer\HikariCP\5.0.1\HikariCP-5.0.1.jar;C:\Users\BUDE\.m2\repository\org\springframework\spring-jdbc\6.0.5\spring-jdbc-6.0.5.jar;C:\Users\BUDE\.m2\repository\org\hibernate\orm\hibernate-core\6.1.7.Final\hibernate-core-6.1.7.Final.jar;C:\Users\BUDE\.m2\repository\jakarta\persistence\jakarta.persistence-api\3.1.0\jakarta.persistence-api-3.1.0.jar;C:\Users\BUDE\.m2\repository\jakarta\transaction\jakarta.transaction-api\2.0.1\jakarta.transaction-api-2.0.1.jar;C:\Users\BUDE\.m2\repository\org\jboss\logging\jboss-logging\3.5.0.Final\jboss-logging-3.5.0.Final.jar;C:\Users\BUDE\.m2\repository\org\hibernate\common\hibernate-commons-annotations\6.0.6.Final\hibernate-commons-annotations-6.0.6.Final.jar;C:\Users\BUDE\.m2\repository\org\jboss\jandex\2.4.2.Final\jandex-2.4.2.Final.jar;C:\Users\BUDE\.m2\repository\com\fasterxml\classmate\1.5.1\classmate-1.5.1.jar;C:\Users\BUDE\.m2\repository\net\bytebuddy\byte-buddy\1.12.23\byte-buddy-1.12.23.jar;C:\Users\BUDE\.m2\repository\org\glassfish\jaxb\jaxb-runtime\4.0.2\jaxb-runtime-4.0.2.jar;C:\Users\BUDE\.m2\repository\org\glassfish\jaxb\jaxb-core\4.0.2\jaxb-core-4.0.2.jar;C:\Users\BUDE\.m2\repository\org\eclipse\angus\angus-activation\2.0.0\angus-activation-2.0.0.jar;C:\Users\BUDE\.m2\repository\org\glassfish\jaxb\txw2\4.0.2\txw2-4.0.2.jar;C:\Users\BUDE\.m2\repository\com\sun\istac
Launcher Type: SUN_STANDARD

[Global flags]
     intx CICompilerCount                          = 4                                         {product} {ergonomic}
     uint ConcGCThreads                            = 2                                         {product} {ergonomic}
     uint G1ConcRefinementThreads                  = 8                                         {product} {ergonomic}
   size_t G1HeapRegionSize                         = 2097152                                   {product} {ergonomic}
    uintx GCDrainStackTargetSize                   = 64                                        {product} {ergonomic}
   size_t InitialHeapSize                          = 266338304                                 {product} {ergonomic}
     bool ManagementServer                         = true                                      {product} {command line}
   size_t MarkStackSize                            = 4194304                                   {product} {ergonomic}
   size_t MaxHeapSize                              = 4259315712                                {product} {ergonomic}
   size_t MaxNewSize                               = 2554331136                                {product} {ergonomic}
   size_t MinHeapDeltaBytes                        = 2097152                                   {product} {ergonomic}
   size_t MinHeapSize                              = 8388608                                   {product} {ergonomic}
    uintx NonProfiledCodeHeapSize                  = 0                                      {pd product} {ergonomic}
     bool ProfileInterpreter                       = false                                  {pd product} {command line}
    uintx ProfiledCodeHeapSize                     = 0                                      {pd product} {ergonomic}
   size_t SoftMaxHeapSize                          = 4259315712                             {manageable} {ergonomic}
     intx TieredStopAtLevel                        = 1                                         {product} {command line}
     bool UseCompressedClassPointers               = true                           {product lp64_product} {ergonomic}
     bool UseCompressedOops                        = true                           {product lp64_product} {ergonomic}
     bool UseG1GC                                  = true                                      {product} {ergonomic}
     bool UseLargePagesIndividualAllocation        = false                                  {pd product} {ergonomic}

Logging:
Log output configuration:
 #0: stdout all=warning uptime,level,tags
 #1: stderr all=off uptime,level,tags

Environment Variables:
PATH=C:\Program Files\JetBrains\IntelliJ IDEA 2019.2\jbr\\bin;C:\Program Files\JetBrains\IntelliJ IDEA 2019.2\jbr\\bin\server;C:\Program Files\Common Files\Oracle\Java\javapath;C:\Program Files (x86)\VMware\VMware Workstation\bin\;C:\Windows\system32;C:\Windows;C:\Windows\System32\Wbem;C:\Windows\System32\WindowsPowerShell\v1.0\;C:\Windows\System32\OpenSSH\;C:\Program Files\nodejs\;C:\Program Files\MATLAB\R2013a\runtime\win64;C:\Program Files\MATLAB\R2013a\bin;%JAVA_HOME%\bin;C:\Program Files\Git\cmd;C:\Users\BUDE\AppData\Local\Microsoft\WindowsApps;C:\Users\BUDE\AppData\Roaming\npm;C:\Users\BUDE\AppData\Local\Programs\Microsoft VS Code\bin;C:\Program Files\JetBrains\IntelliJ IDEA 2019.2\bin;;C:\Users\BUDE\apache-maven-3.8.8\bin;
USERNAME=BUDE
OS=Windows_NT
PROCESSOR_IDENTIFIER=Intel64 Family 6 Model 142 Stepping 10, GenuineIntel



---------------  S Y S T E M  ---------------

OS:
 Windows 10 , 64 bit Build 19041 (10.0.19041.3636)
OS uptime: 0 days 10:03 hours

CPU: total 8 (initial active 8) (4 cores per cpu, 2 threads per core) family 6 model 142 stepping 10 microcode 0xd6, cx8, cmov, fxsr, ht, mmx, 3dnowpref, sse, sse2, sse3, ssse3, sse4.1, sse4.2, popcnt, lzcnt, tsc, tscinvbit, avx, avx2, aes, erms, clmul, bmi1, bmi2, rtm, adx, fma, vzeroupper, clflush, clflushopt

Memory: 4k page, system-wide physical 16242M (9310M free)
TotalPageFile size 18674M (AvailPageFile size 11113M)
current process WorkingSet (physical memory assigned to process): 91M, peak: 91M
current process commit charge ("private bytes"): 357M, peak: 357M

vm_info: Java HotSpot(TM) 64-Bit Server VM (17.0.5+9-LTS-191) for windows-amd64 JRE (17.0.5+9-LTS-191), built on Sep 13 2022 17:31:43 by "mach5one" with MS VC++ 16.8 / 16.9 (VS2019)

END.
