#
# A fatal error has been detected by the Java Runtime Environment:
#
#  EXCEPTION_ACCESS_VIOLATION (0xc0000005) at pc=0x00007ffd9972b0a8, pid=33240, tid=22588
#
# JRE version: Java(TM) SE Runtime Environment (17.0+35) (build 17+35-LTS-2724)
# Java VM: Java HotSpot(TM) 64-Bit Server VM (17+35-LTS-2724, mixed mode, emulated-client, sharing, tiered, compressed oops, compressed class ptrs, g1 gc, windows-amd64)
# Problematic frame:
# V  [jvm.dll+0x23b0a8]
#
# No core dump will be written. Minidumps are not enabled by default on client versions of Windows
#
# If you would like to submit a bug report, please visit:
#   https://bugreport.java.com/bugreport/crash.jsp
#

---------------  S U M M A R Y ------------

Command Line: -javaagent:C:\Users\DELL\.IntelliJIdea2019.2\system\testAgent\intellij-coverage-agent-1.0.508.jar=C:\Users\DELL\AppData\Local\Temp\coverageargs -XX:TieredStopAtLevel=1 -Xverify:none -Dspring.output.ansi.enabled=always -Dcom.sun.management.jmxremote -Dspring.jmx.enabled=true -Dspring.liveBeansView.mbeanDomain -Dspring.application.admin.enabled=true -Didea.launcher.port=57199 -Didea.launcher.bin.path=C:\Program Files\JetBrains\IntelliJ IDEA 2019.2\bin -Dfile.encoding=UTF-8 com.intellij.rt.execution.application.AppMainV2 bude.e_commerce1.ECommerce1Application

Host: Intel(R) Core(TM) i7-8650U CPU @ 1.90GHz, 8 cores, 15G,  Windows 10 , 64 bit Build 22621 (10.0.22621.1485)
Time: Thu Apr 20 17:14:08 2023 W. Central Africa Standard Time elapsed time: 0.709582 seconds (0d 0h 0m 0s)

---------------  T H R E A D  ---------------

Current thread (0x00000205c02c1030):  JavaThread "main" [_thread_in_vm, id=22588, stack(0x000000605ed00000,0x000000605ee00000)]

Stack: [0x000000605ed00000,0x000000605ee00000],  sp=0x000000605edf9d18,  free space=999k
Native frames: (J=compiled Java code, j=interpreted, Vv=VM code, C=native code)
V  [jvm.dll+0x23b0a8]

Java frames: (J=compiled Java code, j=interpreted, Vv=VM code)
J 1463  java.lang.ClassLoader.defineClass1(Ljava/lang/ClassLoader;Ljava/lang/String;[BIILjava/security/ProtectionDomain;Ljava/lang/String;)Ljava/lang/Class; java.base@17 (0 bytes) @ 0x00000205c7fb91e3 [0x00000205c7fb9120+0x00000000000000c3]
J 1492 c1 java.lang.ClassLoader.defineClass(Ljava/lang/String;[BIILjava/security/ProtectionDomain;)Ljava/lang/Class; java.base@17 (43 bytes) @ 0x00000205c7fc79ec [0x00000205c7fc78e0+0x000000000000010c]
J 1483 c1 jdk.internal.loader.BuiltinClassLoader.defineClass(Ljava/lang/String;Ljdk/internal/loader/Resource;)Ljava/lang/Class; java.base@17 (121 bytes) @ 0x00000205c7fc2d6c [0x00000205c7fc28a0+0x00000000000004cc]
J 1464 c1 jdk.internal.loader.BuiltinClassLoader.findClassOnClassPathOrNull(Ljava/lang/String;)Ljava/lang/Class; java.base@17 (64 bytes) @ 0x00000205c7fb99c4 [0x00000205c7fb9700+0x00000000000002c4]
J 1268 c1 jdk.internal.loader.BuiltinClassLoader.loadClassOrNull(Ljava/lang/String;Z)Ljava/lang/Class; java.base@17 (143 bytes) @ 0x00000205c7f61504 [0x00000205c7f61080+0x0000000000000484]
J 1366 c1 jdk.internal.loader.ClassLoaders$AppClassLoader.loadClass(Ljava/lang/String;Z)Ljava/lang/Class; java.base@17 (40 bytes) @ 0x00000205c7f8dfac [0x00000205c7f8de60+0x000000000000014c]
J 1362 c1 java.lang.ClassLoader.loadClass(Ljava/lang/String;)Ljava/lang/Class; java.base@17 (7 bytes) @ 0x00000205c7f8cde4 [0x00000205c7f8cda0+0x0000000000000044]
v  ~StubRoutines::call_stub
j  org.springframework.core.annotation.IntrospectionFailureLogger.<clinit>()V+13
v  ~StubRoutines::call_stub
j  org.springframework.core.annotation.AnnotationTypeMappings.<clinit>()V+13
v  ~StubRoutines::call_stub
j  org.springframework.core.annotation.TypeMappedAnnotations$MergedAnnotationFinder.process(Ljava/lang/Object;ILjava/lang/Object;Ljava/lang/annotation/Annotation;)Lorg/springframework/core/annotation/MergedAnnotation;+105
j  org.springframework.core.annotation.TypeMappedAnnotations$MergedAnnotationFinder.doWithAnnotations(Ljava/lang/Object;ILjava/lang/Object;[Ljava/lang/annotation/Annotation;)Lorg/springframework/core/annotation/MergedAnnotation;+85
j  org.springframework.core.annotation.TypeMappedAnnotations$MergedAnnotationFinder.doWithAnnotations(Ljava/lang/Object;ILjava/lang/Object;[Ljava/lang/annotation/Annotation;)Ljava/lang/Object;+6
j  org.springframework.core.annotation.AnnotationsScanner.processClassHierarchy(Ljava/lang/Object;[ILjava/lang/Class;Lorg/springframework/core/annotation/AnnotationsProcessor;ZLjava/util/function/Predicate;)Ljava/lang/Object;+107
j  org.springframework.core.annotation.AnnotationsScanner.processClassHierarchy(Ljava/lang/Object;Ljava/lang/Class;Lorg/springframework/core/annotation/AnnotationsProcessor;ZLjava/util/function/Predicate;)Ljava/lang/Object;+28
j  org.springframework.core.annotation.AnnotationsScanner.processClass(Ljava/lang/Object;Ljava/lang/Class;Lorg/springframework/core/annotation/MergedAnnotations$SearchStrategy;Ljava/util/function/Predicate;Lorg/springframework/core/annotation/AnnotationsProcessor;)Ljava/lang/Object;+133
j  org.springframework.core.annotation.AnnotationsScanner.process(Ljava/lang/Object;Ljava/lang/reflect/AnnotatedElement;Lorg/springframework/core/annotation/MergedAnnotations$SearchStrategy;Ljava/util/function/Predicate;Lorg/springframework/core/annotation/AnnotationsProcessor;)Ljava/lang/Object;+43
j  org.springframework.core.annotation.AnnotationsScanner.scan(Ljava/lang/Object;Ljava/lang/reflect/AnnotatedElement;Lorg/springframework/core/annotation/MergedAnnotations$SearchStrategy;Ljava/util/function/Predicate;Lorg/springframework/core/annotation/AnnotationsProcessor;)Ljava/lang/Object;+21
j  org.springframework.core.annotation.TypeMappedAnnotations.scan(Ljava/lang/Object;Lorg/springframework/core/annotation/AnnotationsProcessor;)Ljava/lang/Object;+103
j  org.springframework.core.annotation.TypeMappedAnnotations.get(Ljava/lang/Class;Ljava/util/function/Predicate;Lorg/springframework/core/annotation/MergedAnnotationSelector;)Lorg/springframework/core/annotation/MergedAnnotation;+61
j  org.springframework.core.annotation.TypeMappedAnnotations.get(Ljava/lang/Class;)Lorg/springframework/core/annotation/MergedAnnotation;+17
j  org.springframework.core.annotation.OrderUtils.findOrder(Lorg/springframework/core/annotation/MergedAnnotations;)Ljava/lang/Integer;+16
j  org.springframework.core.annotation.OrderUtils.getOrderFromAnnotations(Ljava/lang/reflect/AnnotatedElement;Lorg/springframework/core/annotation/MergedAnnotations;)Ljava/lang/Integer;+95
j  org.springframework.core.annotation.AnnotationAwareOrderComparator.findOrderFromAnnotation(Ljava/lang/Object;)Ljava/lang/Integer;+58
j  org.springframework.core.annotation.AnnotationAwareOrderComparator.findOrder(Ljava/lang/Object;)Ljava/lang/Integer;+48
j  org.springframework.core.OrderComparator.getOrder(Ljava/lang/Object;)I+26
j  org.springframework.core.OrderComparator.getOrder(Ljava/lang/Object;Lorg/springframework/core/OrderComparator$OrderSourceProvider;)I+203
j  org.springframework.core.OrderComparator.doCompare(Ljava/lang/Object;Ljava/lang/Object;Lorg/springframework/core/OrderComparator$OrderSourceProvider;)I+102
j  org.springframework.core.OrderComparator.compare(Ljava/lang/Object;Ljava/lang/Object;)I+17
j  java.util.TimSort.countRunAndMakeAscending([Ljava/lang/Object;IILjava/util/Comparator;)I+43 java.base@17
j  java.util.TimSort.sort([Ljava/lang/Object;IILjava/util/Comparator;[Ljava/lang/Object;II)V+60 java.base@17
j  java.util.Arrays.sort([Ljava/lang/Object;IILjava/util/Comparator;)V+43 java.base@17
j  java.util.ArrayList.sort(Ljava/util/Comparator;)V+15 java.base@17
j  org.springframework.core.annotation.AnnotationAwareOrderComparator.sort(Ljava/util/List;)V+34
j  org.springframework.core.io.support.SpringFactoriesLoader.load(Ljava/lang/Class;Lorg/springframework/core/io/support/SpringFactoriesLoader$ArgumentResolver;Lorg/springframework/core/io/support/SpringFactoriesLoader$FailureHandler;)Ljava/util/List;+219
j  org.springframework.core.io.support.SpringFactoriesLoader.load(Ljava/lang/Class;)Ljava/util/List;+17
j  org.springframework.core.io.support.SpringFactoriesLoader.loadFactories(Ljava/lang/Class;Ljava/lang/ClassLoader;)Ljava/util/List;+18
j  org.springframework.boot.logging.LoggingSystemFactory.lambda$fromSpringFactories$0(Ljava/lang/ClassLoader;)Ljava/util/List;+16
j  org.springframework.boot.logging.LoggingSystemFactory$$Lambda$144+0x0000000800cf23e8.apply(Ljava/lang/Object;)Ljava/lang/Object;+4
j  org.springframework.boot.logging.DelegatingLoggingSystemFactory.getLoggingSystem(Ljava/lang/ClassLoader;)Lorg/springframework/boot/logging/LoggingSystem;+25
j  org.springframework.boot.logging.LoggingSystem.get(Ljava/lang/ClassLoader;)Lorg/springframework/boot/logging/LoggingSystem;+89
j  org.springframework.boot.context.logging.LoggingApplicationListener.onApplicationStartingEvent(Lorg/springframework/boot/context/event/ApplicationStartingEvent;)V+21
j  org.springframework.boot.context.logging.LoggingApplicationListener.onApplicationEvent(Lorg/springframework/context/ApplicationEvent;)V+34
j  org.springframework.context.event.SimpleApplicationEventMulticaster.doInvokeListener(Lorg/springframework/context/ApplicationListener;Lorg/springframework/context/ApplicationEvent;)V+15
j  org.springframework.context.event.SimpleApplicationEventMulticaster.invokeListener(Lorg/springframework/context/ApplicationListener;Lorg/springframework/context/ApplicationEvent;)V+99
j  org.springframework.context.event.SimpleApplicationEventMulticaster.multicastEvent(Lorg/springframework/context/ApplicationEvent;Lorg/springframework/core/ResolvableType;)V+133
j  org.springframework.context.event.SimpleApplicationEventMulticaster.multicastEvent(Lorg/springframework/context/ApplicationEvent;)V+20
j  org.springframework.boot.context.event.EventPublishingRunListener.multicastInitialEvent(Lorg/springframework/context/ApplicationEvent;)V+29
j  org.springframework.boot.context.event.EventPublishingRunListener.starting(Lorg/springframework/boot/ConfigurableBootstrapContext;)V+30
j  org.springframework.boot.SpringApplicationRunListeners.lambda$starting$0(Lorg/springframework/boot/ConfigurableBootstrapContext;Lorg/springframework/boot/SpringApplicationRunListener;)V+15
j  org.springframework.boot.SpringApplicationRunListeners$$Lambda$141+0x0000000800cecc00.accept(Ljava/lang/Object;)V+8
j  java.lang.Iterable.forEach(Ljava/util/function/Consumer;)V+30 java.base@17
j  org.springframework.boot.SpringApplicationRunListeners.doWithListeners(Ljava/lang/String;Ljava/util/function/Consumer;Ljava/util/function/Consumer;)V+40
j  org.springframework.boot.SpringApplicationRunListeners.starting(Lorg/springframework/boot/ConfigurableBootstrapContext;Ljava/lang/Class;)V+28
j  org.springframework.boot.SpringApplication.run([Ljava/lang/String;)Lorg/springframework/context/ConfigurableApplicationContext;+80
j  org.springframework.boot.SpringApplication.run([Ljava/lang/Class;[Ljava/lang/String;)Lorg/springframework/context/ConfigurableApplicationContext;+22
j  org.springframework.boot.SpringApplication.run(Ljava/lang/Class;[Ljava/lang/String;)Lorg/springframework/context/ConfigurableApplicationContext;+22
j  bude.e_commerce1.ECommerce1Application.main([Ljava/lang/String;)V+16
v  ~StubRoutines::call_stub
j  jdk.internal.reflect.NativeMethodAccessorImpl.invoke0(Ljava/lang/reflect/Method;Ljava/lang/Object;[Ljava/lang/Object;)Ljava/lang/Object;+0 java.base@17
j  jdk.internal.reflect.NativeMethodAccessorImpl.invoke(Ljava/lang/Object;[Ljava/lang/Object;)Ljava/lang/Object;+133 java.base@17
j  jdk.internal.reflect.DelegatingMethodAccessorImpl.invoke(Ljava/lang/Object;[Ljava/lang/Object;)Ljava/lang/Object;+6 java.base@17
j  java.lang.reflect.Method.invoke(Ljava/lang/Object;[Ljava/lang/Object;)Ljava/lang/Object;+59 java.base@17
j  com.intellij.rt.execution.application.AppMainV2.main([Ljava/lang/String;)V+184
v  ~StubRoutines::call_stub

siginfo: EXCEPTION_ACCESS_VIOLATION (0xc0000005), reading address 0x00000205d770b938


Register to memory mapping:

RIP=0x00007ffd9972b0a8 jvm.dll
RAX=0x000000000000d83a is an unknown value
RBX=0x0000000000000001 is an unknown value
RCX=0x00000205d769f720 is pointing into metadata
RDX=0x000000000000003a is an unknown value
RSP=0x000000605edf9d18 is pointing into the stack for thread: 0x00000205c02c1030
RBP=0x000000000000003a is an unknown value
RSI=0x0000000000000006 is an unknown value
RDI=0x0000000800cf39e0 is a pointer to class: 
org.springframework.core.annotation.IntrospectionFailureLogger {0x0000000800cf39e8}
 - instance size:     3
 - klass size:        75
 - access:            synchronized abstract 
 - state:             being_initialized
 - name:              'org/springframework/core/annotation/IntrospectionFailureLogger'
 - super:             'java/lang/Enum'
 - sub:               
 - arrays:            NULL
 - methods:           Array<T>(0x00000205d769fc90)
 - method ordering:   Array<T>(0x00000008008e0100)
 - default_methods:   Array<T>(0x0000000000000000)
 - local interfaces:  Array<T>(0x00000008005af3b0)
 - trans. interfaces: Array<T>(0x00000008005b5490)
 - constants:         constant pool [136]/operands[10] {0x00000205d769f728} for 'org/springframework/core/annotation/IntrospectionFailureLogger' cache=0x00000205d769d478
 - class loader data:  loader data: 0x00000205d78c9b80 for instance a 'jdk/internal/loader/ClassLoaders$AppClassLoader'{0x0000000702523ad0}
 - source file:       'IntrospectionFailureLogger.java'
 - class annotations:       Array<T>(0x0000000000000000)
 - class type annotations:  Array<T>(0x0000000000000000)
 - field annotations:       Array<T>(0x00000205d769fc30)
 - field type annotations:  Array<T>(0x0000000000000000)
 - generic signature: 'Ljava/lang/Enum<Lorg/springframework/core/annotation/IntrospectionFailureLogger;>;'
 - inner classes:     Array<T>(0x00000205d769d410)
 - nest members:     Array<T>(0x00000205d769d438)
 - permitted subclasses:     Array<T>(0x00000205d769d448)
 - java mirror:       a 'java/lang/Class'{0x0000000711679be0} = 'org/springframework/core/annotation/IntrospectionFailureLogger'
 - vtable length      9  (start addr: 0x0000000800cf3ba8)
 - itable length      8 (start addr: 0x0000000800cf3bf0)
 - ---- static fields (2 words):
 - public static final 'DEBUG' 'Lorg/springframework/core/annotation/IntrospectionFailureLogger;' @112 
 - public static final 'INFO' 'Lorg/springframework/core/annotation/IntrospectionFailureLogger;' @116 
 - private static 'logger' 'Lorg/apache/commons/logging/Log;' @120 
 - private static final synthetic '$VALUES' '[Lorg/springframework/core/annotation/IntrospectionFailureLogger;' @124 
 - ---- non-static fields (2 words):
 - private final 'ordinal' 'I' @12 
 - private final 'name' 'Ljava/lang/String;' @16 
 - non-static oop maps: 16-16 
R8 =0x0000000000000004 is an unknown value
R9 =0x0000000800cf3c38 is a pointer to class: 
org.springframework.core.annotation.IntrospectionFailureLogger$1 {0x0000000800cf3c40}
 - instance size:     3
 - klass size:        75
 - access:            final synchronized 
 - state:             allocated
 - name:              'org/springframework/core/annotation/IntrospectionFailureLogger$1'
 - super:             'org/springframework/core/annotation/IntrospectionFailureLogger'
 - sub:               
 - arrays:            NULL
 - methods:           Array<T>(0x00000205d769d980)
 - method ordering:   Array<T>(0x00000008008e0100)
 - default_methods:   Array<T>(0x0000000000000000)
 - local interfaces:  Array<T>(0x00000008005af3b0)
 - trans. interfaces: Array<T>(0x00000008005b5490)
 - constants:         constant pool [55] {0x00000205d769d750} for 'org/springframework/core/annotation/IntrospectionFailureLogger$1'
 - class loader data:  loader data: 0x00000205d78c9b80 for instance a 'jdk/internal/loader/ClassLoaders$AppClassLoader'{0x0000000702523ad0}
 - source file:       'IntrospectionFailureLogger.java'
 - class annotations:       Array<T>(0x0000000000000000)
 - class type annotations:  Array<T>(0x0000000000000000)
 - field annotations:       Array<T>(0x0000000000000000)
 - field type annotations:  Array<T>(0x0000000000000000)
 - inner classes:     Array<T>(0x00000205d769dc00)
 - nest members:     Array<T>(0x00000008005af340)
 - permitted subclasses:     Array<T>(0x00000008005af340)
 - java mirror:       NULL
 - vtable length      9  (start addr: 0x0000000800cf3e00)
 - itable length      8 (start addr: 0x0000000800cf3e48)
 - ---- static fields (0 words):
 - ---- non-static fields (2 words):
 - private final 'ordinal' 'I' @12 
 - private final 'name' 'Ljava/lang/String;' @16 
 - non-static oop maps: 16-16 
R10=0x00007ffdd5120000 VCRUNTIME140.dll
R11=0x00000205d6d6ab40 points into unknown readable memory: 0xffffffff0000006d | 6d 00 00 00 ff ff ff ff
R12=0x00000205c02c1030 is a thread
R13=0x00000205c02c1030 is a thread
R14=0x0000000800cf3c38 is a pointer to class: 
org.springframework.core.annotation.IntrospectionFailureLogger$1 {0x0000000800cf3c40}
 - instance size:     3
 - klass size:        75
 - access:            final synchronized 
 - state:             allocated
 - name:              'org/springframework/core/annotation/IntrospectionFailureLogger$1'
 - super:             'org/springframework/core/annotation/IntrospectionFailureLogger'
 - sub:               
 - arrays:            NULL
 - methods:           Array<T>(0x00000205d769d980)
 - method ordering:   Array<T>(0x00000008008e0100)
 - default_methods:   Array<T>(0x0000000000000000)
 - local interfaces:  Array<T>(0x00000008005af3b0)
 - trans. interfaces: Array<T>(0x00000008005b5490)
 - constants:         constant pool [55] {0x00000205d769d750} for 'org/springframework/core/annotation/IntrospectionFailureLogger$1'
 - class loader data:  loader data: 0x00000205d78c9b80 for instance a 'jdk/internal/loader/ClassLoaders$AppClassLoader'{0x0000000702523ad0}
 - source file:       'IntrospectionFailureLogger.java'
 - class annotations:       Array<T>(0x0000000000000000)
 - class type annotations:  Array<T>(0x0000000000000000)
 - field annotations:       Array<T>(0x0000000000000000)
 - field type annotations:  Array<T>(0x0000000000000000)
 - inner classes:     Array<T>(0x00000205d769dc00)
 - nest members:     Array<T>(0x00000008005af340)
 - permitted subclasses:     Array<T>(0x00000008005af340)
 - java mirror:       NULL
 - vtable length      9  (start addr: 0x0000000800cf3e00)
 - itable length      8 (start addr: 0x0000000800cf3e48)
 - ---- static fields (0 words):
 - ---- non-static fields (2 words):
 - private final 'ordinal' 'I' @12 
 - private final 'name' 'Ljava/lang/String;' @16 
 - non-static oop maps: 16-16 
R15=0x0000000800cf3c38 is a pointer to class: 
org.springframework.core.annotation.IntrospectionFailureLogger$1 {0x0000000800cf3c40}
 - instance size:     3
 - klass size:        75
 - access:            final synchronized 
 - state:             allocated
 - name:              'org/springframework/core/annotation/IntrospectionFailureLogger$1'
 - super:             'org/springframework/core/annotation/IntrospectionFailureLogger'
 - sub:               
 - arrays:            NULL
 - methods:           Array<T>(0x00000205d769d980)
 - method ordering:   Array<T>(0x00000008008e0100)
 - default_methods:   Array<T>(0x0000000000000000)
 - local interfaces:  Array<T>(0x00000008005af3b0)
 - trans. interfaces: Array<T>(0x00000008005b5490)
 - constants:         constant pool [55] {0x00000205d769d750} for 'org/springframework/core/annotation/IntrospectionFailureLogger$1'
 - class loader data:  loader data: 0x00000205d78c9b80 for instance a 'jdk/internal/loader/ClassLoaders$AppClassLoader'{0x0000000702523ad0}
 - source file:       'IntrospectionFailureLogger.java'
 - class annotations:       Array<T>(0x0000000000000000)
 - class type annotations:  Array<T>(0x0000000000000000)
 - field annotations:       Array<T>(0x0000000000000000)
 - field type annotations:  Array<T>(0x0000000000000000)
 - inner classes:     Array<T>(0x00000205d769dc00)
 - nest members:     Array<T>(0x00000008005af340)
 - permitted subclasses:     Array<T>(0x00000008005af340)
 - java mirror:       NULL
 - vtable length      9  (start addr: 0x0000000800cf3e00)
 - itable length      8 (start addr: 0x0000000800cf3e48)
 - ---- static fields (0 words):
 - ---- non-static fields (2 words):
 - private final 'ordinal' 'I' @12 
 - private final 'name' 'Ljava/lang/String;' @16 
 - non-static oop maps: 16-16 


Registers:
RAX=0x000000000000d83a, RBX=0x0000000000000001, RCX=0x00000205d769f720, RDX=0x000000000000003a
RSP=0x000000605edf9d18, RBP=0x000000000000003a, RSI=0x0000000000000006, RDI=0x0000000800cf39e0
R8 =0x0000000000000004, R9 =0x0000000800cf3c38, R10=0x00007ffdd5120000, R11=0x00000205d6d6ab40
R12=0x00000205c02c1030, R13=0x00000205c02c1030, R14=0x0000000800cf3c38, R15=0x0000000800cf3c38
RIP=0x00007ffd9972b0a8, EFLAGS=0x0000000000010297

Top of Stack: (sp=0x000000605edf9d18)
0x000000605edf9d18:   00007ffd9985ae02 00000205d6c241d0
0x000000605edf9d28:   00000205c02c1030 000000605edfa380
0x000000605edf9d38:   00000205d89bbe66 0000000800cf3c38
0x000000605edf9d48:   0000000800cf39e0 00000008005af3b0
0x000000605edf9d58:   00000205d769d980 000000605edfa040
0x000000605edf9d68:   00007ffd996cebaa 00000205d89bbe66
0x000000605edf9d78:   000000605edfa380 00000205c02c1030
0x000000605edf9d88:   00000205c02c1030 00000205d83b9b40
0x000000605edf9d98:   00007ffd99b68cff 00000205c02bcc00
0x000000605edf9da8:   00000205d89bbe00 000000605edfa040
0x000000605edf9db8:   0000000000000000 0000000800cf3c38
0x000000605edf9dc8:   00000205c02c1030 0000000800cf3c38
0x000000605edf9dd8:   00007ffd99a29efe 00000205d769d980
0x000000605edf9de8:   000000605edf9e10 000000605edfa380
0x000000605edf9df8:   00000008005af3b0 00007ffd99e17978
0x000000605edf9e08:   0000000200000002 00007ffd99e17988 

Instructions: (pc=0x00007ffd9972b0a8)
0x00007ffd9972afa8:   48 8b 49 18 e8 1f ab 31 00 48 83 7e 08 00 48 8b
0x00007ffd9972afb8:   7c 24 70 48 8b 6c 24 60 74 37 4c 8b ce 41 b0 64
0x00007ffd9972afc8:   41 8b d4 49 8b ce e8 bd 1c 00 00 48 83 7e 08 00
0x00007ffd9972afd8:   0f 85 87 00 00 00 49 8b 0e 8b 54 24 68 48 8b 41
0x00007ffd9972afe8:   28 48 8b 44 d0 08 48 83 c4 38 41 5e 41 5c 5e 5b
0x00007ffd9972aff8:   c3 48 83 3d 37 2b 8a 00 00 74 0b 48 8b d3 49 8b
0x00007ffd9972b008:   ce e8 52 22 00 00 8b 44 24 68 41 b9 07 00 00 00
0x00007ffd9972b018:   48 8d 14 c5 00 00 00 00 49 8b 06 48 8b 48 28 48
0x00007ffd9972b028:   89 5c 11 08 49 8b 06 48 8b 48 08 b0 64 f0 46 0f
0x00007ffd9972b038:   b0 4c 21 04 3c 67 75 32 49 8b 06 4c 8b c6 48 8b
0x00007ffd9972b048:   48 28 48 c7 44 11 08 00 00 00 00 41 8b d4 49 8b
0x00007ffd9972b058:   ce e8 52 20 00 00 48 83 7e 08 00 74 0d 33 c0 48
0x00007ffd9972b068:   83 c4 38 41 5e 41 5c 5e 5b c3 48 8b c3 48 83 c4
0x00007ffd9972b078:   38 41 5e 41 5c 5e 5b c3 48 8b 41 28 4c 63 ca 42
0x00007ffd9972b088:   0f b7 54 c9 48 4c 89 44 d0 08 48 8b 41 08 42 c6
0x00007ffd9972b098:   44 08 04 07 c3 cc cc cc 48 63 c2 0f b7 44 c1 4a
0x00007ffd9972b0a8:   48 8b 44 c1 48 c3 cc cc 49 63 c0 44 0f b7 44 c1
0x00007ffd9972b0b8:   4a 48 8b 42 18 4a 39 44 c1 48 0f 94 c0 c3 cc cc
0x00007ffd9972b0c8:   cc cc cc cc cc cc cc cc 48 89 5c 24 10 48 89 74
0x00007ffd9972b0d8:   24 18 57 48 83 ec 30 48 63 da 49 8b f0 48 8b f9
0x00007ffd9972b0e8:   85 d2 79 24 4c 8d 0d b5 28 6a 00 ba b4 02 00 00
0x00007ffd9972b0f8:   4c 8d 05 e1 28 6a 00 48 8d 0d 4a 28 6a 00 e8 95
0x00007ffd9972b108:   79 00 00 e8 50 43 43 00 48 8b 4f 10 48 85 c9 74
0x00007ffd9972b118:   0f 48 8d 43 01 48 c1 e0 05 48 8b 04 08 0f b7 d8
0x00007ffd9972b128:   48 63 c3 48 8d 54 24 40 48 89 7c 24 20 48 89 74
0x00007ffd9972b138:   24 28 48 8b 8e 40 02 00 00 8b 5c c7 48 48 89 7c
0x00007ffd9972b148:   24 40 e8 b1 f8 dc ff 0f b7 d3 48 8d 4c 24 20 4c
0x00007ffd9972b158:   8b c6 e8 f1 fb ff ff 48 8d 4c 24 20 48 8b d8 e8
0x00007ffd9972b168:   24 be 10 00 48 8b 74 24 50 48 8b c3 48 8b 5c 24
0x00007ffd9972b178:   48 48 83 c4 30 5f c3 cc 48 89 5c 24 08 57 48 83
0x00007ffd9972b188:   ec 20 48 63 fa 48 8b d9 85 d2 79 24 4c 8d 0d 0d
0x00007ffd9972b198:   28 6a 00 ba b4 02 00 00 4c 8d 05 39 28 6a 00 48 


Stack slot to memory mapping:
stack at sp + 0 slots: 0x00007ffd9985ae02 jvm.dll
stack at sp + 1 slots: 0x00000205d6c241d0 points into unknown readable memory: 0x6b646a5f00000000 | 00 00 00 00 5f 6a 64 6b
stack at sp + 2 slots: 0x00000205c02c1030 is a thread
stack at sp + 3 slots: 0x000000605edfa380 is pointing into the stack for thread: 0x00000205c02c1030
stack at sp + 4 slots: 0x00000205d89bbe66 points into unknown readable memory: 6f 72
stack at sp + 5 slots: 0x0000000800cf3c38 is a pointer to class: 
org.springframework.core.annotation.IntrospectionFailureLogger$1 {0x0000000800cf3c40}
 - instance size:     3
 - klass size:        75
 - access:            final synchronized 
 - state:             allocated
 - name:              'org/springframework/core/annotation/IntrospectionFailureLogger$1'
 - super:             'org/springframework/core/annotation/IntrospectionFailureLogger'
 - sub:               
 - arrays:            NULL
 - methods:           Array<T>(0x00000205d769d980)
 - method ordering:   Array<T>(0x00000008008e0100)
 - default_methods:   Array<T>(0x0000000000000000)
 - local interfaces:  Array<T>(0x00000008005af3b0)
 - trans. interfaces: Array<T>(0x00000008005b5490)
 - constants:         constant pool [55] {0x00000205d769d750} for 'org/springframework/core/annotation/IntrospectionFailureLogger$1'
 - class loader data:  loader data: 0x00000205d78c9b80 for instance a 'jdk/internal/loader/ClassLoaders$AppClassLoader'{0x0000000702523ad0}
 - source file:       'IntrospectionFailureLogger.java'
 - class annotations:       Array<T>(0x0000000000000000)
 - class type annotations:  Array<T>(0x0000000000000000)
 - field annotations:       Array<T>(0x0000000000000000)
 - field type annotations:  Array<T>(0x0000000000000000)
 - inner classes:     Array<T>(0x00000205d769dc00)
 - nest members:     Array<T>(0x00000008005af340)
 - permitted subclasses:     Array<T>(0x00000008005af340)
 - java mirror:       NULL
 - vtable length      9  (start addr: 0x0000000800cf3e00)
 - itable length      8 (start addr: 0x0000000800cf3e48)
 - ---- static fields (0 words):
 - ---- non-static fields (2 words):
 - private final 'ordinal' 'I' @12 
 - private final 'name' 'Ljava/lang/String;' @16 
 - non-static oop maps: 16-16 
stack at sp + 6 slots: 0x0000000800cf39e0 is a pointer to class: 
org.springframework.core.annotation.IntrospectionFailureLogger {0x0000000800cf39e8}
 - instance size:     3
 - klass size:        75
 - access:            synchronized abstract 
 - state:             being_initialized
 - name:              'org/springframework/core/annotation/IntrospectionFailureLogger'
 - super:             'java/lang/Enum'
 - sub:               
 - arrays:            NULL
 - methods:           Array<T>(0x00000205d769fc90)
 - method ordering:   Array<T>(0x00000008008e0100)
 - default_methods:   Array<T>(0x0000000000000000)
 - local interfaces:  Array<T>(0x00000008005af3b0)
 - trans. interfaces: Array<T>(0x00000008005b5490)
 - constants:         constant pool [136]/operands[10] {0x00000205d769f728} for 'org/springframework/core/annotation/IntrospectionFailureLogger' cache=0x00000205d769d478
 - class loader data:  loader data: 0x00000205d78c9b80 for instance a 'jdk/internal/loader/ClassLoaders$AppClassLoader'{0x0000000702523ad0}
 - source file:       'IntrospectionFailureLogger.java'
 - class annotations:       Array<T>(0x0000000000000000)
 - class type annotations:  Array<T>(0x0000000000000000)
 - field annotations:       Array<T>(0x00000205d769fc30)
 - field type annotations:  Array<T>(0x0000000000000000)
 - generic signature: 'Ljava/lang/Enum<Lorg/springframework/core/annotation/IntrospectionFailureLogger;>;'
 - inner classes:     Array<T>(0x00000205d769d410)
 - nest members:     Array<T>(0x00000205d769d438)
 - permitted subclasses:     Array<T>(0x00000205d769d448)
 - java mirror:       a 'java/lang/Class'{0x0000000711679be0} = 'org/springframework/core/annotation/IntrospectionFailureLogger'
 - vtable length      9  (start addr: 0x0000000800cf3ba8)
 - itable length      8 (start addr: 0x0000000800cf3bf0)
 - ---- static fields (2 words):
 - public static final 'DEBUG' 'Lorg/springframework/core/annotation/IntrospectionFailureLogger;' @112 
 - public static final 'INFO' 'Lorg/springframework/core/annotation/IntrospectionFailureLogger;' @116 
 - private static 'logger' 'Lorg/apache/commons/logging/Log;' @120 
 - private static final synthetic '$VALUES' '[Lorg/springframework/core/annotation/IntrospectionFailureLogger;' @124 
 - ---- non-static fields (2 words):
 - private final 'ordinal' 'I' @12 
 - private final 'name' 'Ljava/lang/String;' @16 
 - non-static oop maps: 16-16 
stack at sp + 7 slots: 0x00000008005af3b0 is pointing into metadata


---------------  P R O C E S S  ---------------

Threads class SMR info:
_java_thread_list=0x00000205d7da9d10, length=16, elements={
0x00000205c02c1030, 0x00000205d6d65880, 0x00000205d6d68560, 0x00000205d6d78150,
0x00000205d6d78a10, 0x00000205d6d7a6e0, 0x00000205d6d7afa0, 0x00000205d6d7dbb0,
0x00000205d6d87f40, 0x00000205d6d50680, 0x00000205d78ca560, 0x00000205d78caa70,
0x00000205d79aec10, 0x00000205d7a09b90, 0x00000205d7e14ae0, 0x00000205d7e2c6a0
}

Java Threads: ( => current thread )
=>0x00000205c02c1030 JavaThread "main" [_thread_in_vm, id=22588, stack(0x000000605ed00000,0x000000605ee00000)]
  0x00000205d6d65880 JavaThread "Reference Handler" daemon [_thread_blocked, id=31204, stack(0x000000605f400000,0x000000605f500000)]
  0x00000205d6d68560 JavaThread "Finalizer" daemon [_thread_blocked, id=26288, stack(0x000000605f500000,0x000000605f600000)]
  0x00000205d6d78150 JavaThread "Signal Dispatcher" daemon [_thread_blocked, id=25084, stack(0x000000605f600000,0x000000605f700000)]
  0x00000205d6d78a10 JavaThread "Attach Listener" daemon [_thread_blocked, id=25912, stack(0x000000605f700000,0x000000605f800000)]
  0x00000205d6d7a6e0 JavaThread "Service Thread" daemon [_thread_blocked, id=33176, stack(0x000000605f800000,0x000000605f900000)]
  0x00000205d6d7afa0 JavaThread "Monitor Deflation Thread" daemon [_thread_blocked, id=31148, stack(0x000000605f900000,0x000000605fa00000)]
  0x00000205d6d7dbb0 JavaThread "C1 CompilerThread0" daemon [_thread_blocked, id=19860, stack(0x000000605fa00000,0x000000605fb00000)]
  0x00000205d6d87f40 JavaThread "Sweeper thread" daemon [_thread_blocked, id=19480, stack(0x000000605fb00000,0x000000605fc00000)]
  0x00000205d6d50680 JavaThread "Common-Cleaner" daemon [_thread_blocked, id=1812, stack(0x000000605fc00000,0x000000605fd00000)]
  0x00000205d78ca560 JavaThread "C1 CompilerThread1" daemon [_thread_blocked, id=18308, stack(0x000000605fd00000,0x000000605fe00000)]
  0x00000205d78caa70 JavaThread "C1 CompilerThread2" daemon [_thread_blocked, id=32840, stack(0x000000605fe00000,0x000000605ff00000)]
  0x00000205d79aec10 JavaThread "C1 CompilerThread3" daemon [_thread_blocked, id=32308, stack(0x000000605ff00000,0x0000006060000000)]
  0x00000205d7a09b90 JavaThread "Notification Thread" daemon [_thread_blocked, id=27784, stack(0x0000006060000000,0x0000006060100000)]
  0x00000205d7e14ae0 JavaThread "RMI TCP Accept-0" daemon [_thread_in_native, id=11060, stack(0x0000006060100000,0x0000006060200000)]
  0x00000205d7e2c6a0 JavaThread "Monitor Ctrl-Break" daemon [_thread_in_native, id=19388, stack(0x0000006060300000,0x0000006060400000)]

Other Threads:
  0x00000205d6d61fe0 VMThread "VM Thread" [stack: 0x000000605f300000,0x000000605f400000] [id=33120]
  0x00000205d7e14fb0 WatcherThread [stack: 0x0000006060200000,0x0000006060300000] [id=24472]
  0x00000205c02df070 GCTaskThread "GC Thread#0" [stack: 0x000000605ee00000,0x000000605ef00000] [id=27300]
  0x00000205d7fe4430 GCTaskThread "GC Thread#1" [stack: 0x0000006060400000,0x0000006060500000] [id=30592]
  0x00000205d7fe46e0 GCTaskThread "GC Thread#2" [stack: 0x0000006060500000,0x0000006060600000] [id=31940]
  0x00000205d80c3200 GCTaskThread "GC Thread#3" [stack: 0x0000006060600000,0x0000006060700000] [id=13472]
  0x00000205d80c44c0 GCTaskThread "GC Thread#4" [stack: 0x0000006060700000,0x0000006060800000] [id=31404]
  0x00000205d80c5590 GCTaskThread "GC Thread#5" [stack: 0x0000006060800000,0x0000006060900000] [id=11028]
  0x00000205d80fa270 GCTaskThread "GC Thread#6" [stack: 0x0000006060900000,0x0000006060a00000] [id=24716]
  0x00000205d83c93c0 GCTaskThread "GC Thread#7" [stack: 0x0000006060c00000,0x0000006060d00000] [id=29452]
  0x00000205c02dfd90 ConcurrentGCThread "G1 Main Marker" [stack: 0x000000605ef00000,0x000000605f000000] [id=22936]
  0x00000205c02e0450 ConcurrentGCThread "G1 Conc#0" [stack: 0x000000605f000000,0x000000605f100000] [id=33440]
  0x00000205c0375230 ConcurrentGCThread "G1 Refine#0" [stack: 0x000000605f100000,0x000000605f200000] [id=26468]
  0x00000205d80cc390 ConcurrentGCThread "G1 Refine#1" [stack: 0x0000006060a00000,0x0000006060b00000] [id=22720]
  0x00000205d810a930 ConcurrentGCThread "G1 Refine#2" [stack: 0x0000006060b00000,0x0000006060c00000] [id=1392]
  0x00000205c0375900 ConcurrentGCThread "G1 Service" [stack: 0x000000605f200000,0x000000605f300000] [id=13468]

Threads with active compile tasks:

VM state: not at safepoint (normal execution)

VM Mutex/Monitor currently owned by a thread: None

Heap address: 0x0000000702200000, size: 4062 MB, Compressed Oops mode: Zero based, Oop shift amount: 3

CDS archive(s) mapped at: [0x0000000800000000-0x0000000800bc0000-0x0000000800bc0000), size 12320768, SharedBaseAddress: 0x0000000800000000, ArchiveRelocationMode: 0.
Compressed class space mapped at: 0x0000000800c00000-0x0000000840c00000, reserved size: 1073741824
Narrow klass base: 0x0000000800000000, Narrow klass shift: 0, Narrow klass range: 0x100000000

GC Precious Log:
 CPUs: 8 total, 8 available
 Memory: 16242M
 Large Page Support: Disabled
 NUMA Support: Disabled
 Compressed Oops: Enabled (Zero based)
 Heap Region Size: 2M
 Heap Min Capacity: 8M
 Heap Initial Capacity: 254M
 Heap Max Capacity: 4062M
 Pre-touch: Disabled
 Parallel Workers: 8
 Concurrent Workers: 2
 Concurrent Refinement Workers: 8
 Periodic GC: Disabled

Heap:
 garbage-first heap   total 260096K, used 17598K [0x0000000702200000, 0x0000000800000000)
  region size 2048K, 6 young (12288K), 1 survivors (2048K)
 Metaspace       used 7213K, committed 7360K, reserved 1056768K
  class space    used 851K, committed 960K, reserved 1048576K

Heap Regions: E=young(eden), S=young(survivor), O=old, HS=humongous(starts), HC=humongous(continues), CS=collection set, F=free, OA=open archive, CA=closed archive, TAMS=top-at-mark-start (previous, next)
|   0|0x0000000702200000, 0x0000000702400000, 0x0000000702400000|100%| O|  |TAMS 0x0000000702200000, 0x0000000702200000| Untracked 
|   1|0x0000000702400000, 0x0000000702600000, 0x0000000702600000|100%| O|  |TAMS 0x0000000702400000, 0x0000000702400000| Untracked 
|   2|0x0000000702600000, 0x0000000702800000, 0x0000000702800000|100%| O|  |TAMS 0x0000000702600000, 0x0000000702600000| Untracked 
|   3|0x0000000702800000, 0x0000000702965800, 0x0000000702a00000| 69%| O|  |TAMS 0x0000000702800000, 0x0000000702800000| Untracked 
|   4|0x0000000702a00000, 0x0000000702a00000, 0x0000000702c00000|  0%| F|  |TAMS 0x0000000702a00000, 0x0000000702a00000| Untracked 
|   5|0x0000000702c00000, 0x0000000702c00000, 0x0000000702e00000|  0%| F|  |TAMS 0x0000000702c00000, 0x0000000702c00000| Untracked 
|   6|0x0000000702e00000, 0x0000000702e00000, 0x0000000703000000|  0%| F|  |TAMS 0x0000000702e00000, 0x0000000702e00000| Untracked 
|   7|0x0000000703000000, 0x0000000703000000, 0x0000000703200000|  0%| F|  |TAMS 0x0000000703000000, 0x0000000703000000| Untracked 
|   8|0x0000000703200000, 0x0000000703200000, 0x0000000703400000|  0%| F|  |TAMS 0x0000000703200000, 0x0000000703200000| Untracked 
|   9|0x0000000703400000, 0x0000000703400000, 0x0000000703600000|  0%| F|  |TAMS 0x0000000703400000, 0x0000000703400000| Untracked 
|  10|0x0000000703600000, 0x0000000703600000, 0x0000000703800000|  0%| F|  |TAMS 0x0000000703600000, 0x0000000703600000| Untracked 
|  11|0x0000000703800000, 0x0000000703800000, 0x0000000703a00000|  0%| F|  |TAMS 0x0000000703800000, 0x0000000703800000| Untracked 
|  12|0x0000000703a00000, 0x0000000703a00000, 0x0000000703c00000|  0%| F|  |TAMS 0x0000000703a00000, 0x0000000703a00000| Untracked 
|  13|0x0000000703c00000, 0x0000000703c00000, 0x0000000703e00000|  0%| F|  |TAMS 0x0000000703c00000, 0x0000000703c00000| Untracked 
|  14|0x0000000703e00000, 0x0000000703e00000, 0x0000000704000000|  0%| F|  |TAMS 0x0000000703e00000, 0x0000000703e00000| Untracked 
|  15|0x0000000704000000, 0x0000000704000000, 0x0000000704200000|  0%| F|  |TAMS 0x0000000704000000, 0x0000000704000000| Untracked 
|  16|0x0000000704200000, 0x0000000704200000, 0x0000000704400000|  0%| F|  |TAMS 0x0000000704200000, 0x0000000704200000| Untracked 
|  17|0x0000000704400000, 0x0000000704400000, 0x0000000704600000|  0%| F|  |TAMS 0x0000000704400000, 0x0000000704400000| Untracked 
|  18|0x0000000704600000, 0x0000000704600000, 0x0000000704800000|  0%| F|  |TAMS 0x0000000704600000, 0x0000000704600000| Untracked 
|  19|0x0000000704800000, 0x0000000704800000, 0x0000000704a00000|  0%| F|  |TAMS 0x0000000704800000, 0x0000000704800000| Untracked 
|  20|0x0000000704a00000, 0x0000000704a00000, 0x0000000704c00000|  0%| F|  |TAMS 0x0000000704a00000, 0x0000000704a00000| Untracked 
|  21|0x0000000704c00000, 0x0000000704c00000, 0x0000000704e00000|  0%| F|  |TAMS 0x0000000704c00000, 0x0000000704c00000| Untracked 
|  22|0x0000000704e00000, 0x0000000704e00000, 0x0000000705000000|  0%| F|  |TAMS 0x0000000704e00000, 0x0000000704e00000| Untracked 
|  23|0x0000000705000000, 0x0000000705000000, 0x0000000705200000|  0%| F|  |TAMS 0x0000000705000000, 0x0000000705000000| Untracked 
|  24|0x0000000705200000, 0x0000000705200000, 0x0000000705400000|  0%| F|  |TAMS 0x0000000705200000, 0x0000000705200000| Untracked 
|  25|0x0000000705400000, 0x0000000705400000, 0x0000000705600000|  0%| F|  |TAMS 0x0000000705400000, 0x0000000705400000| Untracked 
|  26|0x0000000705600000, 0x0000000705600000, 0x0000000705800000|  0%| F|  |TAMS 0x0000000705600000, 0x0000000705600000| Untracked 
|  27|0x0000000705800000, 0x0000000705800000, 0x0000000705a00000|  0%| F|  |TAMS 0x0000000705800000, 0x0000000705800000| Untracked 
|  28|0x0000000705a00000, 0x0000000705a00000, 0x0000000705c00000|  0%| F|  |TAMS 0x0000000705a00000, 0x0000000705a00000| Untracked 
|  29|0x0000000705c00000, 0x0000000705c00000, 0x0000000705e00000|  0%| F|  |TAMS 0x0000000705c00000, 0x0000000705c00000| Untracked 
|  30|0x0000000705e00000, 0x0000000705e00000, 0x0000000706000000|  0%| F|  |TAMS 0x0000000705e00000, 0x0000000705e00000| Untracked 
|  31|0x0000000706000000, 0x0000000706000000, 0x0000000706200000|  0%| F|  |TAMS 0x0000000706000000, 0x0000000706000000| Untracked 
|  32|0x0000000706200000, 0x0000000706200000, 0x0000000706400000|  0%| F|  |TAMS 0x0000000706200000, 0x0000000706200000| Untracked 
|  33|0x0000000706400000, 0x0000000706400000, 0x0000000706600000|  0%| F|  |TAMS 0x0000000706400000, 0x0000000706400000| Untracked 
|  34|0x0000000706600000, 0x0000000706600000, 0x0000000706800000|  0%| F|  |TAMS 0x0000000706600000, 0x0000000706600000| Untracked 
|  35|0x0000000706800000, 0x0000000706800000, 0x0000000706a00000|  0%| F|  |TAMS 0x0000000706800000, 0x0000000706800000| Untracked 
|  36|0x0000000706a00000, 0x0000000706a00000, 0x0000000706c00000|  0%| F|  |TAMS 0x0000000706a00000, 0x0000000706a00000| Untracked 
|  37|0x0000000706c00000, 0x0000000706c00000, 0x0000000706e00000|  0%| F|  |TAMS 0x0000000706c00000, 0x0000000706c00000| Untracked 
|  38|0x0000000706e00000, 0x0000000706e00000, 0x0000000707000000|  0%| F|  |TAMS 0x0000000706e00000, 0x0000000706e00000| Untracked 
|  39|0x0000000707000000, 0x0000000707000000, 0x0000000707200000|  0%| F|  |TAMS 0x0000000707000000, 0x0000000707000000| Untracked 
|  40|0x0000000707200000, 0x0000000707200000, 0x0000000707400000|  0%| F|  |TAMS 0x0000000707200000, 0x0000000707200000| Untracked 
|  41|0x0000000707400000, 0x0000000707400000, 0x0000000707600000|  0%| F|  |TAMS 0x0000000707400000, 0x0000000707400000| Untracked 
|  42|0x0000000707600000, 0x0000000707600000, 0x0000000707800000|  0%| F|  |TAMS 0x0000000707600000, 0x0000000707600000| Untracked 
|  43|0x0000000707800000, 0x0000000707800000, 0x0000000707a00000|  0%| F|  |TAMS 0x0000000707800000, 0x0000000707800000| Untracked 
|  44|0x0000000707a00000, 0x0000000707a00000, 0x0000000707c00000|  0%| F|  |TAMS 0x0000000707a00000, 0x0000000707a00000| Untracked 
|  45|0x0000000707c00000, 0x0000000707c00000, 0x0000000707e00000|  0%| F|  |TAMS 0x0000000707c00000, 0x0000000707c00000| Untracked 
|  46|0x0000000707e00000, 0x0000000707e00000, 0x0000000708000000|  0%| F|  |TAMS 0x0000000707e00000, 0x0000000707e00000| Untracked 
|  47|0x0000000708000000, 0x0000000708000000, 0x0000000708200000|  0%| F|  |TAMS 0x0000000708000000, 0x0000000708000000| Untracked 
|  48|0x0000000708200000, 0x0000000708200000, 0x0000000708400000|  0%| F|  |TAMS 0x0000000708200000, 0x0000000708200000| Untracked 
|  49|0x0000000708400000, 0x0000000708400000, 0x0000000708600000|  0%| F|  |TAMS 0x0000000708400000, 0x0000000708400000| Untracked 
|  50|0x0000000708600000, 0x0000000708600000, 0x0000000708800000|  0%| F|  |TAMS 0x0000000708600000, 0x0000000708600000| Untracked 
|  51|0x0000000708800000, 0x0000000708800000, 0x0000000708a00000|  0%| F|  |TAMS 0x0000000708800000, 0x0000000708800000| Untracked 
|  52|0x0000000708a00000, 0x0000000708a00000, 0x0000000708c00000|  0%| F|  |TAMS 0x0000000708a00000, 0x0000000708a00000| Untracked 
|  53|0x0000000708c00000, 0x0000000708c00000, 0x0000000708e00000|  0%| F|  |TAMS 0x0000000708c00000, 0x0000000708c00000| Untracked 
|  54|0x0000000708e00000, 0x0000000708e00000, 0x0000000709000000|  0%| F|  |TAMS 0x0000000708e00000, 0x0000000708e00000| Untracked 
|  55|0x0000000709000000, 0x0000000709000000, 0x0000000709200000|  0%| F|  |TAMS 0x0000000709000000, 0x0000000709000000| Untracked 
|  56|0x0000000709200000, 0x0000000709200000, 0x0000000709400000|  0%| F|  |TAMS 0x0000000709200000, 0x0000000709200000| Untracked 
|  57|0x0000000709400000, 0x0000000709400000, 0x0000000709600000|  0%| F|  |TAMS 0x0000000709400000, 0x0000000709400000| Untracked 
|  58|0x0000000709600000, 0x0000000709600000, 0x0000000709800000|  0%| F|  |TAMS 0x0000000709600000, 0x0000000709600000| Untracked 
|  59|0x0000000709800000, 0x0000000709800000, 0x0000000709a00000|  0%| F|  |TAMS 0x0000000709800000, 0x0000000709800000| Untracked 
|  60|0x0000000709a00000, 0x0000000709a00000, 0x0000000709c00000|  0%| F|  |TAMS 0x0000000709a00000, 0x0000000709a00000| Untracked 
|  61|0x0000000709c00000, 0x0000000709c00000, 0x0000000709e00000|  0%| F|  |TAMS 0x0000000709c00000, 0x0000000709c00000| Untracked 
|  62|0x0000000709e00000, 0x0000000709e00000, 0x000000070a000000|  0%| F|  |TAMS 0x0000000709e00000, 0x0000000709e00000| Untracked 
|  63|0x000000070a000000, 0x000000070a000000, 0x000000070a200000|  0%| F|  |TAMS 0x000000070a000000, 0x000000070a000000| Untracked 
|  64|0x000000070a200000, 0x000000070a200000, 0x000000070a400000|  0%| F|  |TAMS 0x000000070a200000, 0x000000070a200000| Untracked 
|  65|0x000000070a400000, 0x000000070a400000, 0x000000070a600000|  0%| F|  |TAMS 0x000000070a400000, 0x000000070a400000| Untracked 
|  66|0x000000070a600000, 0x000000070a600000, 0x000000070a800000|  0%| F|  |TAMS 0x000000070a600000, 0x000000070a600000| Untracked 
|  67|0x000000070a800000, 0x000000070a800000, 0x000000070aa00000|  0%| F|  |TAMS 0x000000070a800000, 0x000000070a800000| Untracked 
|  68|0x000000070aa00000, 0x000000070aa00000, 0x000000070ac00000|  0%| F|  |TAMS 0x000000070aa00000, 0x000000070aa00000| Untracked 
|  69|0x000000070ac00000, 0x000000070ac00000, 0x000000070ae00000|  0%| F|  |TAMS 0x000000070ac00000, 0x000000070ac00000| Untracked 
|  70|0x000000070ae00000, 0x000000070ae00000, 0x000000070b000000|  0%| F|  |TAMS 0x000000070ae00000, 0x000000070ae00000| Untracked 
|  71|0x000000070b000000, 0x000000070b000000, 0x000000070b200000|  0%| F|  |TAMS 0x000000070b000000, 0x000000070b000000| Untracked 
|  72|0x000000070b200000, 0x000000070b200000, 0x000000070b400000|  0%| F|  |TAMS 0x000000070b200000, 0x000000070b200000| Untracked 
|  73|0x000000070b400000, 0x000000070b400000, 0x000000070b600000|  0%| F|  |TAMS 0x000000070b400000, 0x000000070b400000| Untracked 
|  74|0x000000070b600000, 0x000000070b600000, 0x000000070b800000|  0%| F|  |TAMS 0x000000070b600000, 0x000000070b600000| Untracked 
|  75|0x000000070b800000, 0x000000070b800000, 0x000000070ba00000|  0%| F|  |TAMS 0x000000070b800000, 0x000000070b800000| Untracked 
|  76|0x000000070ba00000, 0x000000070ba00000, 0x000000070bc00000|  0%| F|  |TAMS 0x000000070ba00000, 0x000000070ba00000| Untracked 
|  77|0x000000070bc00000, 0x000000070bc00000, 0x000000070be00000|  0%| F|  |TAMS 0x000000070bc00000, 0x000000070bc00000| Untracked 
|  78|0x000000070be00000, 0x000000070be00000, 0x000000070c000000|  0%| F|  |TAMS 0x000000070be00000, 0x000000070be00000| Untracked 
|  79|0x000000070c000000, 0x000000070c000000, 0x000000070c200000|  0%| F|  |TAMS 0x000000070c000000, 0x000000070c000000| Untracked 
|  80|0x000000070c200000, 0x000000070c200000, 0x000000070c400000|  0%| F|  |TAMS 0x000000070c200000, 0x000000070c200000| Untracked 
|  81|0x000000070c400000, 0x000000070c400000, 0x000000070c600000|  0%| F|  |TAMS 0x000000070c400000, 0x000000070c400000| Untracked 
|  82|0x000000070c600000, 0x000000070c600000, 0x000000070c800000|  0%| F|  |TAMS 0x000000070c600000, 0x000000070c600000| Untracked 
|  83|0x000000070c800000, 0x000000070c800000, 0x000000070ca00000|  0%| F|  |TAMS 0x000000070c800000, 0x000000070c800000| Untracked 
|  84|0x000000070ca00000, 0x000000070ca00000, 0x000000070cc00000|  0%| F|  |TAMS 0x000000070ca00000, 0x000000070ca00000| Untracked 
|  85|0x000000070cc00000, 0x000000070cc00000, 0x000000070ce00000|  0%| F|  |TAMS 0x000000070cc00000, 0x000000070cc00000| Untracked 
|  86|0x000000070ce00000, 0x000000070ce00000, 0x000000070d000000|  0%| F|  |TAMS 0x000000070ce00000, 0x000000070ce00000| Untracked 
|  87|0x000000070d000000, 0x000000070d000000, 0x000000070d200000|  0%| F|  |TAMS 0x000000070d000000, 0x000000070d000000| Untracked 
|  88|0x000000070d200000, 0x000000070d200000, 0x000000070d400000|  0%| F|  |TAMS 0x000000070d200000, 0x000000070d200000| Untracked 
|  89|0x000000070d400000, 0x000000070d400000, 0x000000070d600000|  0%| F|  |TAMS 0x000000070d400000, 0x000000070d400000| Untracked 
|  90|0x000000070d600000, 0x000000070d600000, 0x000000070d800000|  0%| F|  |TAMS 0x000000070d600000, 0x000000070d600000| Untracked 
|  91|0x000000070d800000, 0x000000070d800000, 0x000000070da00000|  0%| F|  |TAMS 0x000000070d800000, 0x000000070d800000| Untracked 
|  92|0x000000070da00000, 0x000000070da00000, 0x000000070dc00000|  0%| F|  |TAMS 0x000000070da00000, 0x000000070da00000| Untracked 
|  93|0x000000070dc00000, 0x000000070dc00000, 0x000000070de00000|  0%| F|  |TAMS 0x000000070dc00000, 0x000000070dc00000| Untracked 
|  94|0x000000070de00000, 0x000000070de00000, 0x000000070e000000|  0%| F|  |TAMS 0x000000070de00000, 0x000000070de00000| Untracked 
|  95|0x000000070e000000, 0x000000070e000000, 0x000000070e200000|  0%| F|  |TAMS 0x000000070e000000, 0x000000070e000000| Untracked 
|  96|0x000000070e200000, 0x000000070e200000, 0x000000070e400000|  0%| F|  |TAMS 0x000000070e200000, 0x000000070e200000| Untracked 
|  97|0x000000070e400000, 0x000000070e400000, 0x000000070e600000|  0%| F|  |TAMS 0x000000070e400000, 0x000000070e400000| Untracked 
|  98|0x000000070e600000, 0x000000070e600000, 0x000000070e800000|  0%| F|  |TAMS 0x000000070e600000, 0x000000070e600000| Untracked 
|  99|0x000000070e800000, 0x000000070e800000, 0x000000070ea00000|  0%| F|  |TAMS 0x000000070e800000, 0x000000070e800000| Untracked 
| 100|0x000000070ea00000, 0x000000070ea00000, 0x000000070ec00000|  0%| F|  |TAMS 0x000000070ea00000, 0x000000070ea00000| Untracked 
| 101|0x000000070ec00000, 0x000000070ec00000, 0x000000070ee00000|  0%| F|  |TAMS 0x000000070ec00000, 0x000000070ec00000| Untracked 
| 102|0x000000070ee00000, 0x000000070ee00000, 0x000000070f000000|  0%| F|  |TAMS 0x000000070ee00000, 0x000000070ee00000| Untracked 
| 103|0x000000070f000000, 0x000000070f000000, 0x000000070f200000|  0%| F|  |TAMS 0x000000070f000000, 0x000000070f000000| Untracked 
| 104|0x000000070f200000, 0x000000070f200000, 0x000000070f400000|  0%| F|  |TAMS 0x000000070f200000, 0x000000070f200000| Untracked 
| 105|0x000000070f400000, 0x000000070f400000, 0x000000070f600000|  0%| F|  |TAMS 0x000000070f400000, 0x000000070f400000| Untracked 
| 106|0x000000070f600000, 0x000000070f600000, 0x000000070f800000|  0%| F|  |TAMS 0x000000070f600000, 0x000000070f600000| Untracked 
| 107|0x000000070f800000, 0x000000070f800000, 0x000000070fa00000|  0%| F|  |TAMS 0x000000070f800000, 0x000000070f800000| Untracked 
| 108|0x000000070fa00000, 0x000000070fa00000, 0x000000070fc00000|  0%| F|  |TAMS 0x000000070fa00000, 0x000000070fa00000| Untracked 
| 109|0x000000070fc00000, 0x000000070fc00000, 0x000000070fe00000|  0%| F|  |TAMS 0x000000070fc00000, 0x000000070fc00000| Untracked 
| 110|0x000000070fe00000, 0x000000070fe00000, 0x0000000710000000|  0%| F|  |TAMS 0x000000070fe00000, 0x000000070fe00000| Untracked 
| 111|0x0000000710000000, 0x0000000710000000, 0x0000000710200000|  0%| F|  |TAMS 0x0000000710000000, 0x0000000710000000| Untracked 
| 112|0x0000000710200000, 0x0000000710200000, 0x0000000710400000|  0%| F|  |TAMS 0x0000000710200000, 0x0000000710200000| Untracked 
| 113|0x0000000710400000, 0x00000007105ca068, 0x0000000710600000| 89%| S|CS|TAMS 0x0000000710400000, 0x0000000710400000| Complete 
| 114|0x0000000710600000, 0x0000000710600000, 0x0000000710800000|  0%| F|  |TAMS 0x0000000710600000, 0x0000000710600000| Untracked 
| 115|0x0000000710800000, 0x0000000710800000, 0x0000000710a00000|  0%| F|  |TAMS 0x0000000710800000, 0x0000000710800000| Untracked 
| 116|0x0000000710a00000, 0x0000000710a00000, 0x0000000710c00000|  0%| F|  |TAMS 0x0000000710a00000, 0x0000000710a00000| Untracked 
| 117|0x0000000710c00000, 0x0000000710c00000, 0x0000000710e00000|  0%| F|  |TAMS 0x0000000710c00000, 0x0000000710c00000| Untracked 
| 118|0x0000000710e00000, 0x0000000710e00000, 0x0000000711000000|  0%| F|  |TAMS 0x0000000710e00000, 0x0000000710e00000| Untracked 
| 119|0x0000000711000000, 0x0000000711000000, 0x0000000711200000|  0%| F|  |TAMS 0x0000000711000000, 0x0000000711000000| Untracked 
| 120|0x0000000711200000, 0x0000000711200000, 0x0000000711400000|  0%| F|  |TAMS 0x0000000711200000, 0x0000000711200000| Untracked 
| 121|0x0000000711400000, 0x0000000711400000, 0x0000000711600000|  0%| F|  |TAMS 0x0000000711400000, 0x0000000711400000| Untracked 
| 122|0x0000000711600000, 0x0000000711702000, 0x0000000711800000| 50%| E|  |TAMS 0x0000000711600000, 0x0000000711600000| Complete 
| 123|0x0000000711800000, 0x0000000711a00000, 0x0000000711a00000|100%| E|CS|TAMS 0x0000000711800000, 0x0000000711800000| Complete 
| 124|0x0000000711a00000, 0x0000000711c00000, 0x0000000711c00000|100%| E|CS|TAMS 0x0000000711a00000, 0x0000000711a00000| Complete 
| 125|0x0000000711c00000, 0x0000000711e00000, 0x0000000711e00000|100%| E|CS|TAMS 0x0000000711c00000, 0x0000000711c00000| Complete 
| 126|0x0000000711e00000, 0x0000000712000000, 0x0000000712000000|100%| E|CS|TAMS 0x0000000711e00000, 0x0000000711e00000| Complete 

Card table byte_map: [0x00000205cb3b0000,0x00000205cbba0000] _byte_map_base: 0x00000205c7b9f000

Marking Bits (Prev, Next): (CMBitMap*) 0x00000205c02df490, (CMBitMap*) 0x00000205c02df4d0
 Prev Bits: [0x00000205cc390000, 0x00000205d0308000)
 Next Bits: [0x00000205d0310000, 0x00000205d4288000)

Polling page: 0x00000205bfa80000

Metaspace:

Usage:
  Non-class:      6.21 MB used.
      Class:    851.88 KB used.
       Both:      7.04 MB used.

Virtual space:
  Non-class space:        8.00 MB reserved,       6.25 MB ( 78%) committed,  1 nodes.
      Class space:        1.00 GB reserved,     960.00 KB ( <1%) committed,  1 nodes.
             Both:        1.01 GB reserved,       7.19 MB ( <1%) committed. 

Chunk freelists:
   Non-Class:  1.38 MB
       Class:  3.05 MB
        Both:  4.42 MB

MaxMetaspaceSize: unlimited
CompressedClassSpaceSize: 1.00 GB
Initial GC threshold: 21.00 MB
Current GC threshold: 21.00 MB
CDS: on
MetaspaceReclaimPolicy: balanced
 - commit_granule_bytes: 65536.
 - commit_granule_words: 8192.
 - virtual_space_node_default_size: 1048576.
 - enlarge_chunks_in_place: 1.
 - new_chunks_are_fully_committed: 0.
 - uncommit_free_chunks: 1.
 - use_allocation_guard: 0.
 - handle_deallocations: 1.


Internal statistics:

num_allocs_failed_limit: 0.
num_arena_births: 102.
num_arena_deaths: 0.
num_vsnodes_births: 2.
num_vsnodes_deaths: 0.
num_space_committed: 115.
num_space_uncommitted: 0.
num_chunks_returned_to_freelist: 0.
num_chunks_taken_from_freelist: 201.
num_chunk_merges: 0.
num_chunk_splits: 131.
num_chunks_enlarged: 88.
num_purges: 0.
num_inconsistent_stats: 0.

CodeCache: size=49152Kb used=5264Kb max_used=5264Kb free=43887Kb
 bounds [0x00000205c7ab0000, 0x00000205c7fe0000, 0x00000205caab0000]
 total_blobs=1992 nmethods=1527 adapters=390
 compilation: enabled
              stopped_count=0, restarted_count=0
 full_count=0

Compilation events (20 events):
Event: 0.697 Thread 0x00000205d79aec10 1520       1       jdk.internal.org.objectweb.asm.Label::getCanonicalInstance (19 bytes)
Event: 0.697 Thread 0x00000205d78caa70 nmethod 1519 0x00000205c7fcf410 code [0x00000205c7fcf5a0, 0x00000205c7fcf698]
Event: 0.697 Thread 0x00000205d79aec10 nmethod 1520 0x00000205c7fcf790 code [0x00000205c7fcf920, 0x00000205c7fcfa18]
Event: 0.697 Thread 0x00000205d79aec10 1521       1       jdk.internal.org.objectweb.asm.MethodWriter::visitFieldInsn (258 bytes)
Event: 0.697 Thread 0x00000205d78ca560 1522       1       jdk.internal.org.objectweb.asm.SymbolTable::addConstantFieldref (10 bytes)
Event: 0.697 Thread 0x00000205d78ca560 nmethod 1522 0x00000205c7fcfa90 code [0x00000205c7fcfc20, 0x00000205c7fcfd08]
Event: 0.697 Thread 0x00000205d6d7dbb0 nmethod 1515 0x00000205c7fcfd90 code [0x00000205c7fd00c0, 0x00000205c7fd13c8]
Event: 0.698 Thread 0x00000205d79aec10 nmethod 1521 0x00000205c7fd1d90 code [0x00000205c7fd1f80, 0x00000205c7fd2428]
Event: 0.699 Thread 0x00000205d78ca560 1523       1       java.lang.invoke.TypeConvertingMethodAdapter::cast (42 bytes)
Event: 0.699 Thread 0x00000205d78caa70 1524       1       java.lang.invoke.MemberName::hashCode (43 bytes)
Event: 0.699 Thread 0x00000205d78ca560 nmethod 1523 0x00000205c7fd2790 code [0x00000205c7fd2960, 0x00000205c7fd2b28]
Event: 0.699 Thread 0x00000205d6d7dbb0 1525       1       java.lang.Byte::<init> (10 bytes)
Event: 0.699 Thread 0x00000205d78ca560 1526       1       java.util.Objects::hash (5 bytes)
Event: 0.699 Thread 0x00000205d79aec10 1527       1       java.lang.Byte::hashCode (8 bytes)
Event: 0.699 Thread 0x00000205d6d7dbb0 nmethod 1525 0x00000205c7fd2c90 code [0x00000205c7fd2e20, 0x00000205c7fd2ef8]
Event: 0.699 Thread 0x00000205d79aec10 nmethod 1527 0x00000205c7fd2f90 code [0x00000205c7fd3120, 0x00000205c7fd31f8]
Event: 0.699 Thread 0x00000205d79aec10 1528       1       java.lang.Byte::hashCode (2 bytes)
Event: 0.699 Thread 0x00000205d78ca560 nmethod 1526 0x00000205c7fd3290 code [0x00000205c7fd3420, 0x00000205c7fd34e8]
Event: 0.699 Thread 0x00000205d79aec10 nmethod 1528 0x00000205c7fd3590 code [0x00000205c7fd3720, 0x00000205c7fd37d8]
Event: 0.699 Thread 0x00000205d78caa70 nmethod 1524 0x00000205c7fd3890 code [0x00000205c7fd3a60, 0x00000205c7fd4048]

GC Heap History (4 events):
Event: 0.508 GC heap before
{Heap before GC invocations=0 (full 0):
 garbage-first heap   total 260096K, used 20480K [0x0000000702200000, 0x0000000800000000)
  region size 2048K, 11 young (22528K), 0 survivors (0K)
 Metaspace       used 5219K, committed 5376K, reserved 1056768K
  class space    used 593K, committed 704K, reserved 1048576K
}
Event: 0.512 GC heap after
{Heap after GC invocations=1 (full 0):
 garbage-first heap   total 260096K, used 7246K [0x0000000702200000, 0x0000000800000000)
  region size 2048K, 2 young (4096K), 2 survivors (4096K)
 Metaspace       used 5219K, committed 5376K, reserved 1056768K
  class space    used 593K, committed 704K, reserved 1048576K
}
Event: 0.646 GC heap before
{Heap before GC invocations=1 (full 0):
 garbage-first heap   total 260096K, used 29774K [0x0000000702200000, 0x0000000800000000)
  region size 2048K, 13 young (26624K), 2 survivors (4096K)
 Metaspace       used 6720K, committed 6912K, reserved 1056768K
  class space    used 783K, committed 896K, reserved 1048576K
}
Event: 0.649 GC heap after
{Heap after GC invocations=2 (full 0):
 garbage-first heap   total 260096K, used 9406K [0x0000000702200000, 0x0000000800000000)
  region size 2048K, 1 young (2048K), 1 survivors (2048K)
 Metaspace       used 6720K, committed 6912K, reserved 1056768K
  class space    used 783K, committed 896K, reserved 1048576K
}

Deoptimization events (8 events):
Event: 0.485 Thread 0x00000205c02c1030 DEOPT PACKING pc=0x00000205c7eca581 sp=0x000000605edfb800
Event: 0.485 Thread 0x00000205c02c1030 DEOPT UNPACKING pc=0x00000205c7b02b43 sp=0x000000605edfac70 mode 3
Event: 0.513 Thread 0x00000205c02c1030 DEOPT PACKING pc=0x00000205c7efad54 sp=0x000000605edf9970
Event: 0.513 Thread 0x00000205c02c1030 DEOPT UNPACKING pc=0x00000205c7b02b43 sp=0x000000605edf8e08 mode 3
Event: 0.525 Thread 0x00000205c02c1030 DEOPT PACKING pc=0x00000205c7f1b479 sp=0x000000605edf9df0
Event: 0.525 Thread 0x00000205c02c1030 DEOPT UNPACKING pc=0x00000205c7b02b43 sp=0x000000605edf92d0 mode 3
Event: 0.643 Thread 0x00000205c02c1030 DEOPT PACKING pc=0x00000205c7e3ef81 sp=0x000000605edfcb40
Event: 0.643 Thread 0x00000205c02c1030 DEOPT UNPACKING pc=0x00000205c7b02b43 sp=0x000000605edfbf98 mode 3

Classes unloaded (0 events):
No events

Classes redefined (0 events):
No events

Internal exceptions (18 events):
Event: 0.265 Thread 0x00000205c02c1030 Exception <a 'java/lang/NoSuchMethodError'{0x00000007114a5468}: 'java.lang.Object java.lang.invoke.DirectMethodHandle$Holder.invokeStaticInit(java.lang.Object)'> (0x00000007114a5468) 
thrown [t:\workspace\open\src\hotspot\share\interpreter\linkResolver.cpp, line 766]
Event: 0.281 Thread 0x00000205c02c1030 Exception <a 'java/lang/NoSuchMethodError'{0x000000071154fff0}: 'int java.lang.invoke.DirectMethodHandle$Holder.invokeInterface(java.lang.Object, java.lang.Object)'> (0x000000071154fff0) 
thrown [t:\workspace\open\src\hotspot\share\interpreter\linkResolver.cpp, line 766]
Event: 0.282 Thread 0x00000205c02c1030 Exception <a 'java/lang/IncompatibleClassChangeError'{0x00000007115535f0}: Found class java.lang.Object, but interface was expected> (0x00000007115535f0) 
thrown [t:\workspace\open\src\hotspot\share\interpreter\linkResolver.cpp, line 833]
Event: 0.283 Thread 0x00000205c02c1030 Exception <a 'java/lang/NoSuchMethodError'{0x00000007115599a0}: 'void java.lang.invoke.DirectMethodHandle$Holder.invokeStatic(java.lang.Object, java.lang.Object)'> (0x00000007115599a0) 
thrown [t:\workspace\open\src\hotspot\share\interpreter\linkResolver.cpp, line 766]
Event: 0.320 Thread 0x00000205c02c1030 Exception <a 'java/lang/NoSuchMethodError'{0x00000007112d5d28}: 'int java.lang.invoke.DirectMethodHandle$Holder.invokeSpecial(java.lang.Object, java.lang.Object, java.lang.Object)'> (0x00000007112d5d28) 
thrown [t:\workspace\open\src\hotspot\share\interpreter\linkResolver.cpp, line 766]
Event: 0.353 Thread 0x00000205c02c1030 Exception <a 'java/lang/NoSuchMethodError'{0x0000000711072910}: 'void java.lang.invoke.DirectMethodHandle$Holder.invokeStatic(java.lang.Object, java.lang.Object, java.lang.Object)'> (0x0000000711072910) 
thrown [t:\workspace\open\src\hotspot\share\interpreter\linkResolver.cpp, line 766]
Event: 0.360 Thread 0x00000205c02c1030 Exception <a 'java/lang/NoSuchMethodError'{0x00000007110d6bb8}: 'int java.lang.invoke.DirectMethodHandle$Holder.invokeSpecialIFC(java.lang.Object, java.lang.Object, java.lang.Object)'> (0x00000007110d6bb8) 
thrown [t:\workspace\open\src\hotspot\share\interpreter\linkResolver.cpp, line 766]
Event: 0.380 Thread 0x00000205c02c1030 Exception <a 'java/lang/NoSuchMethodError'{0x00000007111b5088}: 'java.lang.Object java.lang.invoke.DirectMethodHandle$Holder.invokeStaticInit(java.lang.Object, int, int, int, int)'> (0x00000007111b5088) 
thrown [t:\workspace\open\src\hotspot\share\interpreter\linkResolver.cpp, line 766]
Event: 0.438 Thread 0x00000205c02c1030 Exception <a 'java/lang/NoSuchMethodError'{0x0000000710eb90c0}: 'java.lang.Object java.lang.invoke.DirectMethodHandle$Holder.invokeStaticInit(java.lang.Object, java.lang.Object, int, int, int, int)'> (0x0000000710eb90c0) 
thrown [t:\workspace\open\src\hotspot\share\interpreter\linkResolver.cpp, line 766]
Event: 0.448 Thread 0x00000205c02c1030 Exception <a 'java/lang/ClassNotFoundException'{0x0000000710efadc0}: javax/management/remote/rmi/RMIServerImpl_Skel> (0x0000000710efadc0) 
thrown [t:\workspace\open\src\hotspot\share\classfile\systemDictionary.cpp, line 256]
Event: 0.552 Thread 0x00000205c02c1030 Exception <a 'java/lang/ClassNotFoundException'{0x000000071187a870}: javax/smartcardio/CardPermission> (0x000000071187a870) 
thrown [t:\workspace\open\src\hotspot\share\classfile\systemDictionary.cpp, line 256]
Event: 0.553 Thread 0x00000205c02c1030 Exception <a 'java/io/FileNotFoundException'{0x000000071188b190}> (0x000000071188b190) 
thrown [t:\workspace\open\src\hotspot\share\prims\jni.cpp, line 516]
Event: 0.601 Thread 0x00000205c02c1030 Exception <a 'java/lang/NoSuchMethodError'{0x0000000711007838}: 'void java.lang.invoke.DirectMethodHandle$Holder.invokeStatic(java.lang.Object, java.lang.Object, java.lang.Object, java.lang.Object)'> (0x0000000711007838) 
thrown [t:\workspace\open\src\hotspot\share\interpreter\linkResolver.cpp, line 766]
Event: 0.628 Thread 0x00000205c02c1030 Exception <a 'java/lang/NoSuchMethodError'{0x0000000710ccd978}: 'int java.lang.invoke.DirectMethodHandle$Holder.invokeStaticInit(java.lang.Object, java.lang.Object)'> (0x0000000710ccd978) 
thrown [t:\workspace\open\src\hotspot\share\interpreter\linkResolver.cpp, line 766]
Event: 0.677 Thread 0x00000205c02c1030 Exception <a 'java/lang/NoSuchMethodError'{0x0000000711a523f0}: 'java.lang.Object java.lang.invoke.DirectMethodHandle$Holder.invokeInterface(java.lang.Object, java.lang.Object)'> (0x0000000711a523f0) 
thrown [t:\workspace\open\src\hotspot\share\interpreter\linkResolver.cpp, line 766]
Event: 0.685 Thread 0x00000205c02c1030 Exception <a 'java/lang/NoSuchMethodError'{0x0000000711b7b120}: 'java.lang.Object java.lang.invoke.DirectMethodHandle$Holder.invokeSpecialIFC(java.lang.Object, java.lang.Object, java.lang.Object, java.lang.Object)'> (0x0000000711b7b120) 
thrown [t:\workspace\open\src\hotspot\share\interpreter\linkResolver.cpp, line 766]
Event: 0.686 Thread 0x00000205c02c1030 Exception <a 'java/lang/NoSuchMethodError'{0x0000000711bb0ac0}: 'java.lang.Object java.lang.invoke.DirectMethodHandle$Holder.invokeInterface(java.lang.Object, java.lang.Object, java.lang.Object)'> (0x0000000711bb0ac0) 
thrown [t:\workspace\open\src\hotspot\share\interpreter\linkResolver.cpp, line 766]
Event: 0.698 Thread 0x00000205c02c1030 Exception <a 'java/lang/NoSuchMethodError'{0x0000000711629f70}: 'int java.lang.invoke.DirectMethodHandle$Holder.invokeStaticInit(java.lang.Object, java.lang.Object, java.lang.Object)'> (0x0000000711629f70) 
thrown [t:\workspace\open\src\hotspot\share\interpreter\linkResolver.cpp, line 766]

VM Operations (16 events):
Event: 0.210 Executing VM operation: HandshakeAllThreads
Event: 0.210 Executing VM operation: HandshakeAllThreads done
Event: 0.253 Executing VM operation: HandshakeAllThreads
Event: 0.253 Executing VM operation: HandshakeAllThreads done
Event: 0.372 Executing VM operation: HandshakeAllThreads
Event: 0.372 Executing VM operation: HandshakeAllThreads done
Event: 0.448 Executing VM operation: HandshakeAllThreads
Event: 0.448 Executing VM operation: HandshakeAllThreads done
Event: 0.481 Executing VM operation: HandshakeAllThreads
Event: 0.481 Executing VM operation: HandshakeAllThreads done
Event: 0.507 Executing VM operation: G1CollectForAllocation
Event: 0.512 Executing VM operation: G1CollectForAllocation done
Event: 0.526 Executing VM operation: HandshakeAllThreads
Event: 0.526 Executing VM operation: HandshakeAllThreads done
Event: 0.646 Executing VM operation: G1CollectForAllocation
Event: 0.649 Executing VM operation: G1CollectForAllocation done

Events (20 events):
Event: 0.696 loading class org/apache/logging/log4j/core/impl/Log4jContextFactory
Event: 0.696 loading class org/apache/logging/log4j/core/impl/Log4jContextFactory done
Event: 0.696 loading class org/apache/logging/log4j/core/impl$Log4jContextFactory
Event: 0.696 loading class org/apache/logging/log4j/core/impl$Log4jContextFactory done
Event: 0.696 loading class org/springframework/boot/logging/java/JavaLoggingSystem/Factory
Event: 0.696 loading class org/springframework/boot/logging/java/JavaLoggingSystem/Factory done
Event: 0.696 loading class org/springframework/boot/logging/java/JavaLoggingSystem$Factory
Event: 0.696 loading class org/springframework/boot/logging/java/JavaLoggingSystem$Factory done
Event: 0.698 loading class org/springframework/core/annotation/AttributeMethods
Event: 0.698 loading class org/springframework/core/annotation/AttributeMethods done
Event: 0.699 loading class org/springframework/core/annotation/AttributeMethods
Event: 0.699 loading class org/springframework/core/annotation/AttributeMethods done
Event: 0.699 loading class org/springframework/core/annotation/AttributeMethods
Event: 0.699 loading class org/springframework/core/annotation/AttributeMethods done
Event: 0.700 loading class org/springframework/core/annotation/AnnotationTypeMappings
Event: 0.700 loading class org/springframework/core/annotation/AnnotationTypeMappings done
Event: 0.700 loading class org/springframework/core/annotation/IntrospectionFailureLogger
Event: 0.700 loading class org/springframework/core/annotation/IntrospectionFailureLogger done
Event: 0.701 loading class org/springframework/core/annotation/IntrospectionFailureLogger$1
Event: 0.701 loading class org/springframework/core/annotation/IntrospectionFailureLogger$1 done


Dynamic libraries:
0x00007ff6498a0000 - 0x00007ff6498b0000 	C:\Program Files\Java\jdk-17\bin\java.exe
0x00007ffded630000 - 0x00007ffded844000 	C:\WINDOWS\SYSTEM32\ntdll.dll
0x00007ffdeca40000 - 0x00007ffdecb02000 	C:\WINDOWS\System32\KERNEL32.DLL
0x00007ffdead70000 - 0x00007ffdeb10c000 	C:\WINDOWS\System32\KERNELBASE.dll
0x00007ffdeac50000 - 0x00007ffdead61000 	C:\WINDOWS\System32\ucrtbase.dll
0x00007ffdd5120000 - 0x00007ffdd513a000 	C:\Program Files\Java\jdk-17\bin\VCRUNTIME140.dll
0x00007ffdd6ba0000 - 0x00007ffdd6bb8000 	C:\Program Files\Java\jdk-17\bin\jli.dll
0x00007ffdebcd0000 - 0x00007ffdebd7e000 	C:\WINDOWS\System32\ADVAPI32.dll
0x00007ffdebe20000 - 0x00007ffdebec7000 	C:\WINDOWS\System32\msvcrt.dll
0x00007ffdeb530000 - 0x00007ffdeb5d4000 	C:\WINDOWS\System32\sechost.dll
0x00007ffdebab0000 - 0x00007ffdebbc7000 	C:\WINDOWS\System32\RPCRT4.dll
0x00007ffdebf50000 - 0x00007ffdec0fb000 	C:\WINDOWS\System32\USER32.dll
0x00007ffdcde80000 - 0x00007ffdce10e000 	C:\WINDOWS\WinSxS\amd64_microsoft.windows.common-controls_6595b64144ccf1df_6.0.22621.608_none_a9444ca7c10bb01d\COMCTL32.dll
0x00007ffdeb3e0000 - 0x00007ffdeb406000 	C:\WINDOWS\System32\win32u.dll
0x00007ffdeb8d0000 - 0x00007ffdeb8f9000 	C:\WINDOWS\System32\GDI32.dll
0x00007ffdeaac0000 - 0x00007ffdeabd3000 	C:\WINDOWS\System32\gdi32full.dll
0x00007ffdeb340000 - 0x00007ffdeb3da000 	C:\WINDOWS\System32\msvcp_win.dll
0x00007ffdde3a0000 - 0x00007ffdde3aa000 	C:\WINDOWS\SYSTEM32\VERSION.dll
0x00007ffded580000 - 0x00007ffded5b1000 	C:\WINDOWS\System32\IMM32.DLL
0x00007ffde3f30000 - 0x00007ffde3f3c000 	C:\Program Files\Java\jdk-17\bin\vcruntime140_1.dll
0x00007ffdc75f0000 - 0x00007ffdc767d000 	C:\Program Files\Java\jdk-17\bin\msvcp140.dll
0x00007ffd994f0000 - 0x00007ffd9a0ae000 	C:\Program Files\Java\jdk-17\bin\server\jvm.dll
0x00007ffdeb9c0000 - 0x00007ffdeb9c8000 	C:\WINDOWS\System32\PSAPI.DLL
0x00007ffdd5390000 - 0x00007ffdd5399000 	C:\WINDOWS\SYSTEM32\WSOCK32.dll
0x00007ffdd1240000 - 0x00007ffdd1274000 	C:\WINDOWS\SYSTEM32\WINMM.dll
0x00007ffdebed0000 - 0x00007ffdebf41000 	C:\WINDOWS\System32\WS2_32.dll
0x00007ffde9b80000 - 0x00007ffde9b98000 	C:\WINDOWS\SYSTEM32\kernel.appcore.dll
0x00007ffde3920000 - 0x00007ffde392a000 	C:\Program Files\Java\jdk-17\bin\jimage.dll
0x00007ffde5170000 - 0x00007ffde539e000 	C:\WINDOWS\SYSTEM32\DBGHELP.DLL
0x00007ffdecd70000 - 0x00007ffded0f9000 	C:\WINDOWS\System32\combase.dll
0x00007ffdeb9d0000 - 0x00007ffdebaa7000 	C:\WINDOWS\System32\OLEAUT32.dll
0x00007ffdd2060000 - 0x00007ffdd2092000 	C:\WINDOWS\SYSTEM32\dbgcore.DLL
0x00007ffdeaa40000 - 0x00007ffdeaabb000 	C:\WINDOWS\System32\bcryptPrimitives.dll
0x00007ffde1140000 - 0x00007ffde114e000 	C:\Program Files\Java\jdk-17\bin\instrument.dll
0x00007ffdd1e50000 - 0x00007ffdd1e75000 	C:\Program Files\Java\jdk-17\bin\java.dll
0x00007ffdd1af0000 - 0x00007ffdd1b08000 	C:\Program Files\Java\jdk-17\bin\zip.dll
0x00007ffdac6e0000 - 0x00007ffdac7b6000 	C:\Program Files\Java\jdk-17\bin\svml.dll
0x00007ffdec100000 - 0x00007ffdec8f0000 	C:\WINDOWS\System32\SHELL32.dll
0x00007ffde8a60000 - 0x00007ffde932d000 	C:\WINDOWS\SYSTEM32\windows.storage.dll
0x00007ffde8920000 - 0x00007ffde8a5e000 	C:\WINDOWS\SYSTEM32\wintypes.dll
0x00007ffdeb7d0000 - 0x00007ffdeb8c1000 	C:\WINDOWS\System32\SHCORE.dll
0x00007ffdecd10000 - 0x00007ffdecd6e000 	C:\WINDOWS\System32\shlwapi.dll
0x00007ffdea970000 - 0x00007ffdea991000 	C:\WINDOWS\SYSTEM32\profapi.dll
0x00007ffdd1e20000 - 0x00007ffdd1e39000 	C:\Program Files\Java\jdk-17\bin\net.dll
0x00007ffde0300000 - 0x00007ffde0437000 	C:\WINDOWS\SYSTEM32\WINHTTP.dll
0x00007ffde9ff0000 - 0x00007ffdea059000 	C:\WINDOWS\system32\mswsock.dll
0x00007ffdd1e00000 - 0x00007ffdd1e15000 	C:\Program Files\Java\jdk-17\bin\nio.dll
0x00007ffde9660000 - 0x00007ffde9753000 	C:\WINDOWS\SYSTEM32\DNSAPI.dll
0x00007ffde95f0000 - 0x00007ffde961d000 	C:\WINDOWS\SYSTEM32\IPHLPAPI.DLL
0x00007ffdeb9b0000 - 0x00007ffdeb9b9000 	C:\WINDOWS\System32\NSI.dll
0x0000000063560000 - 0x0000000063569000 	C:\Program Files\National Instruments\Shared\mDNS Responder\nimdnsNSP.dll
0x0000000063550000 - 0x000000006355e000 	C:\WINDOWS\SYSTEM32\nimdnsResponder.dll
0x00000000771e0000 - 0x0000000077283000 	C:\WINDOWS\WinSxS\amd64_microsoft.vc90.crt_1fc8b3b9a1e18e3b_9.0.30729.9635_none_08e2c157a83ed5da\MSVCR90.dll
0x00007ffdde170000 - 0x00007ffdde17a000 	C:\Windows\System32\rasadhlp.dll
0x00007ffddedd0000 - 0x00007ffddee53000 	C:\WINDOWS\System32\fwpuclnt.dll
0x00007ffde1050000 - 0x00007ffde1059000 	C:\Program Files\Java\jdk-17\bin\management.dll
0x00007ffdd7e60000 - 0x00007ffdd7e6b000 	C:\Program Files\Java\jdk-17\bin\management_ext.dll
0x00007ffdea250000 - 0x00007ffdea26b000 	C:\WINDOWS\SYSTEM32\CRYPTSP.dll
0x00007ffde9af0000 - 0x00007ffde9b25000 	C:\WINDOWS\system32\rsaenh.dll
0x00007ffdea0f0000 - 0x00007ffdea118000 	C:\WINDOWS\SYSTEM32\USERENV.dll
0x00007ffdea410000 - 0x00007ffdea438000 	C:\WINDOWS\SYSTEM32\bcrypt.dll
0x00007ffdea270000 - 0x00007ffdea27c000 	C:\WINDOWS\SYSTEM32\CRYPTBASE.dll
0x00007ffde02d0000 - 0x00007ffde02e9000 	C:\WINDOWS\SYSTEM32\dhcpcsvc6.DLL
0x00007ffde0020000 - 0x00007ffde003f000 	C:\WINDOWS\SYSTEM32\dhcpcsvc.DLL
0x00007ffdcba50000 - 0x00007ffdcba67000 	C:\WINDOWS\system32\napinsp.dll
0x00007ffdcb930000 - 0x00007ffdcb94b000 	C:\WINDOWS\system32\pnrpnsp.dll
0x00007ffdcba10000 - 0x00007ffdcba21000 	C:\WINDOWS\System32\winrnr.dll
0x00007ffde0000000 - 0x00007ffde0015000 	C:\WINDOWS\system32\wshbth.dll
0x00007ffdcb9e0000 - 0x00007ffdcba01000 	C:\WINDOWS\system32\nlansp_c.dll
0x00007ffdc9970000 - 0x00007ffdc998a000 	C:\Program Files\JetBrains\IntelliJ IDEA 2019.2\bin\breakgen64.dll

dbghelp: loaded successfully - version: 4.0.5 - missing functions: none
symbol engine: initialized successfully - sym options: 0x614 - pdb path: .;C:\Program Files\Java\jdk-17\bin;C:\WINDOWS\SYSTEM32;C:\WINDOWS\WinSxS\amd64_microsoft.windows.common-controls_6595b64144ccf1df_6.0.22621.608_none_a9444ca7c10bb01d;C:\Program Files\Java\jdk-17\bin\server;C:\Program Files\National Instruments\Shared\mDNS Responder;C:\WINDOWS\WinSxS\amd64_microsoft.vc90.crt_1fc8b3b9a1e18e3b_9.0.30729.9635_none_08e2c157a83ed5da;C:\Program Files\JetBrains\IntelliJ IDEA 2019.2\bin

VM Arguments:
jvm_args: -javaagent:C:\Users\DELL\.IntelliJIdea2019.2\system\testAgent\intellij-coverage-agent-1.0.508.jar=C:\Users\DELL\AppData\Local\Temp\coverageargs -XX:TieredStopAtLevel=1 -Xverify:none -Dspring.output.ansi.enabled=always -Dcom.sun.management.jmxremote -Dspring.jmx.enabled=true -Dspring.liveBeansView.mbeanDomain -Dspring.application.admin.enabled=true -Didea.launcher.port=57199 -Didea.launcher.bin.path=C:\Program Files\JetBrains\IntelliJ IDEA 2019.2\bin -Dfile.encoding=UTF-8 
java_command: com.intellij.rt.execution.application.AppMainV2 bude.e_commerce1.ECommerce1Application
java_class_path (initial): C:\Users\DELL\Downloads\e_commerce1\target\classes;C:\Users\DELL\.m2\repository\org\springframework\boot\spring-boot-starter-data-jpa\3.0.3\spring-boot-starter-data-jpa-3.0.3.jar;C:\Users\DELL\.m2\repository\org\springframework\boot\spring-boot-starter-aop\3.0.3\spring-boot-starter-aop-3.0.3.jar;C:\Users\DELL\.m2\repository\org\springframework\spring-aop\6.0.5\spring-aop-6.0.5.jar;C:\Users\DELL\.m2\repository\org\aspectj\aspectjweaver\1.9.19\aspectjweaver-1.9.19.jar;C:\Users\DELL\.m2\repository\org\springframework\boot\spring-boot-starter-jdbc\3.0.3\spring-boot-starter-jdbc-3.0.3.jar;C:\Users\DELL\.m2\repository\com\zaxxer\HikariCP\5.0.1\HikariCP-5.0.1.jar;C:\Users\DELL\.m2\repository\org\springframework\spring-jdbc\6.0.5\spring-jdbc-6.0.5.jar;C:\Users\DELL\.m2\repository\org\hibernate\orm\hibernate-core\6.1.7.Final\hibernate-core-6.1.7.Final.jar;C:\Users\DELL\.m2\repository\jakarta\persistence\jakarta.persistence-api\3.1.0\jakarta.persistence-api-3.1.0.jar;C:\Users\DELL\.m2\repository\jakarta\transaction\jakarta.transaction-api\2.0.1\jakarta.transaction-api-2.0.1.jar;C:\Users\DELL\.m2\repository\org\jboss\logging\jboss-logging\3.5.0.Final\jboss-logging-3.5.0.Final.jar;C:\Users\DELL\.m2\repository\org\hibernate\common\hibernate-commons-annotations\6.0.6.Final\hibernate-commons-annotations-6.0.6.Final.jar;C:\Users\DELL\.m2\repository\org\jboss\jandex\2.4.2.Final\jandex-2.4.2.Final.jar;C:\Users\DELL\.m2\repository\com\fasterxml\classmate\1.5.1\classmate-1.5.1.jar;C:\Users\DELL\.m2\repository\net\bytebuddy\byte-buddy\1.12.23\byte-buddy-1.12.23.jar;C:\Users\DELL\.m2\repository\org\glassfish\jaxb\jaxb-runtime\4.0.2\jaxb-runtime-4.0.2.jar;C:\Users\DELL\.m2\repository\org\glassfish\jaxb\jaxb-core\4.0.2\jaxb-core-4.0.2.jar;C:\Users\DELL\.m2\repository\org\eclipse\angus\angus-activation\2.0.0\angus-activation-2.0.0.jar;C:\Users\DELL\.m2\repository\org\glassfish\jaxb\txw2\4.0.2\txw2-4.0.2.jar;C:\Users\DELL\.m2\repository\com\sun\istack\istack-comm
Launcher Type: SUN_STANDARD

[Global flags]
     intx CICompilerCount                          = 4                                         {product} {ergonomic}
     uint ConcGCThreads                            = 2                                         {product} {ergonomic}
     uint G1ConcRefinementThreads                  = 8                                         {product} {ergonomic}
   size_t G1HeapRegionSize                         = 2097152                                   {product} {ergonomic}
    uintx GCDrainStackTargetSize                   = 64                                        {product} {ergonomic}
   size_t InitialHeapSize                          = 266338304                                 {product} {ergonomic}
     bool ManagementServer                         = true                                      {product} {command line}
   size_t MarkStackSize                            = 4194304                                   {product} {ergonomic}
   size_t MaxHeapSize                              = 4259315712                                {product} {ergonomic}
   size_t MaxNewSize                               = 2554331136                                {product} {ergonomic}
   size_t MinHeapDeltaBytes                        = 2097152                                   {product} {ergonomic}
   size_t MinHeapSize                              = 8388608                                   {product} {ergonomic}
    uintx NonProfiledCodeHeapSize                  = 0                                      {pd product} {ergonomic}
     bool ProfileInterpreter                       = false                                  {pd product} {command line}
    uintx ProfiledCodeHeapSize                     = 0                                      {pd product} {ergonomic}
   size_t SoftMaxHeapSize                          = 4259315712                             {manageable} {ergonomic}
     intx TieredStopAtLevel                        = 1                                         {product} {command line}
     bool UseCompressedClassPointers               = true                           {product lp64_product} {ergonomic}
     bool UseCompressedOops                        = true                           {product lp64_product} {ergonomic}
     bool UseG1GC                                  = true                                      {product} {ergonomic}
     bool UseLargePagesIndividualAllocation        = false                                  {pd product} {ergonomic}

Logging:
Log output configuration:
 #0: stdout all=warning uptime,level,tags
 #1: stderr all=off uptime,level,tags

Environment Variables:
PATH=C:\Program Files\Common Files\Oracle\Java\javapath;C:\Program Files (x86)\Common Files\Oracle\Java\javapath;C:\xampp\php;C:\Program Files\MATLAB\R2013a\runtime\win64;C:\Program Files\MATLAB\R2013a\bin;C:\WINDOWS\system32;C:\WINDOWS;C:\WINDOWS\System32\Wbem;C:\WINDOWS\System32\WindowsPowerShell\v1.0\;C:\WINDOWS\System32\OpenSSH\;C:\Program Files\Java\jdk-17\bin;C:\apache-maven-3.9.0-bin\apache-maven-3.9.0\bin;C:\Program Files\nodejs\;C:\Program Files\MySQL\MySQL Shell 8.0\bin\;C:\Users\DELL\AppData\Local\Microsoft\WindowsApps;C:\Users\DELL\AppData\Local\Programs\Microsoft VS Code\bin;C:\Program Files\JetBrains\IntelliJ IDEA 2022.2.3\bin;;C:\Users\DELL\.dotnet\tools;C:\Program Files\Java\jdk-17\bin;JAVA_HOME;%MAVEN_HOME%\bin;C:\Program Files\apache-maven-3.9.0\bin;C:\Users\DELL\AppData\Roaming\npm
USERNAME=DELL
OS=Windows_NT
PROCESSOR_IDENTIFIER=Intel64 Family 6 Model 142 Stepping 10, GenuineIntel



---------------  S Y S T E M  ---------------

OS:
 Windows 10 , 64 bit Build 22621 (10.0.22621.1485)
OS uptime: 6 days 17:45 hours

CPU: total 8 (initial active 8) (4 cores per cpu, 2 threads per core) family 6 model 142 stepping 10 microcode 0xe0, cx8, cmov, fxsr, ht, mmx, 3dnowpref, sse, sse2, sse3, ssse3, sse4.1, sse4.2, popcnt, lzcnt, tsc, tscinvbit, avx, avx2, aes, erms, clmul, bmi1, bmi2, rtm, adx, fma, vzeroupper, clflush, clflushopt

Memory: 4k page, system-wide physical 16242M (5464M free)
TotalPageFile size 18674M (AvailPageFile size 3319M)
current process WorkingSet (physical memory assigned to process): 90M, peak: 90M
current process commit charge ("private bytes"): 357M, peak: 357M

vm_info: Java HotSpot(TM) 64-Bit Server VM (17+35-LTS-2724) for windows-amd64 JRE (17+35-LTS-2724), built on Aug  5 2021 23:28:28 by "mach5one" with MS VC++ 16.8 (VS2019)

END.
