#
# A fatal error has been detected by the Java Runtime Environment:
#
#  EXCEPTION_ACCESS_VIOLATION (0xc0000005) at pc=0x00007ff931c6b0a8, pid=14592, tid=9136
#
# JRE version: Java(TM) SE Runtime Environment (17.0+35) (build 17+35-LTS-2724)
# Java VM: Java HotSpot(TM) 64-Bit Server VM (17+35-LTS-2724, mixed mode, emulated-client, sharing, tiered, compressed oops, compressed class ptrs, g1 gc, windows-amd64)
# Problematic frame:
# V  [jvm.dll+0x23b0a8]
#
# No core dump will be written. Minidumps are not enabled by default on client versions of Windows
#
# If you would like to submit a bug report, please visit:
#   https://bugreport.java.com/bugreport/crash.jsp
#

---------------  S U M M A R Y ------------

Command Line: -javaagent:C:\Users\DELL\.IntelliJIdea2019.2\system\testAgent\intellij-coverage-agent-1.0.508.jar=C:\Users\DELL\AppData\Local\Temp\coverage1args -XX:TieredStopAtLevel=1 -Xverify:none -Dspring.output.ansi.enabled=always -Dcom.sun.management.jmxremote -Dspring.jmx.enabled=true -Dspring.liveBeansView.mbeanDomain -Dspring.application.admin.enabled=true -Didea.launcher.port=64385 -Didea.launcher.bin.path=C:\Program Files\JetBrains\IntelliJ IDEA 2019.2\bin -Dfile.encoding=UTF-8 com.intellij.rt.execution.application.AppMainV2 bude.e_commerce1.ECommerce1Application

Host: Intel(R) Core(TM) i7-8650U CPU @ 1.90GHz, 8 cores, 15G,  Windows 10 , 64 bit Build 22621 (10.0.22621.1485)
Time: Sat Apr 22 12:11:02 2023 W. Central Africa Standard Time elapsed time: 0.817768 seconds (0d 0h 0m 0s)

---------------  T H R E A D  ---------------

Current thread (0x000001f61f6a9a30):  JavaThread "main" [_thread_in_vm, id=9136, stack(0x0000001021400000,0x0000001021500000)]

Stack: [0x0000001021400000,0x0000001021500000],  sp=0x00000010214fa228,  free space=1000k
Native frames: (J=compiled Java code, j=interpreted, Vv=VM code, C=native code)
V  [jvm.dll+0x23b0a8]

Java frames: (J=compiled Java code, j=interpreted, Vv=VM code)
J 1468  java.lang.ClassLoader.defineClass1(Ljava/lang/ClassLoader;Ljava/lang/String;[BIILjava/security/ProtectionDomain;Ljava/lang/String;)Ljava/lang/Class; java.base@17 (0 bytes) @ 0x000001f6273ab4e3 [0x000001f6273ab420+0x00000000000000c3]
J 1499 c1 java.lang.ClassLoader.defineClass(Ljava/lang/String;[BIILjava/security/ProtectionDomain;)Ljava/lang/Class; java.base@17 (43 bytes) @ 0x000001f6273ba96c [0x000001f6273ba860+0x000000000000010c]
J 1490 c1 jdk.internal.loader.BuiltinClassLoader.defineClass(Ljava/lang/String;Ljdk/internal/loader/Resource;)Ljava/lang/Class; java.base@17 (121 bytes) @ 0x000001f6273b606c [0x000001f6273b5ba0+0x00000000000004cc]
J 1469 c1 jdk.internal.loader.BuiltinClassLoader.findClassOnClassPathOrNull(Ljava/lang/String;)Ljava/lang/Class; java.base@17 (64 bytes) @ 0x000001f6273abcc4 [0x000001f6273aba00+0x00000000000002c4]
J 1269 c1 jdk.internal.loader.BuiltinClassLoader.loadClassOrNull(Ljava/lang/String;Z)Ljava/lang/Class; java.base@17 (143 bytes) @ 0x000001f627352684 [0x000001f627352200+0x0000000000000484]
J 1371 c1 jdk.internal.loader.ClassLoaders$AppClassLoader.loadClass(Ljava/lang/String;Z)Ljava/lang/Class; java.base@17 (40 bytes) @ 0x000001f6273802ac [0x000001f627380160+0x000000000000014c]
J 1367 c1 java.lang.ClassLoader.loadClass(Ljava/lang/String;)Ljava/lang/Class; java.base@17 (7 bytes) @ 0x000001f62737f0e4 [0x000001f62737f0a0+0x0000000000000044]
v  ~StubRoutines::call_stub
j  org.springframework.core.annotation.IntrospectionFailureLogger.<clinit>()V+13
v  ~StubRoutines::call_stub
j  org.springframework.core.annotation.AnnotationTypeMappings.<clinit>()V+13
v  ~StubRoutines::call_stub
j  org.springframework.core.annotation.TypeMappedAnnotations$MergedAnnotationFinder.process(Ljava/lang/Object;ILjava/lang/Object;Ljava/lang/annotation/Annotation;)Lorg/springframework/core/annotation/MergedAnnotation;+105
j  org.springframework.core.annotation.TypeMappedAnnotations$MergedAnnotationFinder.doWithAnnotations(Ljava/lang/Object;ILjava/lang/Object;[Ljava/lang/annotation/Annotation;)Lorg/springframework/core/annotation/MergedAnnotation;+85
j  org.springframework.core.annotation.TypeMappedAnnotations$MergedAnnotationFinder.doWithAnnotations(Ljava/lang/Object;ILjava/lang/Object;[Ljava/lang/annotation/Annotation;)Ljava/lang/Object;+6
j  org.springframework.core.annotation.AnnotationsScanner.processClassHierarchy(Ljava/lang/Object;[ILjava/lang/Class;Lorg/springframework/core/annotation/AnnotationsProcessor;ZLjava/util/function/Predicate;)Ljava/lang/Object;+107
j  org.springframework.core.annotation.AnnotationsScanner.processClassHierarchy(Ljava/lang/Object;Ljava/lang/Class;Lorg/springframework/core/annotation/AnnotationsProcessor;ZLjava/util/function/Predicate;)Ljava/lang/Object;+28
j  org.springframework.core.annotation.AnnotationsScanner.processClass(Ljava/lang/Object;Ljava/lang/Class;Lorg/springframework/core/annotation/MergedAnnotations$SearchStrategy;Ljava/util/function/Predicate;Lorg/springframework/core/annotation/AnnotationsProcessor;)Ljava/lang/Object;+133
j  org.springframework.core.annotation.AnnotationsScanner.process(Ljava/lang/Object;Ljava/lang/reflect/AnnotatedElement;Lorg/springframework/core/annotation/MergedAnnotations$SearchStrategy;Ljava/util/function/Predicate;Lorg/springframework/core/annotation/AnnotationsProcessor;)Ljava/lang/Object;+43
j  org.springframework.core.annotation.AnnotationsScanner.scan(Ljava/lang/Object;Ljava/lang/reflect/AnnotatedElement;Lorg/springframework/core/annotation/MergedAnnotations$SearchStrategy;Ljava/util/function/Predicate;Lorg/springframework/core/annotation/AnnotationsProcessor;)Ljava/lang/Object;+21
j  org.springframework.core.annotation.TypeMappedAnnotations.scan(Ljava/lang/Object;Lorg/springframework/core/annotation/AnnotationsProcessor;)Ljava/lang/Object;+103
j  org.springframework.core.annotation.TypeMappedAnnotations.get(Ljava/lang/Class;Ljava/util/function/Predicate;Lorg/springframework/core/annotation/MergedAnnotationSelector;)Lorg/springframework/core/annotation/MergedAnnotation;+61
j  org.springframework.core.annotation.TypeMappedAnnotations.get(Ljava/lang/Class;)Lorg/springframework/core/annotation/MergedAnnotation;+17
j  org.springframework.core.annotation.OrderUtils.findOrder(Lorg/springframework/core/annotation/MergedAnnotations;)Ljava/lang/Integer;+16
j  org.springframework.core.annotation.OrderUtils.getOrderFromAnnotations(Ljava/lang/reflect/AnnotatedElement;Lorg/springframework/core/annotation/MergedAnnotations;)Ljava/lang/Integer;+95
j  org.springframework.core.annotation.AnnotationAwareOrderComparator.findOrderFromAnnotation(Ljava/lang/Object;)Ljava/lang/Integer;+58
j  org.springframework.core.annotation.AnnotationAwareOrderComparator.findOrder(Ljava/lang/Object;)Ljava/lang/Integer;+48
j  org.springframework.core.OrderComparator.getOrder(Ljava/lang/Object;)I+26
j  org.springframework.core.OrderComparator.getOrder(Ljava/lang/Object;Lorg/springframework/core/OrderComparator$OrderSourceProvider;)I+203
j  org.springframework.core.OrderComparator.doCompare(Ljava/lang/Object;Ljava/lang/Object;Lorg/springframework/core/OrderComparator$OrderSourceProvider;)I+102
j  org.springframework.core.OrderComparator.compare(Ljava/lang/Object;Ljava/lang/Object;)I+17
j  java.util.TimSort.countRunAndMakeAscending([Ljava/lang/Object;IILjava/util/Comparator;)I+43 java.base@17
j  java.util.TimSort.sort([Ljava/lang/Object;IILjava/util/Comparator;[Ljava/lang/Object;II)V+60 java.base@17
j  java.util.Arrays.sort([Ljava/lang/Object;IILjava/util/Comparator;)V+43 java.base@17
j  java.util.ArrayList.sort(Ljava/util/Comparator;)V+15 java.base@17
j  org.springframework.core.annotation.AnnotationAwareOrderComparator.sort(Ljava/util/List;)V+34
j  org.springframework.core.io.support.SpringFactoriesLoader.load(Ljava/lang/Class;Lorg/springframework/core/io/support/SpringFactoriesLoader$ArgumentResolver;Lorg/springframework/core/io/support/SpringFactoriesLoader$FailureHandler;)Ljava/util/List;+219
j  org.springframework.core.io.support.SpringFactoriesLoader.load(Ljava/lang/Class;)Ljava/util/List;+17
j  org.springframework.core.io.support.SpringFactoriesLoader.loadFactories(Ljava/lang/Class;Ljava/lang/ClassLoader;)Ljava/util/List;+18
j  org.springframework.boot.logging.LoggingSystemFactory.lambda$fromSpringFactories$0(Ljava/lang/ClassLoader;)Ljava/util/List;+16
j  org.springframework.boot.logging.LoggingSystemFactory$$Lambda$144+0x0000000800cf23e8.apply(Ljava/lang/Object;)Ljava/lang/Object;+4
j  org.springframework.boot.logging.DelegatingLoggingSystemFactory.getLoggingSystem(Ljava/lang/ClassLoader;)Lorg/springframework/boot/logging/LoggingSystem;+25
j  org.springframework.boot.logging.LoggingSystem.get(Ljava/lang/ClassLoader;)Lorg/springframework/boot/logging/LoggingSystem;+89
j  org.springframework.boot.context.logging.LoggingApplicationListener.onApplicationStartingEvent(Lorg/springframework/boot/context/event/ApplicationStartingEvent;)V+21
j  org.springframework.boot.context.logging.LoggingApplicationListener.onApplicationEvent(Lorg/springframework/context/ApplicationEvent;)V+34
j  org.springframework.context.event.SimpleApplicationEventMulticaster.doInvokeListener(Lorg/springframework/context/ApplicationListener;Lorg/springframework/context/ApplicationEvent;)V+15
j  org.springframework.context.event.SimpleApplicationEventMulticaster.invokeListener(Lorg/springframework/context/ApplicationListener;Lorg/springframework/context/ApplicationEvent;)V+99
j  org.springframework.context.event.SimpleApplicationEventMulticaster.multicastEvent(Lorg/springframework/context/ApplicationEvent;Lorg/springframework/core/ResolvableType;)V+133
j  org.springframework.context.event.SimpleApplicationEventMulticaster.multicastEvent(Lorg/springframework/context/ApplicationEvent;)V+20
j  org.springframework.boot.context.event.EventPublishingRunListener.multicastInitialEvent(Lorg/springframework/context/ApplicationEvent;)V+29
j  org.springframework.boot.context.event.EventPublishingRunListener.starting(Lorg/springframework/boot/ConfigurableBootstrapContext;)V+30
j  org.springframework.boot.SpringApplicationRunListeners.lambda$starting$0(Lorg/springframework/boot/ConfigurableBootstrapContext;Lorg/springframework/boot/SpringApplicationRunListener;)V+15
j  org.springframework.boot.SpringApplicationRunListeners$$Lambda$141+0x0000000800cecc00.accept(Ljava/lang/Object;)V+8
j  java.lang.Iterable.forEach(Ljava/util/function/Consumer;)V+30 java.base@17
j  org.springframework.boot.SpringApplicationRunListeners.doWithListeners(Ljava/lang/String;Ljava/util/function/Consumer;Ljava/util/function/Consumer;)V+40
j  org.springframework.boot.SpringApplicationRunListeners.starting(Lorg/springframework/boot/ConfigurableBootstrapContext;Ljava/lang/Class;)V+28
j  org.springframework.boot.SpringApplication.run([Ljava/lang/String;)Lorg/springframework/context/ConfigurableApplicationContext;+80
j  org.springframework.boot.SpringApplication.run([Ljava/lang/Class;[Ljava/lang/String;)Lorg/springframework/context/ConfigurableApplicationContext;+22
j  org.springframework.boot.SpringApplication.run(Ljava/lang/Class;[Ljava/lang/String;)Lorg/springframework/context/ConfigurableApplicationContext;+22
j  bude.e_commerce1.ECommerce1Application.main([Ljava/lang/String;)V+16
v  ~StubRoutines::call_stub
j  jdk.internal.reflect.NativeMethodAccessorImpl.invoke0(Ljava/lang/reflect/Method;Ljava/lang/Object;[Ljava/lang/Object;)Ljava/lang/Object;+0 java.base@17
j  jdk.internal.reflect.NativeMethodAccessorImpl.invoke(Ljava/lang/Object;[Ljava/lang/Object;)Ljava/lang/Object;+133 java.base@17
j  jdk.internal.reflect.DelegatingMethodAccessorImpl.invoke(Ljava/lang/Object;[Ljava/lang/Object;)Ljava/lang/Object;+6 java.base@17
j  java.lang.reflect.Method.invoke(Ljava/lang/Object;[Ljava/lang/Object;)Ljava/lang/Object;+59 java.base@17
j  com.intellij.rt.execution.application.AppMainV2.main([Ljava/lang/String;)V+184
v  ~StubRoutines::call_stub

siginfo: EXCEPTION_ACCESS_VIOLATION (0xc0000005), reading address 0x000001f636abb348


Register to memory mapping:

RIP=0x00007ff931c6b0a8 jvm.dll
RAX=0x000000000000377c is an unknown value
RBX=0x0000000000000001 is an unknown value
RCX=0x000001f636a9f720 is pointing into metadata
RDX=0x000000000000003a is an unknown value
RSP=0x00000010214fa228 is pointing into the stack for thread: 0x000001f61f6a9a30
RBP=0x000000000000003a is an unknown value
RSI=0x0000000000000006 is an unknown value
RDI=0x0000000800cf39e0 is a pointer to class: 
org.springframework.core.annotation.IntrospectionFailureLogger {0x0000000800cf39e8}
 - instance size:     3
 - klass size:        75
 - access:            synchronized abstract 
 - state:             being_initialized
 - name:              'org/springframework/core/annotation/IntrospectionFailureLogger'
 - super:             'java/lang/Enum'
 - sub:               
 - arrays:            NULL
 - methods:           Array<T>(0x000001f636a9fc90)
 - method ordering:   Array<T>(0x00000008008e0100)
 - default_methods:   Array<T>(0x0000000000000000)
 - local interfaces:  Array<T>(0x00000008005af3b0)
 - trans. interfaces: Array<T>(0x00000008005b5490)
 - constants:         constant pool [136]/operands[10] {0x000001f636a9f728} for 'org/springframework/core/annotation/IntrospectionFailureLogger' cache=0x000001f636a9d478
 - class loader data:  loader data: 0x000001f636cfc570 for instance a 'jdk/internal/loader/ClassLoaders$AppClassLoader'{0x0000000702546770}
 - source file:       'IntrospectionFailureLogger.java'
 - class annotations:       Array<T>(0x0000000000000000)
 - class type annotations:  Array<T>(0x0000000000000000)
 - field annotations:       Array<T>(0x000001f636a9fc30)
 - field type annotations:  Array<T>(0x0000000000000000)
 - generic signature: 'Ljava/lang/Enum<Lorg/springframework/core/annotation/IntrospectionFailureLogger;>;'
 - inner classes:     Array<T>(0x000001f636a9d410)
 - nest members:     Array<T>(0x000001f636a9d438)
 - permitted subclasses:     Array<T>(0x000001f636a9d448)
 - java mirror:       a 'java/lang/Class'{0x00000007116a21b0} = 'org/springframework/core/annotation/IntrospectionFailureLogger'
 - vtable length      9  (start addr: 0x0000000800cf3ba8)
 - itable length      8 (start addr: 0x0000000800cf3bf0)
 - ---- static fields (2 words):
 - public static final 'DEBUG' 'Lorg/springframework/core/annotation/IntrospectionFailureLogger;' @112 
 - public static final 'INFO' 'Lorg/springframework/core/annotation/IntrospectionFailureLogger;' @116 
 - private static 'logger' 'Lorg/apache/commons/logging/Log;' @120 
 - private static final synthetic '$VALUES' '[Lorg/springframework/core/annotation/IntrospectionFailureLogger;' @124 
 - ---- non-static fields (2 words):
 - private final 'ordinal' 'I' @12 
 - private final 'name' 'Ljava/lang/String;' @16 
 - non-static oop maps: 16-16 
R8 =0x0000000000000004 is an unknown value
R9 =0x0000000800cf3c38 is a pointer to class: 
org.springframework.core.annotation.IntrospectionFailureLogger$1 {0x0000000800cf3c40}
 - instance size:     3
 - klass size:        75
 - access:            final synchronized 
 - state:             allocated
 - name:              'org/springframework/core/annotation/IntrospectionFailureLogger$1'
 - super:             'org/springframework/core/annotation/IntrospectionFailureLogger'
 - sub:               
 - arrays:            NULL
 - methods:           Array<T>(0x000001f636a9d980)
 - method ordering:   Array<T>(0x00000008008e0100)
 - default_methods:   Array<T>(0x0000000000000000)
 - local interfaces:  Array<T>(0x00000008005af3b0)
 - trans. interfaces: Array<T>(0x00000008005b5490)
 - constants:         constant pool [55] {0x000001f636a9d750} for 'org/springframework/core/annotation/IntrospectionFailureLogger$1'
 - class loader data:  loader data: 0x000001f636cfc570 for instance a 'jdk/internal/loader/ClassLoaders$AppClassLoader'{0x0000000702546770}
 - source file:       'IntrospectionFailureLogger.java'
 - class annotations:       Array<T>(0x0000000000000000)
 - class type annotations:  Array<T>(0x0000000000000000)
 - field annotations:       Array<T>(0x0000000000000000)
 - field type annotations:  Array<T>(0x0000000000000000)
 - inner classes:     Array<T>(0x000001f636a9dc00)
 - nest members:     Array<T>(0x00000008005af340)
 - permitted subclasses:     Array<T>(0x00000008005af340)
 - java mirror:       NULL
 - vtable length      9  (start addr: 0x0000000800cf3e00)
 - itable length      8 (start addr: 0x0000000800cf3e48)
 - ---- static fields (0 words):
 - ---- non-static fields (2 words):
 - private final 'ordinal' 'I' @12 
 - private final 'name' 'Ljava/lang/String;' @16 
 - non-static oop maps: 16-16 
R10=0x00007ff96d400000 VCRUNTIME140.dll
R11=0x000001f63615f4c0 points into unknown readable memory: 0xffffffff0000006d | 6d 00 00 00 ff ff ff ff
R12=0x000001f61f6a9a30 is a thread
R13=0x000001f61f6a9a30 is a thread
R14=0x0000000800cf3c38 is a pointer to class: 
org.springframework.core.annotation.IntrospectionFailureLogger$1 {0x0000000800cf3c40}
 - instance size:     3
 - klass size:        75
 - access:            final synchronized 
 - state:             allocated
 - name:              'org/springframework/core/annotation/IntrospectionFailureLogger$1'
 - super:             'org/springframework/core/annotation/IntrospectionFailureLogger'
 - sub:               
 - arrays:            NULL
 - methods:           Array<T>(0x000001f636a9d980)
 - method ordering:   Array<T>(0x00000008008e0100)
 - default_methods:   Array<T>(0x0000000000000000)
 - local interfaces:  Array<T>(0x00000008005af3b0)
 - trans. interfaces: Array<T>(0x00000008005b5490)
 - constants:         constant pool [55] {0x000001f636a9d750} for 'org/springframework/core/annotation/IntrospectionFailureLogger$1'
 - class loader data:  loader data: 0x000001f636cfc570 for instance a 'jdk/internal/loader/ClassLoaders$AppClassLoader'{0x0000000702546770}
 - source file:       'IntrospectionFailureLogger.java'
 - class annotations:       Array<T>(0x0000000000000000)
 - class type annotations:  Array<T>(0x0000000000000000)
 - field annotations:       Array<T>(0x0000000000000000)
 - field type annotations:  Array<T>(0x0000000000000000)
 - inner classes:     Array<T>(0x000001f636a9dc00)
 - nest members:     Array<T>(0x00000008005af340)
 - permitted subclasses:     Array<T>(0x00000008005af340)
 - java mirror:       NULL
 - vtable length      9  (start addr: 0x0000000800cf3e00)
 - itable length      8 (start addr: 0x0000000800cf3e48)
 - ---- static fields (0 words):
 - ---- non-static fields (2 words):
 - private final 'ordinal' 'I' @12 
 - private final 'name' 'Ljava/lang/String;' @16 
 - non-static oop maps: 16-16 
R15=0x0000000800cf3c38 is a pointer to class: 
org.springframework.core.annotation.IntrospectionFailureLogger$1 {0x0000000800cf3c40}
 - instance size:     3
 - klass size:        75
 - access:            final synchronized 
 - state:             allocated
 - name:              'org/springframework/core/annotation/IntrospectionFailureLogger$1'
 - super:             'org/springframework/core/annotation/IntrospectionFailureLogger'
 - sub:               
 - arrays:            NULL
 - methods:           Array<T>(0x000001f636a9d980)
 - method ordering:   Array<T>(0x00000008008e0100)
 - default_methods:   Array<T>(0x0000000000000000)
 - local interfaces:  Array<T>(0x00000008005af3b0)
 - trans. interfaces: Array<T>(0x00000008005b5490)
 - constants:         constant pool [55] {0x000001f636a9d750} for 'org/springframework/core/annotation/IntrospectionFailureLogger$1'
 - class loader data:  loader data: 0x000001f636cfc570 for instance a 'jdk/internal/loader/ClassLoaders$AppClassLoader'{0x0000000702546770}
 - source file:       'IntrospectionFailureLogger.java'
 - class annotations:       Array<T>(0x0000000000000000)
 - class type annotations:  Array<T>(0x0000000000000000)
 - field annotations:       Array<T>(0x0000000000000000)
 - field type annotations:  Array<T>(0x0000000000000000)
 - inner classes:     Array<T>(0x000001f636a9dc00)
 - nest members:     Array<T>(0x00000008005af340)
 - permitted subclasses:     Array<T>(0x00000008005af340)
 - java mirror:       NULL
 - vtable length      9  (start addr: 0x0000000800cf3e00)
 - itable length      8 (start addr: 0x0000000800cf3e48)
 - ---- static fields (0 words):
 - ---- non-static fields (2 words):
 - private final 'ordinal' 'I' @12 
 - private final 'name' 'Ljava/lang/String;' @16 
 - non-static oop maps: 16-16 


Registers:
RAX=0x000000000000377c, RBX=0x0000000000000001, RCX=0x000001f636a9f720, RDX=0x000000000000003a
RSP=0x00000010214fa228, RBP=0x000000000000003a, RSI=0x0000000000000006, RDI=0x0000000800cf39e0
R8 =0x0000000000000004, R9 =0x0000000800cf3c38, R10=0x00007ff96d400000, R11=0x000001f63615f4c0
R12=0x000001f61f6a9a30, R13=0x000001f61f6a9a30, R14=0x0000000800cf3c38, R15=0x0000000800cf3c38
RIP=0x00007ff931c6b0a8, EFLAGS=0x0000000000010297

Top of Stack: (sp=0x00000010214fa228)
0x00000010214fa228:   00007ff931d9ae02 000001f6361496b0
0x00000010214fa238:   000001f61f6a9a30 00000010214fa890
0x00000010214fa248:   000001f637d88666 0000000800cf3c38
0x00000010214fa258:   0000000800cf39e0 00000008005af3b0
0x00000010214fa268:   000001f636a9d980 00000010214fa550
0x00000010214fa278:   00007ff931c0ebaa 000001f637d88666
0x00000010214fa288:   00000010214fa890 000001f61f6a9a30
0x00000010214fa298:   000001f61f6a9a30 000001f6377fb4e0
0x00000010214fa2a8:   00007ff9320a8cff 000001f61f6a4790
0x00000010214fa2b8:   000001f637d88600 00000010214fa550
0x00000010214fa2c8:   0000000000000000 0000000800cf3c38
0x00000010214fa2d8:   000001f61f6a9a30 0000000800cf3c38
0x00000010214fa2e8:   00007ff931f69efe 000001f636a9d980
0x00000010214fa2f8:   00000010214fa320 00000010214fa890
0x00000010214fa308:   00000008005af3b0 00007ff932357978
0x00000010214fa318:   0000000200000002 00007ff932357988 

Instructions: (pc=0x00007ff931c6b0a8)
0x00007ff931c6afa8:   48 8b 49 18 e8 1f ab 31 00 48 83 7e 08 00 48 8b
0x00007ff931c6afb8:   7c 24 70 48 8b 6c 24 60 74 37 4c 8b ce 41 b0 64
0x00007ff931c6afc8:   41 8b d4 49 8b ce e8 bd 1c 00 00 48 83 7e 08 00
0x00007ff931c6afd8:   0f 85 87 00 00 00 49 8b 0e 8b 54 24 68 48 8b 41
0x00007ff931c6afe8:   28 48 8b 44 d0 08 48 83 c4 38 41 5e 41 5c 5e 5b
0x00007ff931c6aff8:   c3 48 83 3d 37 2b 8a 00 00 74 0b 48 8b d3 49 8b
0x00007ff931c6b008:   ce e8 52 22 00 00 8b 44 24 68 41 b9 07 00 00 00
0x00007ff931c6b018:   48 8d 14 c5 00 00 00 00 49 8b 06 48 8b 48 28 48
0x00007ff931c6b028:   89 5c 11 08 49 8b 06 48 8b 48 08 b0 64 f0 46 0f
0x00007ff931c6b038:   b0 4c 21 04 3c 67 75 32 49 8b 06 4c 8b c6 48 8b
0x00007ff931c6b048:   48 28 48 c7 44 11 08 00 00 00 00 41 8b d4 49 8b
0x00007ff931c6b058:   ce e8 52 20 00 00 48 83 7e 08 00 74 0d 33 c0 48
0x00007ff931c6b068:   83 c4 38 41 5e 41 5c 5e 5b c3 48 8b c3 48 83 c4
0x00007ff931c6b078:   38 41 5e 41 5c 5e 5b c3 48 8b 41 28 4c 63 ca 42
0x00007ff931c6b088:   0f b7 54 c9 48 4c 89 44 d0 08 48 8b 41 08 42 c6
0x00007ff931c6b098:   44 08 04 07 c3 cc cc cc 48 63 c2 0f b7 44 c1 4a
0x00007ff931c6b0a8:   48 8b 44 c1 48 c3 cc cc 49 63 c0 44 0f b7 44 c1
0x00007ff931c6b0b8:   4a 48 8b 42 18 4a 39 44 c1 48 0f 94 c0 c3 cc cc
0x00007ff931c6b0c8:   cc cc cc cc cc cc cc cc 48 89 5c 24 10 48 89 74
0x00007ff931c6b0d8:   24 18 57 48 83 ec 30 48 63 da 49 8b f0 48 8b f9
0x00007ff931c6b0e8:   85 d2 79 24 4c 8d 0d b5 28 6a 00 ba b4 02 00 00
0x00007ff931c6b0f8:   4c 8d 05 e1 28 6a 00 48 8d 0d 4a 28 6a 00 e8 95
0x00007ff931c6b108:   79 00 00 e8 50 43 43 00 48 8b 4f 10 48 85 c9 74
0x00007ff931c6b118:   0f 48 8d 43 01 48 c1 e0 05 48 8b 04 08 0f b7 d8
0x00007ff931c6b128:   48 63 c3 48 8d 54 24 40 48 89 7c 24 20 48 89 74
0x00007ff931c6b138:   24 28 48 8b 8e 40 02 00 00 8b 5c c7 48 48 89 7c
0x00007ff931c6b148:   24 40 e8 b1 f8 dc ff 0f b7 d3 48 8d 4c 24 20 4c
0x00007ff931c6b158:   8b c6 e8 f1 fb ff ff 48 8d 4c 24 20 48 8b d8 e8
0x00007ff931c6b168:   24 be 10 00 48 8b 74 24 50 48 8b c3 48 8b 5c 24
0x00007ff931c6b178:   48 48 83 c4 30 5f c3 cc 48 89 5c 24 08 57 48 83
0x00007ff931c6b188:   ec 20 48 63 fa 48 8b d9 85 d2 79 24 4c 8d 0d 0d
0x00007ff931c6b198:   28 6a 00 ba b4 02 00 00 4c 8d 05 39 28 6a 00 48 


Stack slot to memory mapping:
stack at sp + 0 slots: 0x00007ff931d9ae02 jvm.dll
stack at sp + 1 slots: 0x000001f6361496b0 points into unknown readable memory: 0x005c003f00000000 | 00 00 00 00 3f 00 5c 00
stack at sp + 2 slots: 0x000001f61f6a9a30 is a thread
stack at sp + 3 slots: 0x00000010214fa890 is pointing into the stack for thread: 0x000001f61f6a9a30
stack at sp + 4 slots: 0x000001f637d88666 points into unknown readable memory: 6f 72
stack at sp + 5 slots: 0x0000000800cf3c38 is a pointer to class: 
org.springframework.core.annotation.IntrospectionFailureLogger$1 {0x0000000800cf3c40}
 - instance size:     3
 - klass size:        75
 - access:            final synchronized 
 - state:             allocated
 - name:              'org/springframework/core/annotation/IntrospectionFailureLogger$1'
 - super:             'org/springframework/core/annotation/IntrospectionFailureLogger'
 - sub:               
 - arrays:            NULL
 - methods:           Array<T>(0x000001f636a9d980)
 - method ordering:   Array<T>(0x00000008008e0100)
 - default_methods:   Array<T>(0x0000000000000000)
 - local interfaces:  Array<T>(0x00000008005af3b0)
 - trans. interfaces: Array<T>(0x00000008005b5490)
 - constants:         constant pool [55] {0x000001f636a9d750} for 'org/springframework/core/annotation/IntrospectionFailureLogger$1'
 - class loader data:  loader data: 0x000001f636cfc570 for instance a 'jdk/internal/loader/ClassLoaders$AppClassLoader'{0x0000000702546770}
 - source file:       'IntrospectionFailureLogger.java'
 - class annotations:       Array<T>(0x0000000000000000)
 - class type annotations:  Array<T>(0x0000000000000000)
 - field annotations:       Array<T>(0x0000000000000000)
 - field type annotations:  Array<T>(0x0000000000000000)
 - inner classes:     Array<T>(0x000001f636a9dc00)
 - nest members:     Array<T>(0x00000008005af340)
 - permitted subclasses:     Array<T>(0x00000008005af340)
 - java mirror:       NULL
 - vtable length      9  (start addr: 0x0000000800cf3e00)
 - itable length      8 (start addr: 0x0000000800cf3e48)
 - ---- static fields (0 words):
 - ---- non-static fields (2 words):
 - private final 'ordinal' 'I' @12 
 - private final 'name' 'Ljava/lang/String;' @16 
 - non-static oop maps: 16-16 
stack at sp + 6 slots: 0x0000000800cf39e0 is a pointer to class: 
org.springframework.core.annotation.IntrospectionFailureLogger {0x0000000800cf39e8}
 - instance size:     3
 - klass size:        75
 - access:            synchronized abstract 
 - state:             being_initialized
 - name:              'org/springframework/core/annotation/IntrospectionFailureLogger'
 - super:             'java/lang/Enum'
 - sub:               
 - arrays:            NULL
 - methods:           Array<T>(0x000001f636a9fc90)
 - method ordering:   Array<T>(0x00000008008e0100)
 - default_methods:   Array<T>(0x0000000000000000)
 - local interfaces:  Array<T>(0x00000008005af3b0)
 - trans. interfaces: Array<T>(0x00000008005b5490)
 - constants:         constant pool [136]/operands[10] {0x000001f636a9f728} for 'org/springframework/core/annotation/IntrospectionFailureLogger' cache=0x000001f636a9d478
 - class loader data:  loader data: 0x000001f636cfc570 for instance a 'jdk/internal/loader/ClassLoaders$AppClassLoader'{0x0000000702546770}
 - source file:       'IntrospectionFailureLogger.java'
 - class annotations:       Array<T>(0x0000000000000000)
 - class type annotations:  Array<T>(0x0000000000000000)
 - field annotations:       Array<T>(0x000001f636a9fc30)
 - field type annotations:  Array<T>(0x0000000000000000)
 - generic signature: 'Ljava/lang/Enum<Lorg/springframework/core/annotation/IntrospectionFailureLogger;>;'
 - inner classes:     Array<T>(0x000001f636a9d410)
 - nest members:     Array<T>(0x000001f636a9d438)
 - permitted subclasses:     Array<T>(0x000001f636a9d448)
 - java mirror:       a 'java/lang/Class'{0x00000007116a21b0} = 'org/springframework/core/annotation/IntrospectionFailureLogger'
 - vtable length      9  (start addr: 0x0000000800cf3ba8)
 - itable length      8 (start addr: 0x0000000800cf3bf0)
 - ---- static fields (2 words):
 - public static final 'DEBUG' 'Lorg/springframework/core/annotation/IntrospectionFailureLogger;' @112 
 - public static final 'INFO' 'Lorg/springframework/core/annotation/IntrospectionFailureLogger;' @116 
 - private static 'logger' 'Lorg/apache/commons/logging/Log;' @120 
 - private static final synthetic '$VALUES' '[Lorg/springframework/core/annotation/IntrospectionFailureLogger;' @124 
 - ---- non-static fields (2 words):
 - private final 'ordinal' 'I' @12 
 - private final 'name' 'Ljava/lang/String;' @16 
 - non-static oop maps: 16-16 
stack at sp + 7 slots: 0x00000008005af3b0 is pointing into metadata


---------------  P R O C E S S  ---------------

Threads class SMR info:
_java_thread_list=0x000001f6373d3cb0, length=16, elements={
0x000001f61f6a9a30, 0x000001f63615bc30, 0x000001f63615c6f0, 0x000001f63616ffa0,
0x000001f636173880, 0x000001f636174550, 0x000001f636174e10, 0x000001f636180ac0,
0x000001f636c20090, 0x000001f636cf3c00, 0x000001f636cfdd30, 0x000001f636d00250,
0x000001f636ddf4e0, 0x000001f636e52a30, 0x000001f63722cf20, 0x000001f6373d3310
}

Java Threads: ( => current thread )
=>0x000001f61f6a9a30 JavaThread "main" [_thread_in_vm, id=9136, stack(0x0000001021400000,0x0000001021500000)]
  0x000001f63615bc30 JavaThread "Reference Handler" daemon [_thread_blocked, id=8004, stack(0x0000001021b00000,0x0000001021c00000)]
  0x000001f63615c6f0 JavaThread "Finalizer" daemon [_thread_blocked, id=16348, stack(0x0000001021c00000,0x0000001021d00000)]
  0x000001f63616ffa0 JavaThread "Signal Dispatcher" daemon [_thread_blocked, id=11128, stack(0x0000001021d00000,0x0000001021e00000)]
  0x000001f636173880 JavaThread "Attach Listener" daemon [_thread_blocked, id=3688, stack(0x0000001021e00000,0x0000001021f00000)]
  0x000001f636174550 JavaThread "Service Thread" daemon [_thread_blocked, id=15220, stack(0x0000001021f00000,0x0000001022000000)]
  0x000001f636174e10 JavaThread "Monitor Deflation Thread" daemon [_thread_blocked, id=4152, stack(0x0000001022000000,0x0000001022100000)]
  0x000001f636180ac0 JavaThread "C1 CompilerThread0" daemon [_thread_blocked, id=11696, stack(0x0000001022100000,0x0000001022200000)]
  0x000001f636c20090 JavaThread "Sweeper thread" daemon [_thread_blocked, id=10528, stack(0x0000001022200000,0x0000001022300000)]
  0x000001f636cf3c00 JavaThread "Common-Cleaner" daemon [_thread_blocked, id=6328, stack(0x0000001022300000,0x0000001022400000)]
  0x000001f636cfdd30 JavaThread "C1 CompilerThread1" daemon [_thread_blocked, id=2308, stack(0x0000001022400000,0x0000001022500000)]
  0x000001f636d00250 JavaThread "C1 CompilerThread2" daemon [_thread_blocked, id=11496, stack(0x0000001022500000,0x0000001022600000)]
  0x000001f636ddf4e0 JavaThread "C1 CompilerThread3" daemon [_thread_blocked, id=13496, stack(0x0000001022600000,0x0000001022700000)]
  0x000001f636e52a30 JavaThread "Notification Thread" daemon [_thread_blocked, id=14932, stack(0x0000001022700000,0x0000001022800000)]
  0x000001f63722cf20 JavaThread "RMI TCP Accept-0" daemon [_thread_in_native, id=5652, stack(0x0000001022800000,0x0000001022900000)]
  0x000001f6373d3310 JavaThread "Monitor Ctrl-Break" daemon [_thread_in_native, id=10044, stack(0x0000001022a00000,0x0000001022b00000)]

Other Threads:
  0x000001f636157250 VMThread "VM Thread" [stack: 0x0000001021a00000,0x0000001021b00000] [id=14456]
  0x000001f61f71c420 WatcherThread [stack: 0x0000001022900000,0x0000001022a00000] [id=8956]
  0x000001f61f6cc250 GCTaskThread "GC Thread#0" [stack: 0x0000001021500000,0x0000001021600000] [id=16212]
  0x000001f63745d330 GCTaskThread "GC Thread#1" [stack: 0x0000001022b00000,0x0000001022c00000] [id=13584]
  0x000001f63745c060 GCTaskThread "GC Thread#2" [stack: 0x0000001022c00000,0x0000001022d00000] [id=2160]
  0x000001f63745d890 GCTaskThread "GC Thread#3" [stack: 0x0000001022d00000,0x0000001022e00000] [id=4528]
  0x000001f63745c310 GCTaskThread "GC Thread#4" [stack: 0x0000001022e00000,0x0000001022f00000] [id=8076]
  0x000001f63745bdb0 GCTaskThread "GC Thread#5" [stack: 0x0000001022f00000,0x0000001023000000] [id=6820]
  0x000001f63745c870 GCTaskThread "GC Thread#6" [stack: 0x0000001023000000,0x0000001023100000] [id=12160]
  0x000001f63745d080 GCTaskThread "GC Thread#7" [stack: 0x0000001023200000,0x0000001023300000] [id=3640]
  0x000001f61f6ccf70 ConcurrentGCThread "G1 Main Marker" [stack: 0x0000001021600000,0x0000001021700000] [id=12704]
  0x000001f61f711ec0 ConcurrentGCThread "G1 Conc#0" [stack: 0x0000001021700000,0x0000001021800000] [id=14136]
  0x000001f61f7668f0 ConcurrentGCThread "G1 Refine#0" [stack: 0x0000001021800000,0x0000001021900000] [id=16100]
  0x000001f637465330 ConcurrentGCThread "G1 Refine#1" [stack: 0x0000001023100000,0x0000001023200000] [id=1328]
  0x000001f61f767fe0 ConcurrentGCThread "G1 Service" [stack: 0x0000001021900000,0x0000001021a00000] [id=9420]

Threads with active compile tasks:

VM state: not at safepoint (normal execution)

VM Mutex/Monitor currently owned by a thread: None

Heap address: 0x0000000702200000, size: 4062 MB, Compressed Oops mode: Zero based, Oop shift amount: 3

CDS archive(s) mapped at: [0x0000000800000000-0x0000000800bc0000-0x0000000800bc0000), size 12320768, SharedBaseAddress: 0x0000000800000000, ArchiveRelocationMode: 0.
Compressed class space mapped at: 0x0000000800c00000-0x0000000840c00000, reserved size: 1073741824
Narrow klass base: 0x0000000800000000, Narrow klass shift: 0, Narrow klass range: 0x100000000

GC Precious Log:
 CPUs: 8 total, 8 available
 Memory: 16242M
 Large Page Support: Disabled
 NUMA Support: Disabled
 Compressed Oops: Enabled (Zero based)
 Heap Region Size: 2M
 Heap Min Capacity: 8M
 Heap Initial Capacity: 254M
 Heap Max Capacity: 4062M
 Pre-touch: Disabled
 Parallel Workers: 8
 Concurrent Workers: 2
 Concurrent Refinement Workers: 8
 Periodic GC: Disabled

Heap:
 garbage-first heap   total 260096K, used 17432K [0x0000000702200000, 0x0000000800000000)
  region size 2048K, 6 young (12288K), 1 survivors (2048K)
 Metaspace       used 7213K, committed 7360K, reserved 1056768K
  class space    used 851K, committed 960K, reserved 1048576K

Heap Regions: E=young(eden), S=young(survivor), O=old, HS=humongous(starts), HC=humongous(continues), CS=collection set, F=free, OA=open archive, CA=closed archive, TAMS=top-at-mark-start (previous, next)
|   0|0x0000000702200000, 0x0000000702400000, 0x0000000702400000|100%| O|  |TAMS 0x0000000702200000, 0x0000000702200000| Untracked 
|   1|0x0000000702400000, 0x0000000702600000, 0x0000000702600000|100%| O|  |TAMS 0x0000000702400000, 0x0000000702400000| Untracked 
|   2|0x0000000702600000, 0x0000000702800000, 0x0000000702800000|100%| O|  |TAMS 0x0000000702600000, 0x0000000702600000| Untracked 
|   3|0x0000000702800000, 0x0000000702939e00, 0x0000000702a00000| 61%| O|  |TAMS 0x0000000702800000, 0x0000000702800000| Untracked 
|   4|0x0000000702a00000, 0x0000000702a00000, 0x0000000702c00000|  0%| F|  |TAMS 0x0000000702a00000, 0x0000000702a00000| Untracked 
|   5|0x0000000702c00000, 0x0000000702c00000, 0x0000000702e00000|  0%| F|  |TAMS 0x0000000702c00000, 0x0000000702c00000| Untracked 
|   6|0x0000000702e00000, 0x0000000702e00000, 0x0000000703000000|  0%| F|  |TAMS 0x0000000702e00000, 0x0000000702e00000| Untracked 
|   7|0x0000000703000000, 0x0000000703000000, 0x0000000703200000|  0%| F|  |TAMS 0x0000000703000000, 0x0000000703000000| Untracked 
|   8|0x0000000703200000, 0x0000000703200000, 0x0000000703400000|  0%| F|  |TAMS 0x0000000703200000, 0x0000000703200000| Untracked 
|   9|0x0000000703400000, 0x0000000703400000, 0x0000000703600000|  0%| F|  |TAMS 0x0000000703400000, 0x0000000703400000| Untracked 
|  10|0x0000000703600000, 0x0000000703600000, 0x0000000703800000|  0%| F|  |TAMS 0x0000000703600000, 0x0000000703600000| Untracked 
|  11|0x0000000703800000, 0x0000000703800000, 0x0000000703a00000|  0%| F|  |TAMS 0x0000000703800000, 0x0000000703800000| Untracked 
|  12|0x0000000703a00000, 0x0000000703a00000, 0x0000000703c00000|  0%| F|  |TAMS 0x0000000703a00000, 0x0000000703a00000| Untracked 
|  13|0x0000000703c00000, 0x0000000703c00000, 0x0000000703e00000|  0%| F|  |TAMS 0x0000000703c00000, 0x0000000703c00000| Untracked 
|  14|0x0000000703e00000, 0x0000000703e00000, 0x0000000704000000|  0%| F|  |TAMS 0x0000000703e00000, 0x0000000703e00000| Untracked 
|  15|0x0000000704000000, 0x0000000704000000, 0x0000000704200000|  0%| F|  |TAMS 0x0000000704000000, 0x0000000704000000| Untracked 
|  16|0x0000000704200000, 0x0000000704200000, 0x0000000704400000|  0%| F|  |TAMS 0x0000000704200000, 0x0000000704200000| Untracked 
|  17|0x0000000704400000, 0x0000000704400000, 0x0000000704600000|  0%| F|  |TAMS 0x0000000704400000, 0x0000000704400000| Untracked 
|  18|0x0000000704600000, 0x0000000704600000, 0x0000000704800000|  0%| F|  |TAMS 0x0000000704600000, 0x0000000704600000| Untracked 
|  19|0x0000000704800000, 0x0000000704800000, 0x0000000704a00000|  0%| F|  |TAMS 0x0000000704800000, 0x0000000704800000| Untracked 
|  20|0x0000000704a00000, 0x0000000704a00000, 0x0000000704c00000|  0%| F|  |TAMS 0x0000000704a00000, 0x0000000704a00000| Untracked 
|  21|0x0000000704c00000, 0x0000000704c00000, 0x0000000704e00000|  0%| F|  |TAMS 0x0000000704c00000, 0x0000000704c00000| Untracked 
|  22|0x0000000704e00000, 0x0000000704e00000, 0x0000000705000000|  0%| F|  |TAMS 0x0000000704e00000, 0x0000000704e00000| Untracked 
|  23|0x0000000705000000, 0x0000000705000000, 0x0000000705200000|  0%| F|  |TAMS 0x0000000705000000, 0x0000000705000000| Untracked 
|  24|0x0000000705200000, 0x0000000705200000, 0x0000000705400000|  0%| F|  |TAMS 0x0000000705200000, 0x0000000705200000| Untracked 
|  25|0x0000000705400000, 0x0000000705400000, 0x0000000705600000|  0%| F|  |TAMS 0x0000000705400000, 0x0000000705400000| Untracked 
|  26|0x0000000705600000, 0x0000000705600000, 0x0000000705800000|  0%| F|  |TAMS 0x0000000705600000, 0x0000000705600000| Untracked 
|  27|0x0000000705800000, 0x0000000705800000, 0x0000000705a00000|  0%| F|  |TAMS 0x0000000705800000, 0x0000000705800000| Untracked 
|  28|0x0000000705a00000, 0x0000000705a00000, 0x0000000705c00000|  0%| F|  |TAMS 0x0000000705a00000, 0x0000000705a00000| Untracked 
|  29|0x0000000705c00000, 0x0000000705c00000, 0x0000000705e00000|  0%| F|  |TAMS 0x0000000705c00000, 0x0000000705c00000| Untracked 
|  30|0x0000000705e00000, 0x0000000705e00000, 0x0000000706000000|  0%| F|  |TAMS 0x0000000705e00000, 0x0000000705e00000| Untracked 
|  31|0x0000000706000000, 0x0000000706000000, 0x0000000706200000|  0%| F|  |TAMS 0x0000000706000000, 0x0000000706000000| Untracked 
|  32|0x0000000706200000, 0x0000000706200000, 0x0000000706400000|  0%| F|  |TAMS 0x0000000706200000, 0x0000000706200000| Untracked 
|  33|0x0000000706400000, 0x0000000706400000, 0x0000000706600000|  0%| F|  |TAMS 0x0000000706400000, 0x0000000706400000| Untracked 
|  34|0x0000000706600000, 0x0000000706600000, 0x0000000706800000|  0%| F|  |TAMS 0x0000000706600000, 0x0000000706600000| Untracked 
|  35|0x0000000706800000, 0x0000000706800000, 0x0000000706a00000|  0%| F|  |TAMS 0x0000000706800000, 0x0000000706800000| Untracked 
|  36|0x0000000706a00000, 0x0000000706a00000, 0x0000000706c00000|  0%| F|  |TAMS 0x0000000706a00000, 0x0000000706a00000| Untracked 
|  37|0x0000000706c00000, 0x0000000706c00000, 0x0000000706e00000|  0%| F|  |TAMS 0x0000000706c00000, 0x0000000706c00000| Untracked 
|  38|0x0000000706e00000, 0x0000000706e00000, 0x0000000707000000|  0%| F|  |TAMS 0x0000000706e00000, 0x0000000706e00000| Untracked 
|  39|0x0000000707000000, 0x0000000707000000, 0x0000000707200000|  0%| F|  |TAMS 0x0000000707000000, 0x0000000707000000| Untracked 
|  40|0x0000000707200000, 0x0000000707200000, 0x0000000707400000|  0%| F|  |TAMS 0x0000000707200000, 0x0000000707200000| Untracked 
|  41|0x0000000707400000, 0x0000000707400000, 0x0000000707600000|  0%| F|  |TAMS 0x0000000707400000, 0x0000000707400000| Untracked 
|  42|0x0000000707600000, 0x0000000707600000, 0x0000000707800000|  0%| F|  |TAMS 0x0000000707600000, 0x0000000707600000| Untracked 
|  43|0x0000000707800000, 0x0000000707800000, 0x0000000707a00000|  0%| F|  |TAMS 0x0000000707800000, 0x0000000707800000| Untracked 
|  44|0x0000000707a00000, 0x0000000707a00000, 0x0000000707c00000|  0%| F|  |TAMS 0x0000000707a00000, 0x0000000707a00000| Untracked 
|  45|0x0000000707c00000, 0x0000000707c00000, 0x0000000707e00000|  0%| F|  |TAMS 0x0000000707c00000, 0x0000000707c00000| Untracked 
|  46|0x0000000707e00000, 0x0000000707e00000, 0x0000000708000000|  0%| F|  |TAMS 0x0000000707e00000, 0x0000000707e00000| Untracked 
|  47|0x0000000708000000, 0x0000000708000000, 0x0000000708200000|  0%| F|  |TAMS 0x0000000708000000, 0x0000000708000000| Untracked 
|  48|0x0000000708200000, 0x0000000708200000, 0x0000000708400000|  0%| F|  |TAMS 0x0000000708200000, 0x0000000708200000| Untracked 
|  49|0x0000000708400000, 0x0000000708400000, 0x0000000708600000|  0%| F|  |TAMS 0x0000000708400000, 0x0000000708400000| Untracked 
|  50|0x0000000708600000, 0x0000000708600000, 0x0000000708800000|  0%| F|  |TAMS 0x0000000708600000, 0x0000000708600000| Untracked 
|  51|0x0000000708800000, 0x0000000708800000, 0x0000000708a00000|  0%| F|  |TAMS 0x0000000708800000, 0x0000000708800000| Untracked 
|  52|0x0000000708a00000, 0x0000000708a00000, 0x0000000708c00000|  0%| F|  |TAMS 0x0000000708a00000, 0x0000000708a00000| Untracked 
|  53|0x0000000708c00000, 0x0000000708c00000, 0x0000000708e00000|  0%| F|  |TAMS 0x0000000708c00000, 0x0000000708c00000| Untracked 
|  54|0x0000000708e00000, 0x0000000708e00000, 0x0000000709000000|  0%| F|  |TAMS 0x0000000708e00000, 0x0000000708e00000| Untracked 
|  55|0x0000000709000000, 0x0000000709000000, 0x0000000709200000|  0%| F|  |TAMS 0x0000000709000000, 0x0000000709000000| Untracked 
|  56|0x0000000709200000, 0x0000000709200000, 0x0000000709400000|  0%| F|  |TAMS 0x0000000709200000, 0x0000000709200000| Untracked 
|  57|0x0000000709400000, 0x0000000709400000, 0x0000000709600000|  0%| F|  |TAMS 0x0000000709400000, 0x0000000709400000| Untracked 
|  58|0x0000000709600000, 0x0000000709600000, 0x0000000709800000|  0%| F|  |TAMS 0x0000000709600000, 0x0000000709600000| Untracked 
|  59|0x0000000709800000, 0x0000000709800000, 0x0000000709a00000|  0%| F|  |TAMS 0x0000000709800000, 0x0000000709800000| Untracked 
|  60|0x0000000709a00000, 0x0000000709a00000, 0x0000000709c00000|  0%| F|  |TAMS 0x0000000709a00000, 0x0000000709a00000| Untracked 
|  61|0x0000000709c00000, 0x0000000709c00000, 0x0000000709e00000|  0%| F|  |TAMS 0x0000000709c00000, 0x0000000709c00000| Untracked 
|  62|0x0000000709e00000, 0x0000000709e00000, 0x000000070a000000|  0%| F|  |TAMS 0x0000000709e00000, 0x0000000709e00000| Untracked 
|  63|0x000000070a000000, 0x000000070a000000, 0x000000070a200000|  0%| F|  |TAMS 0x000000070a000000, 0x000000070a000000| Untracked 
|  64|0x000000070a200000, 0x000000070a200000, 0x000000070a400000|  0%| F|  |TAMS 0x000000070a200000, 0x000000070a200000| Untracked 
|  65|0x000000070a400000, 0x000000070a400000, 0x000000070a600000|  0%| F|  |TAMS 0x000000070a400000, 0x000000070a400000| Untracked 
|  66|0x000000070a600000, 0x000000070a600000, 0x000000070a800000|  0%| F|  |TAMS 0x000000070a600000, 0x000000070a600000| Untracked 
|  67|0x000000070a800000, 0x000000070a800000, 0x000000070aa00000|  0%| F|  |TAMS 0x000000070a800000, 0x000000070a800000| Untracked 
|  68|0x000000070aa00000, 0x000000070aa00000, 0x000000070ac00000|  0%| F|  |TAMS 0x000000070aa00000, 0x000000070aa00000| Untracked 
|  69|0x000000070ac00000, 0x000000070ac00000, 0x000000070ae00000|  0%| F|  |TAMS 0x000000070ac00000, 0x000000070ac00000| Untracked 
|  70|0x000000070ae00000, 0x000000070ae00000, 0x000000070b000000|  0%| F|  |TAMS 0x000000070ae00000, 0x000000070ae00000| Untracked 
|  71|0x000000070b000000, 0x000000070b000000, 0x000000070b200000|  0%| F|  |TAMS 0x000000070b000000, 0x000000070b000000| Untracked 
|  72|0x000000070b200000, 0x000000070b200000, 0x000000070b400000|  0%| F|  |TAMS 0x000000070b200000, 0x000000070b200000| Untracked 
|  73|0x000000070b400000, 0x000000070b400000, 0x000000070b600000|  0%| F|  |TAMS 0x000000070b400000, 0x000000070b400000| Untracked 
|  74|0x000000070b600000, 0x000000070b600000, 0x000000070b800000|  0%| F|  |TAMS 0x000000070b600000, 0x000000070b600000| Untracked 
|  75|0x000000070b800000, 0x000000070b800000, 0x000000070ba00000|  0%| F|  |TAMS 0x000000070b800000, 0x000000070b800000| Untracked 
|  76|0x000000070ba00000, 0x000000070ba00000, 0x000000070bc00000|  0%| F|  |TAMS 0x000000070ba00000, 0x000000070ba00000| Untracked 
|  77|0x000000070bc00000, 0x000000070bc00000, 0x000000070be00000|  0%| F|  |TAMS 0x000000070bc00000, 0x000000070bc00000| Untracked 
|  78|0x000000070be00000, 0x000000070be00000, 0x000000070c000000|  0%| F|  |TAMS 0x000000070be00000, 0x000000070be00000| Untracked 
|  79|0x000000070c000000, 0x000000070c000000, 0x000000070c200000|  0%| F|  |TAMS 0x000000070c000000, 0x000000070c000000| Untracked 
|  80|0x000000070c200000, 0x000000070c200000, 0x000000070c400000|  0%| F|  |TAMS 0x000000070c200000, 0x000000070c200000| Untracked 
|  81|0x000000070c400000, 0x000000070c400000, 0x000000070c600000|  0%| F|  |TAMS 0x000000070c400000, 0x000000070c400000| Untracked 
|  82|0x000000070c600000, 0x000000070c600000, 0x000000070c800000|  0%| F|  |TAMS 0x000000070c600000, 0x000000070c600000| Untracked 
|  83|0x000000070c800000, 0x000000070c800000, 0x000000070ca00000|  0%| F|  |TAMS 0x000000070c800000, 0x000000070c800000| Untracked 
|  84|0x000000070ca00000, 0x000000070ca00000, 0x000000070cc00000|  0%| F|  |TAMS 0x000000070ca00000, 0x000000070ca00000| Untracked 
|  85|0x000000070cc00000, 0x000000070cc00000, 0x000000070ce00000|  0%| F|  |TAMS 0x000000070cc00000, 0x000000070cc00000| Untracked 
|  86|0x000000070ce00000, 0x000000070ce00000, 0x000000070d000000|  0%| F|  |TAMS 0x000000070ce00000, 0x000000070ce00000| Untracked 
|  87|0x000000070d000000, 0x000000070d000000, 0x000000070d200000|  0%| F|  |TAMS 0x000000070d000000, 0x000000070d000000| Untracked 
|  88|0x000000070d200000, 0x000000070d200000, 0x000000070d400000|  0%| F|  |TAMS 0x000000070d200000, 0x000000070d200000| Untracked 
|  89|0x000000070d400000, 0x000000070d400000, 0x000000070d600000|  0%| F|  |TAMS 0x000000070d400000, 0x000000070d400000| Untracked 
|  90|0x000000070d600000, 0x000000070d600000, 0x000000070d800000|  0%| F|  |TAMS 0x000000070d600000, 0x000000070d600000| Untracked 
|  91|0x000000070d800000, 0x000000070d800000, 0x000000070da00000|  0%| F|  |TAMS 0x000000070d800000, 0x000000070d800000| Untracked 
|  92|0x000000070da00000, 0x000000070da00000, 0x000000070dc00000|  0%| F|  |TAMS 0x000000070da00000, 0x000000070da00000| Untracked 
|  93|0x000000070dc00000, 0x000000070dc00000, 0x000000070de00000|  0%| F|  |TAMS 0x000000070dc00000, 0x000000070dc00000| Untracked 
|  94|0x000000070de00000, 0x000000070de00000, 0x000000070e000000|  0%| F|  |TAMS 0x000000070de00000, 0x000000070de00000| Untracked 
|  95|0x000000070e000000, 0x000000070e000000, 0x000000070e200000|  0%| F|  |TAMS 0x000000070e000000, 0x000000070e000000| Untracked 
|  96|0x000000070e200000, 0x000000070e200000, 0x000000070e400000|  0%| F|  |TAMS 0x000000070e200000, 0x000000070e200000| Untracked 
|  97|0x000000070e400000, 0x000000070e400000, 0x000000070e600000|  0%| F|  |TAMS 0x000000070e400000, 0x000000070e400000| Untracked 
|  98|0x000000070e600000, 0x000000070e600000, 0x000000070e800000|  0%| F|  |TAMS 0x000000070e600000, 0x000000070e600000| Untracked 
|  99|0x000000070e800000, 0x000000070e800000, 0x000000070ea00000|  0%| F|  |TAMS 0x000000070e800000, 0x000000070e800000| Untracked 
| 100|0x000000070ea00000, 0x000000070ea00000, 0x000000070ec00000|  0%| F|  |TAMS 0x000000070ea00000, 0x000000070ea00000| Untracked 
| 101|0x000000070ec00000, 0x000000070ec00000, 0x000000070ee00000|  0%| F|  |TAMS 0x000000070ec00000, 0x000000070ec00000| Untracked 
| 102|0x000000070ee00000, 0x000000070ee00000, 0x000000070f000000|  0%| F|  |TAMS 0x000000070ee00000, 0x000000070ee00000| Untracked 
| 103|0x000000070f000000, 0x000000070f000000, 0x000000070f200000|  0%| F|  |TAMS 0x000000070f000000, 0x000000070f000000| Untracked 
| 104|0x000000070f200000, 0x000000070f200000, 0x000000070f400000|  0%| F|  |TAMS 0x000000070f200000, 0x000000070f200000| Untracked 
| 105|0x000000070f400000, 0x000000070f400000, 0x000000070f600000|  0%| F|  |TAMS 0x000000070f400000, 0x000000070f400000| Untracked 
| 106|0x000000070f600000, 0x000000070f600000, 0x000000070f800000|  0%| F|  |TAMS 0x000000070f600000, 0x000000070f600000| Untracked 
| 107|0x000000070f800000, 0x000000070f800000, 0x000000070fa00000|  0%| F|  |TAMS 0x000000070f800000, 0x000000070f800000| Untracked 
| 108|0x000000070fa00000, 0x000000070fa00000, 0x000000070fc00000|  0%| F|  |TAMS 0x000000070fa00000, 0x000000070fa00000| Untracked 
| 109|0x000000070fc00000, 0x000000070fc00000, 0x000000070fe00000|  0%| F|  |TAMS 0x000000070fc00000, 0x000000070fc00000| Untracked 
| 110|0x000000070fe00000, 0x000000070fe00000, 0x0000000710000000|  0%| F|  |TAMS 0x000000070fe00000, 0x000000070fe00000| Untracked 
| 111|0x0000000710000000, 0x0000000710000000, 0x0000000710200000|  0%| F|  |TAMS 0x0000000710000000, 0x0000000710000000| Untracked 
| 112|0x0000000710200000, 0x0000000710200000, 0x0000000710400000|  0%| F|  |TAMS 0x0000000710200000, 0x0000000710200000| Untracked 
| 113|0x0000000710400000, 0x00000007105cc3a0, 0x0000000710600000| 89%| S|CS|TAMS 0x0000000710400000, 0x0000000710400000| Complete 
| 114|0x0000000710600000, 0x0000000710600000, 0x0000000710800000|  0%| F|  |TAMS 0x0000000710600000, 0x0000000710600000| Untracked 
| 115|0x0000000710800000, 0x0000000710800000, 0x0000000710a00000|  0%| F|  |TAMS 0x0000000710800000, 0x0000000710800000| Untracked 
| 116|0x0000000710a00000, 0x0000000710a00000, 0x0000000710c00000|  0%| F|  |TAMS 0x0000000710a00000, 0x0000000710a00000| Untracked 
| 117|0x0000000710c00000, 0x0000000710c00000, 0x0000000710e00000|  0%| F|  |TAMS 0x0000000710c00000, 0x0000000710c00000| Untracked 
| 118|0x0000000710e00000, 0x0000000710e00000, 0x0000000711000000|  0%| F|  |TAMS 0x0000000710e00000, 0x0000000710e00000| Untracked 
| 119|0x0000000711000000, 0x0000000711000000, 0x0000000711200000|  0%| F|  |TAMS 0x0000000711000000, 0x0000000711000000| Untracked 
| 120|0x0000000711200000, 0x0000000711200000, 0x0000000711400000|  0%| F|  |TAMS 0x0000000711200000, 0x0000000711200000| Untracked 
| 121|0x0000000711400000, 0x0000000711400000, 0x0000000711600000|  0%| F|  |TAMS 0x0000000711400000, 0x0000000711400000| Untracked 
| 122|0x0000000711600000, 0x0000000711700820, 0x0000000711800000| 50%| E|  |TAMS 0x0000000711600000, 0x0000000711600000| Complete 
| 123|0x0000000711800000, 0x0000000711a00000, 0x0000000711a00000|100%| E|CS|TAMS 0x0000000711800000, 0x0000000711800000| Complete 
| 124|0x0000000711a00000, 0x0000000711c00000, 0x0000000711c00000|100%| E|CS|TAMS 0x0000000711a00000, 0x0000000711a00000| Complete 
| 125|0x0000000711c00000, 0x0000000711e00000, 0x0000000711e00000|100%| E|CS|TAMS 0x0000000711c00000, 0x0000000711c00000| Complete 
| 126|0x0000000711e00000, 0x0000000712000000, 0x0000000712000000|100%| E|CS|TAMS 0x0000000711e00000, 0x0000000711e00000| Complete 

Card table byte_map: [0x000001f62a7a0000,0x000001f62af90000] _byte_map_base: 0x000001f626f8f000

Marking Bits (Prev, Next): (CMBitMap*) 0x000001f61f6cc510, (CMBitMap*) 0x000001f61f6cc550
 Prev Bits: [0x000001f62b780000, 0x000001f62f6f8000)
 Next Bits: [0x000001f62f700000, 0x000001f633678000)

Polling page: 0x000001f61d680000

Metaspace:

Usage:
  Non-class:      6.21 MB used.
      Class:    851.88 KB used.
       Both:      7.04 MB used.

Virtual space:
  Non-class space:        8.00 MB reserved,       6.25 MB ( 78%) committed,  1 nodes.
      Class space:        1.00 GB reserved,     960.00 KB ( <1%) committed,  1 nodes.
             Both:        1.01 GB reserved,       7.19 MB ( <1%) committed. 

Chunk freelists:
   Non-Class:  1.38 MB
       Class:  3.05 MB
        Both:  4.42 MB

MaxMetaspaceSize: unlimited
CompressedClassSpaceSize: 1.00 GB
Initial GC threshold: 21.00 MB
Current GC threshold: 21.00 MB
CDS: on
MetaspaceReclaimPolicy: balanced
 - commit_granule_bytes: 65536.
 - commit_granule_words: 8192.
 - virtual_space_node_default_size: 1048576.
 - enlarge_chunks_in_place: 1.
 - new_chunks_are_fully_committed: 0.
 - uncommit_free_chunks: 1.
 - use_allocation_guard: 0.
 - handle_deallocations: 1.


Internal statistics:

num_allocs_failed_limit: 0.
num_arena_births: 102.
num_arena_deaths: 0.
num_vsnodes_births: 2.
num_vsnodes_deaths: 0.
num_space_committed: 115.
num_space_uncommitted: 0.
num_chunks_returned_to_freelist: 0.
num_chunks_taken_from_freelist: 201.
num_chunk_merges: 0.
num_chunk_splits: 131.
num_chunks_enlarged: 88.
num_purges: 0.
num_inconsistent_stats: 0.

CodeCache: size=49152Kb used=5288Kb max_used=5288Kb free=43863Kb
 bounds [0x000001f626ea0000, 0x000001f6273d0000, 0x000001f629ea0000]
 total_blobs=2008 nmethods=1543 adapters=390
 compilation: enabled
              stopped_count=0, restarted_count=0
 full_count=0

Compilation events (20 events):
Event: 0.804 Thread 0x000001f636ddf4e0 nmethod 1534 0x000001f6273c5410 code [0x000001f6273c55a0, 0x000001f6273c5698]
Event: 0.804 Thread 0x000001f636ddf4e0 1535       1       jdk.internal.org.objectweb.asm.Label::getCanonicalInstance (19 bytes)
Event: 0.804 Thread 0x000001f636ddf4e0 nmethod 1535 0x000001f6273c5790 code [0x000001f6273c5920, 0x000001f6273c5a18]
Event: 0.804 Thread 0x000001f636ddf4e0 1536       1       jdk.internal.org.objectweb.asm.MethodWriter::visitFieldInsn (258 bytes)
Event: 0.804 Thread 0x000001f636cfdd30 1537       1       jdk.internal.org.objectweb.asm.SymbolTable::addConstantFieldref (10 bytes)
Event: 0.804 Thread 0x000001f636d00250 nmethod 1530 0x000001f6273c5a90 code [0x000001f6273c5dc0, 0x000001f6273c70c8]
Event: 0.804 Thread 0x000001f636cfdd30 nmethod 1537 0x000001f6273c7a90 code [0x000001f6273c7c20, 0x000001f6273c7d08]
Event: 0.805 Thread 0x000001f636ddf4e0 nmethod 1536 0x000001f6273c7d90 code [0x000001f6273c7f80, 0x000001f6273c8428]
Event: 0.806 Thread 0x000001f636ddf4e0 1538       1       java.lang.invoke.TypeConvertingMethodAdapter::cast (42 bytes)
Event: 0.806 Thread 0x000001f636ddf4e0 nmethod 1538 0x000001f6273c8790 code [0x000001f6273c8960, 0x000001f6273c8b28]
Event: 0.806 Thread 0x000001f636ddf4e0 1539       1       java.lang.invoke.MemberName::hashCode (43 bytes)
Event: 0.806 Thread 0x000001f636180ac0 1540       1       java.lang.Byte::<init> (10 bytes)
Event: 0.806 Thread 0x000001f636d00250 1542       1       java.lang.Byte::hashCode (8 bytes)
Event: 0.806 Thread 0x000001f636cfdd30 1541       1       java.util.Objects::hash (5 bytes)
Event: 0.806 Thread 0x000001f636d00250 nmethod 1542 0x000001f6273c8c90 code [0x000001f6273c8e20, 0x000001f6273c8ef8]
Event: 0.807 Thread 0x000001f636d00250 1543       1       java.lang.Byte::hashCode (2 bytes)
Event: 0.807 Thread 0x000001f636180ac0 nmethod 1540 0x000001f6273c8f90 code [0x000001f6273c9120, 0x000001f6273c91f8]
Event: 0.807 Thread 0x000001f636cfdd30 nmethod 1541 0x000001f6273c9290 code [0x000001f6273c9420, 0x000001f6273c94e8]
Event: 0.807 Thread 0x000001f636d00250 nmethod 1543 0x000001f6273c9590 code [0x000001f6273c9720, 0x000001f6273c97d8]
Event: 0.807 Thread 0x000001f636ddf4e0 nmethod 1539 0x000001f6273c9890 code [0x000001f6273c9a60, 0x000001f6273ca048]

GC Heap History (4 events):
Event: 0.564 GC heap before
{Heap before GC invocations=0 (full 0):
 garbage-first heap   total 260096K, used 20480K [0x0000000702200000, 0x0000000800000000)
  region size 2048K, 11 young (22528K), 0 survivors (0K)
 Metaspace       used 5214K, committed 5376K, reserved 1056768K
  class space    used 591K, committed 704K, reserved 1048576K
}
Event: 0.570 GC heap after
{Heap after GC invocations=1 (full 0):
 garbage-first heap   total 260096K, used 7449K [0x0000000702200000, 0x0000000800000000)
  region size 2048K, 2 young (4096K), 2 survivors (4096K)
 Metaspace       used 5214K, committed 5376K, reserved 1056768K
  class space    used 591K, committed 704K, reserved 1048576K
}
Event: 0.748 GC heap before
{Heap before GC invocations=1 (full 0):
 garbage-first heap   total 260096K, used 29977K [0x0000000702200000, 0x0000000800000000)
  region size 2048K, 13 young (26624K), 2 survivors (4096K)
 Metaspace       used 6703K, committed 6912K, reserved 1056768K
  class space    used 780K, committed 896K, reserved 1048576K
}
Event: 0.752 GC heap after
{Heap after GC invocations=2 (full 0):
 garbage-first heap   total 260096K, used 9240K [0x0000000702200000, 0x0000000800000000)
  region size 2048K, 1 young (2048K), 1 survivors (2048K)
 Metaspace       used 6703K, committed 6912K, reserved 1056768K
  class space    used 780K, committed 896K, reserved 1048576K
}

Deoptimization events (8 events):
Event: 0.537 Thread 0x000001f61f6a9a30 DEOPT PACKING pc=0x000001f6272bb601 sp=0x00000010214fbd10
Event: 0.537 Thread 0x000001f61f6a9a30 DEOPT UNPACKING pc=0x000001f626ef2b43 sp=0x00000010214fb180 mode 3
Event: 0.574 Thread 0x000001f61f6a9a30 DEOPT PACKING pc=0x000001f6272ec2d4 sp=0x00000010214f9e80
Event: 0.574 Thread 0x000001f61f6a9a30 DEOPT UNPACKING pc=0x000001f626ef2b43 sp=0x00000010214f9318 mode 3
Event: 0.589 Thread 0x000001f61f6a9a30 DEOPT PACKING pc=0x000001f62730b3f9 sp=0x00000010214fa300
Event: 0.589 Thread 0x000001f61f6a9a30 DEOPT UNPACKING pc=0x000001f626ef2b43 sp=0x00000010214f97e0 mode 3
Event: 0.747 Thread 0x000001f61f6a9a30 DEOPT PACKING pc=0x000001f627230301 sp=0x00000010214fd050
Event: 0.747 Thread 0x000001f61f6a9a30 DEOPT UNPACKING pc=0x000001f626ef2b43 sp=0x00000010214fc4a8 mode 3

Classes unloaded (0 events):
No events

Classes redefined (0 events):
No events

Internal exceptions (18 events):
Event: 0.292 Thread 0x000001f61f6a9a30 Exception <a 'java/lang/NoSuchMethodError'{0x0000000711509b68}: 'java.lang.Object java.lang.invoke.DirectMethodHandle$Holder.invokeStaticInit(java.lang.Object)'> (0x0000000711509b68) 
thrown [t:\workspace\open\src\hotspot\share\interpreter\linkResolver.cpp, line 766]
Event: 0.311 Thread 0x000001f61f6a9a30 Exception <a 'java/lang/NoSuchMethodError'{0x00000007115b3b10}: 'int java.lang.invoke.DirectMethodHandle$Holder.invokeInterface(java.lang.Object, java.lang.Object)'> (0x00000007115b3b10) 
thrown [t:\workspace\open\src\hotspot\share\interpreter\linkResolver.cpp, line 766]
Event: 0.312 Thread 0x000001f61f6a9a30 Exception <a 'java/lang/IncompatibleClassChangeError'{0x00000007115b7110}: Found class java.lang.Object, but interface was expected> (0x00000007115b7110) 
thrown [t:\workspace\open\src\hotspot\share\interpreter\linkResolver.cpp, line 833]
Event: 0.313 Thread 0x000001f61f6a9a30 Exception <a 'java/lang/NoSuchMethodError'{0x00000007115bd4a0}: 'void java.lang.invoke.DirectMethodHandle$Holder.invokeStatic(java.lang.Object, java.lang.Object)'> (0x00000007115bd4a0) 
thrown [t:\workspace\open\src\hotspot\share\interpreter\linkResolver.cpp, line 766]
Event: 0.361 Thread 0x000001f61f6a9a30 Exception <a 'java/lang/NoSuchMethodError'{0x00000007113396a8}: 'int java.lang.invoke.DirectMethodHandle$Holder.invokeSpecial(java.lang.Object, java.lang.Object, java.lang.Object)'> (0x00000007113396a8) 
thrown [t:\workspace\open\src\hotspot\share\interpreter\linkResolver.cpp, line 766]
Event: 0.401 Thread 0x000001f61f6a9a30 Exception <a 'java/lang/NoSuchMethodError'{0x00000007110d49f0}: 'void java.lang.invoke.DirectMethodHandle$Holder.invokeStatic(java.lang.Object, java.lang.Object, java.lang.Object)'> (0x00000007110d49f0) 
thrown [t:\workspace\open\src\hotspot\share\interpreter\linkResolver.cpp, line 766]
Event: 0.411 Thread 0x000001f61f6a9a30 Exception <a 'java/lang/NoSuchMethodError'{0x0000000711138ca8}: 'int java.lang.invoke.DirectMethodHandle$Holder.invokeSpecialIFC(java.lang.Object, java.lang.Object, java.lang.Object)'> (0x0000000711138ca8) 
thrown [t:\workspace\open\src\hotspot\share\interpreter\linkResolver.cpp, line 766]
Event: 0.429 Thread 0x000001f61f6a9a30 Exception <a 'java/lang/NoSuchMethodError'{0x0000000710e17958}: 'java.lang.Object java.lang.invoke.DirectMethodHandle$Holder.invokeStaticInit(java.lang.Object, int, int, int, int)'> (0x0000000710e17958) 
thrown [t:\workspace\open\src\hotspot\share\interpreter\linkResolver.cpp, line 766]
Event: 0.488 Thread 0x000001f61f6a9a30 Exception <a 'java/lang/NoSuchMethodError'{0x0000000710f1ac68}: 'java.lang.Object java.lang.invoke.DirectMethodHandle$Holder.invokeStaticInit(java.lang.Object, java.lang.Object, int, int, int, int)'> (0x0000000710f1ac68) 
thrown [t:\workspace\open\src\hotspot\share\interpreter\linkResolver.cpp, line 766]
Event: 0.498 Thread 0x000001f61f6a9a30 Exception <a 'java/lang/ClassNotFoundException'{0x0000000710f5d2c0}: javax/management/remote/rmi/RMIServerImpl_Skel> (0x0000000710f5d2c0) 
thrown [t:\workspace\open\src\hotspot\share\classfile\systemDictionary.cpp, line 256]
Event: 0.623 Thread 0x000001f61f6a9a30 Exception <a 'java/lang/ClassNotFoundException'{0x00000007118a8380}: javax/smartcardio/CardPermission> (0x00000007118a8380) 
thrown [t:\workspace\open\src\hotspot\share\classfile\systemDictionary.cpp, line 256]
Event: 0.625 Thread 0x000001f61f6a9a30 Exception <a 'java/io/FileNotFoundException'{0x00000007118b8ca0}> (0x00000007118b8ca0) 
thrown [t:\workspace\open\src\hotspot\share\prims\jni.cpp, line 516]
Event: 0.694 Thread 0x000001f61f6a9a30 Exception <a 'java/lang/NoSuchMethodError'{0x0000000711033e00}: 'void java.lang.invoke.DirectMethodHandle$Holder.invokeStatic(java.lang.Object, java.lang.Object, java.lang.Object, java.lang.Object)'> (0x0000000711033e00) 
thrown [t:\workspace\open\src\hotspot\share\interpreter\linkResolver.cpp, line 766]
Event: 0.725 Thread 0x000001f61f6a9a30 Exception <a 'java/lang/NoSuchMethodError'{0x0000000710cfa060}: 'int java.lang.invoke.DirectMethodHandle$Holder.invokeStaticInit(java.lang.Object, java.lang.Object)'> (0x0000000710cfa060) 
thrown [t:\workspace\open\src\hotspot\share\interpreter\linkResolver.cpp, line 766]
Event: 0.781 Thread 0x000001f61f6a9a30 Exception <a 'java/lang/NoSuchMethodError'{0x0000000711a802c0}: 'java.lang.Object java.lang.invoke.DirectMethodHandle$Holder.invokeInterface(java.lang.Object, java.lang.Object)'> (0x0000000711a802c0) 
thrown [t:\workspace\open\src\hotspot\share\interpreter\linkResolver.cpp, line 766]
Event: 0.789 Thread 0x000001f61f6a9a30 Exception <a 'java/lang/NoSuchMethodError'{0x0000000711ba8ae0}: 'java.lang.Object java.lang.invoke.DirectMethodHandle$Holder.invokeSpecialIFC(java.lang.Object, java.lang.Object, java.lang.Object, java.lang.Object)'> (0x0000000711ba8ae0) 
thrown [t:\workspace\open\src\hotspot\share\interpreter\linkResolver.cpp, line 766]
Event: 0.791 Thread 0x000001f61f6a9a30 Exception <a 'java/lang/NoSuchMethodError'{0x0000000711bde480}: 'java.lang.Object java.lang.invoke.DirectMethodHandle$Holder.invokeInterface(java.lang.Object, java.lang.Object, java.lang.Object)'> (0x0000000711bde480) 
thrown [t:\workspace\open\src\hotspot\share\interpreter\linkResolver.cpp, line 766]
Event: 0.806 Thread 0x000001f61f6a9a30 Exception <a 'java/lang/NoSuchMethodError'{0x0000000711652540}: 'int java.lang.invoke.DirectMethodHandle$Holder.invokeStaticInit(java.lang.Object, java.lang.Object, java.lang.Object)'> (0x0000000711652540) 
thrown [t:\workspace\open\src\hotspot\share\interpreter\linkResolver.cpp, line 766]

VM Operations (18 events):
Event: 0.140 Executing VM operation: HandshakeAllThreads
Event: 0.140 Executing VM operation: HandshakeAllThreads done
Event: 0.222 Executing VM operation: HandshakeAllThreads
Event: 0.222 Executing VM operation: HandshakeAllThreads done
Event: 0.280 Executing VM operation: HandshakeAllThreads
Event: 0.280 Executing VM operation: HandshakeAllThreads done
Event: 0.420 Executing VM operation: HandshakeAllThreads
Event: 0.420 Executing VM operation: HandshakeAllThreads done
Event: 0.498 Executing VM operation: HandshakeAllThreads
Event: 0.498 Executing VM operation: HandshakeAllThreads done
Event: 0.532 Executing VM operation: HandshakeAllThreads
Event: 0.532 Executing VM operation: HandshakeAllThreads done
Event: 0.564 Executing VM operation: G1CollectForAllocation
Event: 0.570 Executing VM operation: G1CollectForAllocation done
Event: 0.590 Executing VM operation: HandshakeAllThreads
Event: 0.590 Executing VM operation: HandshakeAllThreads done
Event: 0.748 Executing VM operation: G1CollectForAllocation
Event: 0.752 Executing VM operation: G1CollectForAllocation done

Events (20 events):
Event: 0.803 loading class org/apache/logging/log4j/core/impl/Log4jContextFactory
Event: 0.803 loading class org/apache/logging/log4j/core/impl/Log4jContextFactory done
Event: 0.803 loading class org/apache/logging/log4j/core/impl$Log4jContextFactory
Event: 0.803 loading class org/apache/logging/log4j/core/impl$Log4jContextFactory done
Event: 0.803 loading class org/springframework/boot/logging/java/JavaLoggingSystem/Factory
Event: 0.803 loading class org/springframework/boot/logging/java/JavaLoggingSystem/Factory done
Event: 0.803 loading class org/springframework/boot/logging/java/JavaLoggingSystem$Factory
Event: 0.803 loading class org/springframework/boot/logging/java/JavaLoggingSystem$Factory done
Event: 0.805 loading class org/springframework/core/annotation/AttributeMethods
Event: 0.805 loading class org/springframework/core/annotation/AttributeMethods done
Event: 0.806 loading class org/springframework/core/annotation/AttributeMethods
Event: 0.806 loading class org/springframework/core/annotation/AttributeMethods done
Event: 0.806 loading class org/springframework/core/annotation/AttributeMethods
Event: 0.806 loading class org/springframework/core/annotation/AttributeMethods done
Event: 0.807 loading class org/springframework/core/annotation/AnnotationTypeMappings
Event: 0.807 loading class org/springframework/core/annotation/AnnotationTypeMappings done
Event: 0.808 loading class org/springframework/core/annotation/IntrospectionFailureLogger
Event: 0.808 loading class org/springframework/core/annotation/IntrospectionFailureLogger done
Event: 0.808 loading class org/springframework/core/annotation/IntrospectionFailureLogger$1
Event: 0.808 loading class org/springframework/core/annotation/IntrospectionFailureLogger$1 done


Dynamic libraries:
0x00007ff70e910000 - 0x00007ff70e920000 	C:\Program Files\Java\jdk-17\bin\java.exe
0x00007ff999fd0000 - 0x00007ff99a1e4000 	C:\WINDOWS\SYSTEM32\ntdll.dll
0x00007ff998c20000 - 0x00007ff998ce2000 	C:\WINDOWS\System32\KERNEL32.DLL
0x00007ff9973e0000 - 0x00007ff99777c000 	C:\WINDOWS\System32\KERNELBASE.dll
0x00007ff997bf0000 - 0x00007ff997d01000 	C:\WINDOWS\System32\ucrtbase.dll
0x00007ff9734e0000 - 0x00007ff9734f8000 	C:\Program Files\Java\jdk-17\bin\jli.dll
0x00007ff96d400000 - 0x00007ff96d41a000 	C:\Program Files\Java\jdk-17\bin\VCRUNTIME140.dll
0x00007ff9982d0000 - 0x00007ff99837e000 	C:\WINDOWS\System32\ADVAPI32.dll
0x00007ff998b70000 - 0x00007ff998c17000 	C:\WINDOWS\System32\msvcrt.dll
0x00007ff998900000 - 0x00007ff9989a4000 	C:\WINDOWS\System32\sechost.dll
0x00007ff999c20000 - 0x00007ff999d37000 	C:\WINDOWS\System32\RPCRT4.dll
0x00007ff997fc0000 - 0x00007ff99816b000 	C:\WINDOWS\System32\USER32.dll
0x00007ff9978c0000 - 0x00007ff9978e6000 	C:\WINDOWS\System32\win32u.dll
0x00007ff998170000 - 0x00007ff998199000 	C:\WINDOWS\System32\GDI32.dll
0x00007ff997ad0000 - 0x00007ff997be3000 	C:\WINDOWS\System32\gdi32full.dll
0x00007ff979b40000 - 0x00007ff979dce000 	C:\WINDOWS\WinSxS\amd64_microsoft.windows.common-controls_6595b64144ccf1df_6.0.22621.608_none_a9444ca7c10bb01d\COMCTL32.dll
0x00007ff997d10000 - 0x00007ff997daa000 	C:\WINDOWS\System32\msvcp_win.dll
0x00007ff98b540000 - 0x00007ff98b54a000 	C:\WINDOWS\SYSTEM32\VERSION.dll
0x00007ff998380000 - 0x00007ff9983b1000 	C:\WINDOWS\System32\IMM32.DLL
0x00007ff990120000 - 0x00007ff99012c000 	C:\Program Files\Java\jdk-17\bin\vcruntime140_1.dll
0x00007ff95ac80000 - 0x00007ff95ad0d000 	C:\Program Files\Java\jdk-17\bin\msvcp140.dll
0x00007ff931a30000 - 0x00007ff9325ee000 	C:\Program Files\Java\jdk-17\bin\server\jvm.dll
0x00007ff999330000 - 0x00007ff999338000 	C:\WINDOWS\System32\PSAPI.DLL
0x00007ff97e340000 - 0x00007ff97e374000 	C:\WINDOWS\SYSTEM32\WINMM.dll
0x00007ff9827d0000 - 0x00007ff9827d9000 	C:\WINDOWS\SYSTEM32\WSOCK32.dll
0x00007ff9981b0000 - 0x00007ff998221000 	C:\WINDOWS\System32\WS2_32.dll
0x00007ff996520000 - 0x00007ff996538000 	C:\WINDOWS\SYSTEM32\kernel.appcore.dll
0x00007ff9758e0000 - 0x00007ff9758ea000 	C:\Program Files\Java\jdk-17\bin\jimage.dll
0x00007ff991d90000 - 0x00007ff991fbe000 	C:\WINDOWS\SYSTEM32\DBGHELP.DLL
0x00007ff998550000 - 0x00007ff9988d9000 	C:\WINDOWS\System32\combase.dll
0x00007ff9983c0000 - 0x00007ff998497000 	C:\WINDOWS\System32\OLEAUT32.dll
0x00007ff97e380000 - 0x00007ff97e3b2000 	C:\WINDOWS\SYSTEM32\dbgcore.DLL
0x00007ff997780000 - 0x00007ff9977fb000 	C:\WINDOWS\System32\bcryptPrimitives.dll
0x00007ff96dc30000 - 0x00007ff96dc3e000 	C:\Program Files\Java\jdk-17\bin\instrument.dll
0x00007ff95c810000 - 0x00007ff95c835000 	C:\Program Files\Java\jdk-17\bin\java.dll
0x00007ff95c120000 - 0x00007ff95c138000 	C:\Program Files\Java\jdk-17\bin\zip.dll
0x00007ff95aba0000 - 0x00007ff95ac76000 	C:\Program Files\Java\jdk-17\bin\svml.dll
0x00007ff999340000 - 0x00007ff999b30000 	C:\WINDOWS\System32\SHELL32.dll
0x00007ff995290000 - 0x00007ff995b5d000 	C:\WINDOWS\SYSTEM32\windows.storage.dll
0x00007ff995ba0000 - 0x00007ff995cde000 	C:\WINDOWS\SYSTEM32\wintypes.dll
0x00007ff999d40000 - 0x00007ff999e31000 	C:\WINDOWS\System32\SHCORE.dll
0x00007ff997db0000 - 0x00007ff997e0e000 	C:\WINDOWS\System32\shlwapi.dll
0x00007ff997310000 - 0x00007ff997331000 	C:\WINDOWS\SYSTEM32\profapi.dll
0x00007ff95f0c0000 - 0x00007ff95f0d9000 	C:\Program Files\Java\jdk-17\bin\net.dll
0x00007ff98d170000 - 0x00007ff98d2a7000 	C:\WINDOWS\SYSTEM32\WINHTTP.dll
0x00007ff996990000 - 0x00007ff9969f9000 	C:\WINDOWS\system32\mswsock.dll
0x00007ff95c6a0000 - 0x00007ff95c6b5000 	C:\Program Files\Java\jdk-17\bin\nio.dll
0x00007ff996000000 - 0x00007ff9960f3000 	C:\WINDOWS\SYSTEM32\DNSAPI.dll
0x00007ff995f90000 - 0x00007ff995fbd000 	C:\WINDOWS\SYSTEM32\IPHLPAPI.DLL
0x00007ff9982c0000 - 0x00007ff9982c9000 	C:\WINDOWS\System32\NSI.dll
0x0000000063560000 - 0x0000000063569000 	C:\Program Files\National Instruments\Shared\mDNS Responder\nimdnsNSP.dll
0x0000000063550000 - 0x000000006355e000 	C:\WINDOWS\SYSTEM32\nimdnsResponder.dll
0x0000000056da0000 - 0x0000000056e43000 	C:\WINDOWS\WinSxS\amd64_microsoft.vc90.crt_1fc8b3b9a1e18e3b_9.0.30729.9635_none_08e2c157a83ed5da\MSVCR90.dll
0x00007ff985210000 - 0x00007ff98521a000 	C:\Windows\System32\rasadhlp.dll
0x00007ff98c330000 - 0x00007ff98c3b3000 	C:\WINDOWS\System32\fwpuclnt.dll
0x00007ff96d3f0000 - 0x00007ff96d3f9000 	C:\Program Files\Java\jdk-17\bin\management.dll
0x00007ff967880000 - 0x00007ff96788b000 	C:\Program Files\Java\jdk-17\bin\management_ext.dll
0x00007ff996bf0000 - 0x00007ff996c0b000 	C:\WINDOWS\SYSTEM32\CRYPTSP.dll
0x00007ff996490000 - 0x00007ff9964c5000 	C:\WINDOWS\system32\rsaenh.dll
0x00007ff996a90000 - 0x00007ff996ab8000 	C:\WINDOWS\SYSTEM32\USERENV.dll
0x00007ff996db0000 - 0x00007ff996dd8000 	C:\WINDOWS\SYSTEM32\bcrypt.dll
0x00007ff996c10000 - 0x00007ff996c1c000 	C:\WINDOWS\SYSTEM32\CRYPTBASE.dll
0x00007ff98d380000 - 0x00007ff98d399000 	C:\WINDOWS\SYSTEM32\dhcpcsvc6.DLL
0x00007ff98d130000 - 0x00007ff98d14f000 	C:\WINDOWS\SYSTEM32\dhcpcsvc.DLL
0x00007ff979f30000 - 0x00007ff979f47000 	C:\WINDOWS\system32\napinsp.dll
0x00007ff979e20000 - 0x00007ff979e3b000 	C:\WINDOWS\system32\pnrpnsp.dll
0x00007ff979e00000 - 0x00007ff979e11000 	C:\WINDOWS\System32\winrnr.dll
0x00007ff98caf0000 - 0x00007ff98cb05000 	C:\WINDOWS\system32\wshbth.dll
0x00007ff979dd0000 - 0x00007ff979df1000 	C:\WINDOWS\system32\nlansp_c.dll
0x00007ff95a690000 - 0x00007ff95a6aa000 	C:\Program Files\JetBrains\IntelliJ IDEA 2019.2\bin\breakgen64.dll

dbghelp: loaded successfully - version: 4.0.5 - missing functions: none
symbol engine: initialized successfully - sym options: 0x614 - pdb path: .;C:\Program Files\Java\jdk-17\bin;C:\WINDOWS\SYSTEM32;C:\WINDOWS\WinSxS\amd64_microsoft.windows.common-controls_6595b64144ccf1df_6.0.22621.608_none_a9444ca7c10bb01d;C:\Program Files\Java\jdk-17\bin\server;C:\Program Files\National Instruments\Shared\mDNS Responder;C:\WINDOWS\WinSxS\amd64_microsoft.vc90.crt_1fc8b3b9a1e18e3b_9.0.30729.9635_none_08e2c157a83ed5da;C:\Program Files\JetBrains\IntelliJ IDEA 2019.2\bin

VM Arguments:
jvm_args: -javaagent:C:\Users\DELL\.IntelliJIdea2019.2\system\testAgent\intellij-coverage-agent-1.0.508.jar=C:\Users\DELL\AppData\Local\Temp\coverage1args -XX:TieredStopAtLevel=1 -Xverify:none -Dspring.output.ansi.enabled=always -Dcom.sun.management.jmxremote -Dspring.jmx.enabled=true -Dspring.liveBeansView.mbeanDomain -Dspring.application.admin.enabled=true -Didea.launcher.port=64385 -Didea.launcher.bin.path=C:\Program Files\JetBrains\IntelliJ IDEA 2019.2\bin -Dfile.encoding=UTF-8 
java_command: com.intellij.rt.execution.application.AppMainV2 bude.e_commerce1.ECommerce1Application
java_class_path (initial): C:\Users\DELL\Downloads\e_commerce1\target\classes;C:\Users\DELL\.m2\repository\org\springframework\boot\spring-boot-starter-data-jpa\3.0.3\spring-boot-starter-data-jpa-3.0.3.jar;C:\Users\DELL\.m2\repository\org\springframework\boot\spring-boot-starter-aop\3.0.3\spring-boot-starter-aop-3.0.3.jar;C:\Users\DELL\.m2\repository\org\springframework\spring-aop\6.0.5\spring-aop-6.0.5.jar;C:\Users\DELL\.m2\repository\org\aspectj\aspectjweaver\1.9.19\aspectjweaver-1.9.19.jar;C:\Users\DELL\.m2\repository\org\springframework\boot\spring-boot-starter-jdbc\3.0.3\spring-boot-starter-jdbc-3.0.3.jar;C:\Users\DELL\.m2\repository\com\zaxxer\HikariCP\5.0.1\HikariCP-5.0.1.jar;C:\Users\DELL\.m2\repository\org\springframework\spring-jdbc\6.0.5\spring-jdbc-6.0.5.jar;C:\Users\DELL\.m2\repository\org\hibernate\orm\hibernate-core\6.1.7.Final\hibernate-core-6.1.7.Final.jar;C:\Users\DELL\.m2\repository\jakarta\persistence\jakarta.persistence-api\3.1.0\jakarta.persistence-api-3.1.0.jar;C:\Users\DELL\.m2\repository\jakarta\transaction\jakarta.transaction-api\2.0.1\jakarta.transaction-api-2.0.1.jar;C:\Users\DELL\.m2\repository\org\jboss\logging\jboss-logging\3.5.0.Final\jboss-logging-3.5.0.Final.jar;C:\Users\DELL\.m2\repository\org\hibernate\common\hibernate-commons-annotations\6.0.6.Final\hibernate-commons-annotations-6.0.6.Final.jar;C:\Users\DELL\.m2\repository\org\jboss\jandex\2.4.2.Final\jandex-2.4.2.Final.jar;C:\Users\DELL\.m2\repository\com\fasterxml\classmate\1.5.1\classmate-1.5.1.jar;C:\Users\DELL\.m2\repository\net\bytebuddy\byte-buddy\1.12.23\byte-buddy-1.12.23.jar;C:\Users\DELL\.m2\repository\org\glassfish\jaxb\jaxb-runtime\4.0.2\jaxb-runtime-4.0.2.jar;C:\Users\DELL\.m2\repository\org\glassfish\jaxb\jaxb-core\4.0.2\jaxb-core-4.0.2.jar;C:\Users\DELL\.m2\repository\org\eclipse\angus\angus-activation\2.0.0\angus-activation-2.0.0.jar;C:\Users\DELL\.m2\repository\org\glassfish\jaxb\txw2\4.0.2\txw2-4.0.2.jar;C:\Users\DELL\.m2\repository\com\sun\istack\istack-comm
Launcher Type: SUN_STANDARD

[Global flags]
     intx CICompilerCount                          = 4                                         {product} {ergonomic}
     uint ConcGCThreads                            = 2                                         {product} {ergonomic}
     uint G1ConcRefinementThreads                  = 8                                         {product} {ergonomic}
   size_t G1HeapRegionSize                         = 2097152                                   {product} {ergonomic}
    uintx GCDrainStackTargetSize                   = 64                                        {product} {ergonomic}
   size_t InitialHeapSize                          = 266338304                                 {product} {ergonomic}
     bool ManagementServer                         = true                                      {product} {command line}
   size_t MarkStackSize                            = 4194304                                   {product} {ergonomic}
   size_t MaxHeapSize                              = 4259315712                                {product} {ergonomic}
   size_t MaxNewSize                               = 2554331136                                {product} {ergonomic}
   size_t MinHeapDeltaBytes                        = 2097152                                   {product} {ergonomic}
   size_t MinHeapSize                              = 8388608                                   {product} {ergonomic}
    uintx NonProfiledCodeHeapSize                  = 0                                      {pd product} {ergonomic}
     bool ProfileInterpreter                       = false                                  {pd product} {command line}
    uintx ProfiledCodeHeapSize                     = 0                                      {pd product} {ergonomic}
   size_t SoftMaxHeapSize                          = 4259315712                             {manageable} {ergonomic}
     intx TieredStopAtLevel                        = 1                                         {product} {command line}
     bool UseCompressedClassPointers               = true                           {product lp64_product} {ergonomic}
     bool UseCompressedOops                        = true                           {product lp64_product} {ergonomic}
     bool UseG1GC                                  = true                                      {product} {ergonomic}
     bool UseLargePagesIndividualAllocation        = false                                  {pd product} {ergonomic}

Logging:
Log output configuration:
 #0: stdout all=warning uptime,level,tags
 #1: stderr all=off uptime,level,tags

Environment Variables:
PATH=C:\Program Files\Common Files\Oracle\Java\javapath;C:\Program Files (x86)\Common Files\Oracle\Java\javapath;C:\xampp\php;C:\Program Files\MATLAB\R2013a\runtime\win64;C:\Program Files\MATLAB\R2013a\bin;C:\WINDOWS\system32;C:\WINDOWS;C:\WINDOWS\System32\Wbem;C:\WINDOWS\System32\WindowsPowerShell\v1.0\;C:\WINDOWS\System32\OpenSSH\;C:\Program Files\Java\jdk-17\bin;C:\apache-maven-3.9.0-bin\apache-maven-3.9.0\bin;C:\Program Files\nodejs\;C:\Program Files\MySQL\MySQL Shell 8.0\bin\;C:\Users\DELL\AppData\Local\Microsoft\WindowsApps;C:\Users\DELL\AppData\Local\Programs\Microsoft VS Code\bin;C:\Program Files\JetBrains\IntelliJ IDEA 2022.2.3\bin;;C:\Users\DELL\.dotnet\tools;C:\Program Files\Java\jdk-17\bin;JAVA_HOME;%MAVEN_HOME%\bin;C:\Program Files\apache-maven-3.9.0\bin;C:\Users\DELL\AppData\Roaming\npm
USERNAME=DELL
OS=Windows_NT
PROCESSOR_IDENTIFIER=Intel64 Family 6 Model 142 Stepping 10, GenuineIntel



---------------  S Y S T E M  ---------------

OS:
 Windows 10 , 64 bit Build 22621 (10.0.22621.1485)
OS uptime: 0 days 0:16 hours

CPU: total 8 (initial active 8) (4 cores per cpu, 2 threads per core) family 6 model 142 stepping 10 microcode 0xe0, cx8, cmov, fxsr, ht, mmx, 3dnowpref, sse, sse2, sse3, ssse3, sse4.1, sse4.2, popcnt, lzcnt, tsc, tscinvbit, avx, avx2, aes, erms, clmul, bmi1, bmi2, rtm, adx, fma, vzeroupper, clflush, clflushopt

Memory: 4k page, system-wide physical 16242M (7853M free)
TotalPageFile size 18674M (AvailPageFile size 8578M)
current process WorkingSet (physical memory assigned to process): 90M, peak: 90M
current process commit charge ("private bytes"): 357M, peak: 357M

vm_info: Java HotSpot(TM) 64-Bit Server VM (17+35-LTS-2724) for windows-amd64 JRE (17+35-LTS-2724), built on Aug  5 2021 23:28:28 by "mach5one" with MS VC++ 16.8 (VS2019)

END.
